    _                _                      
   / \   ___ ___ ___| | ___ _ __ __ _ _   _ 
  / _ \ / __/ __/ _ \ |/ _ \ '__/ _` | | | |
 / ___ \ (_| (_|  __/ |  __/ | | (_| | |_| |
/_/   \_\___\___\___|_|\___|_|  \__, |\__, |
                                |___/ |___/ 

Info: generating outputs according to the following specified output flags... 
 Please use the -f flag to update the preference (default to all output files) 
{'ERT': 1, 'ERT_summary': 1, 'ART': 1, 'ART_summary': 1, 'energy_estimation': 1, 'flattened_arch': 1}
Info: config file located: /home/jianming/.config/accelergy/accelergy_config.yaml 
config file content: 
 {'compound_components': [], 'estimator_plug_ins': ['/home/jianming/Package/conda/envs/lambda/share/accelergy/estimation_plug_ins'], 'primitive_components': ['/home/jianming/Package/conda/envs/lambda/share/accelergy/primitive_component_libs'], 'table_plug_ins': {'roots': ['/home/jianming/Package/conda/envs/lambda/share/accelergy/estimation_plug_ins/accelergy-table-based-plug-ins/set_of_table_templates']}, 'version': 0.3}
Warn: Cannot recognize the top key "mapper" in file ../mapper/mapper_original_timeloop.yaml 
Warn: Cannot recognize the top key "problem" in file ../layer_shapes/mobv3/mobv3_layer62.yaml 
Info: Parsing file ../arch_designs/edge_256.yaml for architecture info 
Info: Found non-numeric expression 45nm. Available bindings: {'technology': '45nm'} 
WARN: Failed to evaluate "45nm". Setting System.Chip.technology="45nm". Available bindings: {'technology': '45nm'}
Info: primitive component file parsed:  /home/jianming/Package/conda/envs/lambda/share/accelergy/primitive_component_libs/soc_primitives.lib.yaml 
Info: primitive component file parsed:  /home/jianming/Package/conda/envs/lambda/share/accelergy/primitive_component_libs/primitive_component.lib.yaml 
Info: primitive component file parsed:  /home/jianming/Package/conda/envs/lambda/share/accelergy/primitive_component_libs/pim_primitive_component.lib.yaml 
Warn: No compound component classes specified, architecture can only contain primitive components 
Info: Found non-numeric expression 5ns. Available bindings: {'depth': 64, 'width': 8, 'block-size': 1, 'word-bits': 8, 'technology': '45nm', 'n_ports': 2, 'latency': '5ns'} 
WARN: Failed to evaluate "5ns". Setting System.Chip.PE.RegisterFile[0..256].latency="5ns". Available bindings: {'depth': 64, 'width': 8, 'block-size': 1, 'word-bits': 8, 'technology': '45nm', 'n_ports': 2, 'latency': '5ns'}
Info: Found non-numeric expression 65nm. Available bindings: {'width': 256, 'block-size': 32, 'word-bits': 8, 'technology': '65nm', 'type': 'LPDDR4'} 
WARN: Failed to evaluate "65nm". Setting System.MainMemory.technology="65nm". Available bindings: {'width': 256, 'block-size': 32, 'word-bits': 8, 'technology': '65nm', 'type': 'LPDDR4'}
Info: Found non-numeric expression LPDDR4. Available bindings: {'width': 256, 'block-size': 32, 'word-bits': 8, 'technology': '65nm', 'type': 'LPDDR4'} 
WARN: Failed to evaluate "LPDDR4". Setting System.MainMemory.type="LPDDR4". Available bindings: {'width': 256, 'block-size': 32, 'word-bits': 8, 'technology': '65nm', 'type': 'LPDDR4'}
Info: Calculated "n_banks" = 1 
Info: estimator plug-in identified by:  /home/jianming/Package/conda/envs/lambda/share/accelergy/estimation_plug_ins/accelergy-table-based-plug-ins/table.estimator.yaml 
table-based-plug-ins Identifies a set of tables named:  test_tables
Info: estimator plug-in identified by:  /home/jianming/Package/conda/envs/lambda/share/accelergy/estimation_plug_ins/dummy_tables/dummy.estimator.yaml 
Info: estimator plug-in identified by:  /home/jianming/Package/conda/envs/lambda/share/accelergy/estimation_plug_ins/accelergy-cacti-plug-in/cacti.estimator.yaml 
Info: estimator plug-in identified by:  /home/jianming/Package/conda/envs/lambda/share/accelergy/estimation_plug_ins/accelergy-aladdin-plug-in/aladdin.estimator.yaml 
Info: CACTI plug-in... Querying CACTI for request:
 {'class_name': 'SRAM', 'attributes': {'depth': 8192, 'width': 256, 'block-size': 32, 'word-bits': 8, 'read_bandwidth': 32, 'write_bandwidth': 32, 'technology': '45nm', 'n_rd_ports': 0, 'n_wr_ports': 0, 'n_rdwr_ports': 1, 'n_banks': 1, 'latency': '5ns'}, 'action_name': 'read', 'arguments': {'data_delta': 0, 'address_delta': 0}}
copy  /home/jianming/Package/conda/envs/lambda/share/accelergy/estimation_plug_ins/accelergy-cacti-plug-in/default_SRAM.cfg  to  /home/jianming/Package/conda/envs/lambda/share/accelergy/estimation_plug_ins/accelergy-cacti-plug-in/cacti/timeloop-mapper.04_27_08_19_38_SRAM.cfg
CACTI plug-in removing temp file:  /home/jianming/Package/conda/envs/lambda/share/accelergy/estimation_plug_ins/accelergy-cacti-plug-in/cacti/timeloop-mapper.04_27_08_19_38_SRAM.cfg
Warn: No action counts are specified as yaml input 
Info: flattened architecture is saved to: ./timeloop-mapper.flattened_architecture.yaml 
Info: energy reference table is saved to: ./timeloop-mapper.ERT.yaml 
Info: energy reference table summary is saved to: ./timeloop-mapper.ERT_summary.yaml 
Warn: no runtime energy estimations are generated... not generating energy_estimation.yaml 
Info: area reference table is saved to: ./timeloop-mapper.ART.yaml 
Info: area reference table summary is saved to: ./timeloop-mapper.ART_summary.yaml 
