 
****************************************
Report : timing
        -path full
        -delay max
        -max_paths 1
Design : lambda_top
Version: U-2022.12-SP5
Date   : Thu Nov 16 02:06:53 2023
****************************************

 # A fanout number of 1000 was used for high fanout net computations.

Operating Conditions: tt0p8v25c   Library: tcbn28hpcplusbwp30p140tt0p8v25c
Wire Load Model Mode: segmented

  Startpoint: LAMBDA_GENVAR_DPE_INST_COL_ITER_15__LAMBDA_GENVAR_DPE_INST_ROW_ITER_0__LAMBDA_PE_OTHER_ROWS/r_mul_iacts_weights_reg_0_
              (rising edge-triggered flip-flop clocked by clk)
  Endpoint: LAMBDA_GENVAR_DPE_INST_COL_ITER_15__LAMBDA_GENVAR_DPE_INST_ROW_ITER_0__LAMBDA_PE_OTHER_ROWS/r_sum_reg_31_
            (rising edge-triggered flip-flop clocked by clk)
  Path Group: clk
  Path Type: max

  Des/Clust/Port     Wire Load Model       Library
  ------------------------------------------------
  afft_2x2_simple_cmd_flow_seq_DATA_WIDTH32_COMMAND_WIDTH2_IN_COMMAND_WIDTH6_6
                     ZeroWireload          tcbn28hpcplusbwp30p140tt0p8v25c
  afft_2x2_simple_cmd_flow_seq_DATA_WIDTH32_COMMAND_WIDTH2_IN_COMMAND_WIDTH6_5
                     ZeroWireload          tcbn28hpcplusbwp30p140tt0p8v25c
  afft_2x2_simple_cmd_flow_seq_DATA_WIDTH32_COMMAND_WIDTH2_IN_COMMAND_WIDTH6_4
                     ZeroWireload          tcbn28hpcplusbwp30p140tt0p8v25c
  afft_2x2_simple_cmd_flow_seq_DATA_WIDTH32_COMMAND_WIDTH2_IN_COMMAND_WIDTH6_3
                     ZeroWireload          tcbn28hpcplusbwp30p140tt0p8v25c
  afft_2x2_simple_cmd_flow_seq_DATA_WIDTH32_COMMAND_WIDTH2_IN_COMMAND_WIDTH6_2
                     ZeroWireload          tcbn28hpcplusbwp30p140tt0p8v25c
  afft_2x2_simple_cmd_flow_seq_DATA_WIDTH32_COMMAND_WIDTH2_IN_COMMAND_WIDTH6_1
                     ZeroWireload          tcbn28hpcplusbwp30p140tt0p8v25c
  afft_2x2_simple_cmd_flow_seq_DATA_WIDTH32_COMMAND_WIDTH2_IN_COMMAND_WIDTH6_0
                     ZeroWireload          tcbn28hpcplusbwp30p140tt0p8v25c
  afft_2x2_simple_cmd_flow_seq_DATA_WIDTH32_COMMAND_WIDTH2_IN_COMMAND_WIDTH8_6
                     ZeroWireload          tcbn28hpcplusbwp30p140tt0p8v25c
  afft_2x2_simple_cmd_flow_seq_DATA_WIDTH32_COMMAND_WIDTH2_IN_COMMAND_WIDTH8_5
                     ZeroWireload          tcbn28hpcplusbwp30p140tt0p8v25c
  afft_2x2_simple_cmd_flow_seq_DATA_WIDTH32_COMMAND_WIDTH2_IN_COMMAND_WIDTH8_4
                     ZeroWireload          tcbn28hpcplusbwp30p140tt0p8v25c
  afft_2x2_simple_cmd_flow_seq_DATA_WIDTH32_COMMAND_WIDTH2_IN_COMMAND_WIDTH8_3
                     ZeroWireload          tcbn28hpcplusbwp30p140tt0p8v25c
  afft_2x2_simple_cmd_flow_seq_DATA_WIDTH32_COMMAND_WIDTH2_IN_COMMAND_WIDTH8_2
                     ZeroWireload          tcbn28hpcplusbwp30p140tt0p8v25c
  afft_2x2_simple_cmd_flow_seq_DATA_WIDTH32_COMMAND_WIDTH2_IN_COMMAND_WIDTH8_1
                     ZeroWireload          tcbn28hpcplusbwp30p140tt0p8v25c
  afft_2x2_simple_cmd_flow_seq_DATA_WIDTH32_COMMAND_WIDTH2_IN_COMMAND_WIDTH8_0
                     ZeroWireload          tcbn28hpcplusbwp30p140tt0p8v25c
  afft_2x2_simple_cmd_flow_seq_DATA_WIDTH32_COMMAND_WIDTH2_IN_COMMAND_WIDTH10_6
                     ZeroWireload          tcbn28hpcplusbwp30p140tt0p8v25c
  afft_2x2_simple_cmd_flow_seq_DATA_WIDTH32_COMMAND_WIDTH2_IN_COMMAND_WIDTH10_5
                     ZeroWireload          tcbn28hpcplusbwp30p140tt0p8v25c
  afft_2x2_simple_cmd_flow_seq_DATA_WIDTH32_COMMAND_WIDTH2_IN_COMMAND_WIDTH10_4
                     ZeroWireload          tcbn28hpcplusbwp30p140tt0p8v25c
  afft_2x2_simple_cmd_flow_seq_DATA_WIDTH32_COMMAND_WIDTH2_IN_COMMAND_WIDTH10_3
                     ZeroWireload          tcbn28hpcplusbwp30p140tt0p8v25c
  afft_2x2_simple_cmd_flow_seq_DATA_WIDTH32_COMMAND_WIDTH2_IN_COMMAND_WIDTH10_2
                     ZeroWireload          tcbn28hpcplusbwp30p140tt0p8v25c
  afft_2x2_simple_cmd_flow_seq_DATA_WIDTH32_COMMAND_WIDTH2_IN_COMMAND_WIDTH10_1
                     ZeroWireload          tcbn28hpcplusbwp30p140tt0p8v25c
  afft_2x2_simple_cmd_flow_seq_DATA_WIDTH32_COMMAND_WIDTH2_IN_COMMAND_WIDTH10_0
                     ZeroWireload          tcbn28hpcplusbwp30p140tt0p8v25c
  afft_2x2_simple_cmd_flow_seq_DATA_WIDTH32_COMMAND_WIDTH2_IN_COMMAND_WIDTH12_6
                     ZeroWireload          tcbn28hpcplusbwp30p140tt0p8v25c
  afft_2x2_simple_cmd_flow_seq_DATA_WIDTH32_COMMAND_WIDTH2_IN_COMMAND_WIDTH12_5
                     ZeroWireload          tcbn28hpcplusbwp30p140tt0p8v25c
  afft_2x2_simple_cmd_flow_seq_DATA_WIDTH32_COMMAND_WIDTH2_IN_COMMAND_WIDTH12_4
                     ZeroWireload          tcbn28hpcplusbwp30p140tt0p8v25c
  afft_2x2_simple_cmd_flow_seq_DATA_WIDTH32_COMMAND_WIDTH2_IN_COMMAND_WIDTH12_3
                     ZeroWireload          tcbn28hpcplusbwp30p140tt0p8v25c
  afft_2x2_simple_cmd_flow_seq_DATA_WIDTH32_COMMAND_WIDTH2_IN_COMMAND_WIDTH12_2
                     ZeroWireload          tcbn28hpcplusbwp30p140tt0p8v25c
  afft_2x2_simple_cmd_flow_seq_DATA_WIDTH32_COMMAND_WIDTH2_IN_COMMAND_WIDTH12_1
                     ZeroWireload          tcbn28hpcplusbwp30p140tt0p8v25c
  afft_2x2_simple_cmd_flow_seq_DATA_WIDTH32_COMMAND_WIDTH2_IN_COMMAND_WIDTH12_0
                     ZeroWireload          tcbn28hpcplusbwp30p140tt0p8v25c
  afft_2x2_simple_cmd_flow_seq_DATA_WIDTH32_COMMAND_WIDTH2_IN_COMMAND_WIDTH14_6
                     ZeroWireload          tcbn28hpcplusbwp30p140tt0p8v25c
  afft_2x2_simple_cmd_flow_seq_DATA_WIDTH32_COMMAND_WIDTH2_IN_COMMAND_WIDTH14_5
                     ZeroWireload          tcbn28hpcplusbwp30p140tt0p8v25c
  afft_2x2_simple_cmd_flow_seq_DATA_WIDTH32_COMMAND_WIDTH2_IN_COMMAND_WIDTH14_4
                     ZeroWireload          tcbn28hpcplusbwp30p140tt0p8v25c
  afft_2x2_simple_cmd_flow_seq_DATA_WIDTH32_COMMAND_WIDTH2_IN_COMMAND_WIDTH14_3
                     ZeroWireload          tcbn28hpcplusbwp30p140tt0p8v25c
  afft_2x2_simple_cmd_flow_seq_DATA_WIDTH32_COMMAND_WIDTH2_IN_COMMAND_WIDTH14_2
                     ZeroWireload          tcbn28hpcplusbwp30p140tt0p8v25c
  afft_2x2_simple_cmd_flow_seq_DATA_WIDTH32_COMMAND_WIDTH2_IN_COMMAND_WIDTH14_1
                     ZeroWireload          tcbn28hpcplusbwp30p140tt0p8v25c
  afft_2x2_simple_cmd_flow_seq_DATA_WIDTH32_COMMAND_WIDTH2_IN_COMMAND_WIDTH14_0
                     ZeroWireload          tcbn28hpcplusbwp30p140tt0p8v25c
  afft_2x2_simple_cmd_flow_seq_DATA_WIDTH32_COMMAND_WIDTH2_IN_COMMAND_WIDTH4_6
                     ZeroWireload          tcbn28hpcplusbwp30p140tt0p8v25c
  afft_2x2_simple_cmd_flow_seq_DATA_WIDTH32_COMMAND_WIDTH2_IN_COMMAND_WIDTH4_5
                     ZeroWireload          tcbn28hpcplusbwp30p140tt0p8v25c
  afft_2x2_simple_cmd_flow_seq_DATA_WIDTH32_COMMAND_WIDTH2_IN_COMMAND_WIDTH4_4
                     ZeroWireload          tcbn28hpcplusbwp30p140tt0p8v25c
  afft_2x2_simple_cmd_flow_seq_DATA_WIDTH32_COMMAND_WIDTH2_IN_COMMAND_WIDTH4_3
                     ZeroWireload          tcbn28hpcplusbwp30p140tt0p8v25c
  afft_2x2_simple_cmd_flow_seq_DATA_WIDTH32_COMMAND_WIDTH2_IN_COMMAND_WIDTH4_2
                     ZeroWireload          tcbn28hpcplusbwp30p140tt0p8v25c
  afft_2x2_simple_cmd_flow_seq_DATA_WIDTH32_COMMAND_WIDTH2_IN_COMMAND_WIDTH4_1
                     ZeroWireload          tcbn28hpcplusbwp30p140tt0p8v25c
  afft_2x2_simple_cmd_flow_seq_DATA_WIDTH32_COMMAND_WIDTH2_IN_COMMAND_WIDTH4_0
                     ZeroWireload          tcbn28hpcplusbwp30p140tt0p8v25c
  afft_2x2_simple_last_cmd_flow_seq_32_2_00000002_6
                     ZeroWireload          tcbn28hpcplusbwp30p140tt0p8v25c
  afft_2x2_simple_last_cmd_flow_seq_32_2_00000002_5
                     ZeroWireload          tcbn28hpcplusbwp30p140tt0p8v25c
  afft_2x2_simple_last_cmd_flow_seq_32_2_00000002_4
                     ZeroWireload          tcbn28hpcplusbwp30p140tt0p8v25c
  afft_2x2_simple_last_cmd_flow_seq_32_2_00000002_3
                     ZeroWireload          tcbn28hpcplusbwp30p140tt0p8v25c
  afft_2x2_simple_last_cmd_flow_seq_32_2_00000002_2
                     ZeroWireload          tcbn28hpcplusbwp30p140tt0p8v25c
  afft_2x2_simple_last_cmd_flow_seq_32_2_00000002_1
                     ZeroWireload          tcbn28hpcplusbwp30p140tt0p8v25c
  afft_2x2_simple_last_cmd_flow_seq_32_2_00000002_0
                     ZeroWireload          tcbn28hpcplusbwp30p140tt0p8v25c
  sram_bank_sp_SRAM_BANK_DATA_WIDTH8_SRAM_BANK_ADDR_WIDTH2_SRAM_BANK_DEPTH4_30
                     ZeroWireload          tcbn28hpcplusbwp30p140tt0p8v25c
  sram_bank_sp_SRAM_BANK_DATA_WIDTH8_SRAM_BANK_ADDR_WIDTH2_SRAM_BANK_DEPTH4_29
                     ZeroWireload          tcbn28hpcplusbwp30p140tt0p8v25c
  sram_bank_sp_SRAM_BANK_DATA_WIDTH8_SRAM_BANK_ADDR_WIDTH2_SRAM_BANK_DEPTH4_28
                     ZeroWireload          tcbn28hpcplusbwp30p140tt0p8v25c
  sram_bank_sp_SRAM_BANK_DATA_WIDTH8_SRAM_BANK_ADDR_WIDTH2_SRAM_BANK_DEPTH4_27
                     ZeroWireload          tcbn28hpcplusbwp30p140tt0p8v25c
  sram_bank_sp_SRAM_BANK_DATA_WIDTH8_SRAM_BANK_ADDR_WIDTH2_SRAM_BANK_DEPTH4_26
                     ZeroWireload          tcbn28hpcplusbwp30p140tt0p8v25c
  sram_bank_sp_SRAM_BANK_DATA_WIDTH8_SRAM_BANK_ADDR_WIDTH2_SRAM_BANK_DEPTH4_25
                     ZeroWireload          tcbn28hpcplusbwp30p140tt0p8v25c
  sram_bank_sp_SRAM_BANK_DATA_WIDTH8_SRAM_BANK_ADDR_WIDTH2_SRAM_BANK_DEPTH4_24
                     ZeroWireload          tcbn28hpcplusbwp30p140tt0p8v25c
  sram_bank_sp_SRAM_BANK_DATA_WIDTH8_SRAM_BANK_ADDR_WIDTH2_SRAM_BANK_DEPTH4_23
                     ZeroWireload          tcbn28hpcplusbwp30p140tt0p8v25c
  sram_bank_sp_SRAM_BANK_DATA_WIDTH8_SRAM_BANK_ADDR_WIDTH2_SRAM_BANK_DEPTH4_22
                     ZeroWireload          tcbn28hpcplusbwp30p140tt0p8v25c
  sram_bank_sp_SRAM_BANK_DATA_WIDTH8_SRAM_BANK_ADDR_WIDTH2_SRAM_BANK_DEPTH4_21
                     ZeroWireload          tcbn28hpcplusbwp30p140tt0p8v25c
  sram_bank_sp_SRAM_BANK_DATA_WIDTH8_SRAM_BANK_ADDR_WIDTH2_SRAM_BANK_DEPTH4_20
                     ZeroWireload          tcbn28hpcplusbwp30p140tt0p8v25c
  sram_bank_sp_SRAM_BANK_DATA_WIDTH8_SRAM_BANK_ADDR_WIDTH2_SRAM_BANK_DEPTH4_19
                     ZeroWireload          tcbn28hpcplusbwp30p140tt0p8v25c
  sram_bank_sp_SRAM_BANK_DATA_WIDTH8_SRAM_BANK_ADDR_WIDTH2_SRAM_BANK_DEPTH4_18
                     ZeroWireload          tcbn28hpcplusbwp30p140tt0p8v25c
  sram_bank_sp_SRAM_BANK_DATA_WIDTH8_SRAM_BANK_ADDR_WIDTH2_SRAM_BANK_DEPTH4_17
                     ZeroWireload          tcbn28hpcplusbwp30p140tt0p8v25c
  sram_bank_sp_SRAM_BANK_DATA_WIDTH8_SRAM_BANK_ADDR_WIDTH2_SRAM_BANK_DEPTH4_16
                     ZeroWireload          tcbn28hpcplusbwp30p140tt0p8v25c
  sram_bank_sp_SRAM_BANK_DATA_WIDTH8_SRAM_BANK_ADDR_WIDTH2_SRAM_BANK_DEPTH4_15
                     ZeroWireload          tcbn28hpcplusbwp30p140tt0p8v25c
  sram_bank_sp_SRAM_BANK_DATA_WIDTH8_SRAM_BANK_ADDR_WIDTH2_SRAM_BANK_DEPTH4_14
                     ZeroWireload          tcbn28hpcplusbwp30p140tt0p8v25c
  sram_bank_sp_SRAM_BANK_DATA_WIDTH8_SRAM_BANK_ADDR_WIDTH2_SRAM_BANK_DEPTH4_13
                     ZeroWireload          tcbn28hpcplusbwp30p140tt0p8v25c
  sram_bank_sp_SRAM_BANK_DATA_WIDTH8_SRAM_BANK_ADDR_WIDTH2_SRAM_BANK_DEPTH4_12
                     ZeroWireload          tcbn28hpcplusbwp30p140tt0p8v25c
  sram_bank_sp_SRAM_BANK_DATA_WIDTH8_SRAM_BANK_ADDR_WIDTH2_SRAM_BANK_DEPTH4_11
                     ZeroWireload          tcbn28hpcplusbwp30p140tt0p8v25c
  sram_bank_sp_SRAM_BANK_DATA_WIDTH8_SRAM_BANK_ADDR_WIDTH2_SRAM_BANK_DEPTH4_10
                     ZeroWireload          tcbn28hpcplusbwp30p140tt0p8v25c
  sram_bank_sp_SRAM_BANK_DATA_WIDTH8_SRAM_BANK_ADDR_WIDTH2_SRAM_BANK_DEPTH4_9
                     ZeroWireload          tcbn28hpcplusbwp30p140tt0p8v25c
  sram_bank_sp_SRAM_BANK_DATA_WIDTH8_SRAM_BANK_ADDR_WIDTH2_SRAM_BANK_DEPTH4_8
                     ZeroWireload          tcbn28hpcplusbwp30p140tt0p8v25c
  sram_bank_sp_SRAM_BANK_DATA_WIDTH8_SRAM_BANK_ADDR_WIDTH2_SRAM_BANK_DEPTH4_7
                     ZeroWireload          tcbn28hpcplusbwp30p140tt0p8v25c
  sram_bank_sp_SRAM_BANK_DATA_WIDTH8_SRAM_BANK_ADDR_WIDTH2_SRAM_BANK_DEPTH4_6
                     ZeroWireload          tcbn28hpcplusbwp30p140tt0p8v25c
  sram_bank_sp_SRAM_BANK_DATA_WIDTH8_SRAM_BANK_ADDR_WIDTH2_SRAM_BANK_DEPTH4_5
                     ZeroWireload          tcbn28hpcplusbwp30p140tt0p8v25c
  sram_bank_sp_SRAM_BANK_DATA_WIDTH8_SRAM_BANK_ADDR_WIDTH2_SRAM_BANK_DEPTH4_4
                     ZeroWireload          tcbn28hpcplusbwp30p140tt0p8v25c
  sram_bank_sp_SRAM_BANK_DATA_WIDTH8_SRAM_BANK_ADDR_WIDTH2_SRAM_BANK_DEPTH4_3
                     ZeroWireload          tcbn28hpcplusbwp30p140tt0p8v25c
  sram_bank_sp_SRAM_BANK_DATA_WIDTH8_SRAM_BANK_ADDR_WIDTH2_SRAM_BANK_DEPTH4_2
                     ZeroWireload          tcbn28hpcplusbwp30p140tt0p8v25c
  sram_bank_sp_SRAM_BANK_DATA_WIDTH8_SRAM_BANK_ADDR_WIDTH2_SRAM_BANK_DEPTH4_1
                     ZeroWireload          tcbn28hpcplusbwp30p140tt0p8v25c
  sram_bank_sp_SRAM_BANK_DATA_WIDTH8_SRAM_BANK_ADDR_WIDTH2_SRAM_BANK_DEPTH4_0
                     ZeroWireload          tcbn28hpcplusbwp30p140tt0p8v25c
  sram_bank_sp_SRAM_BANK_DATA_WIDTH32_SRAM_BANK_ADDR_WIDTH2_SRAM_BANK_DEPTH4_14
                     ZeroWireload          tcbn28hpcplusbwp30p140tt0p8v25c
  sram_bank_sp_SRAM_BANK_DATA_WIDTH32_SRAM_BANK_ADDR_WIDTH2_SRAM_BANK_DEPTH4_13
                     ZeroWireload          tcbn28hpcplusbwp30p140tt0p8v25c
  sram_bank_sp_SRAM_BANK_DATA_WIDTH32_SRAM_BANK_ADDR_WIDTH2_SRAM_BANK_DEPTH4_12
                     ZeroWireload          tcbn28hpcplusbwp30p140tt0p8v25c
  sram_bank_sp_SRAM_BANK_DATA_WIDTH32_SRAM_BANK_ADDR_WIDTH2_SRAM_BANK_DEPTH4_11
                     ZeroWireload          tcbn28hpcplusbwp30p140tt0p8v25c
  sram_bank_sp_SRAM_BANK_DATA_WIDTH32_SRAM_BANK_ADDR_WIDTH2_SRAM_BANK_DEPTH4_10
                     ZeroWireload          tcbn28hpcplusbwp30p140tt0p8v25c
  sram_bank_sp_SRAM_BANK_DATA_WIDTH32_SRAM_BANK_ADDR_WIDTH2_SRAM_BANK_DEPTH4_9
                     ZeroWireload          tcbn28hpcplusbwp30p140tt0p8v25c
  sram_bank_sp_SRAM_BANK_DATA_WIDTH32_SRAM_BANK_ADDR_WIDTH2_SRAM_BANK_DEPTH4_8
                     ZeroWireload          tcbn28hpcplusbwp30p140tt0p8v25c
  sram_bank_sp_SRAM_BANK_DATA_WIDTH32_SRAM_BANK_ADDR_WIDTH2_SRAM_BANK_DEPTH4_7
                     ZeroWireload          tcbn28hpcplusbwp30p140tt0p8v25c
  sram_bank_sp_SRAM_BANK_DATA_WIDTH32_SRAM_BANK_ADDR_WIDTH2_SRAM_BANK_DEPTH4_6
                     ZeroWireload          tcbn28hpcplusbwp30p140tt0p8v25c
  sram_bank_sp_SRAM_BANK_DATA_WIDTH32_SRAM_BANK_ADDR_WIDTH2_SRAM_BANK_DEPTH4_5
                     ZeroWireload          tcbn28hpcplusbwp30p140tt0p8v25c
  sram_bank_sp_SRAM_BANK_DATA_WIDTH32_SRAM_BANK_ADDR_WIDTH2_SRAM_BANK_DEPTH4_4
                     ZeroWireload          tcbn28hpcplusbwp30p140tt0p8v25c
  sram_bank_sp_SRAM_BANK_DATA_WIDTH32_SRAM_BANK_ADDR_WIDTH2_SRAM_BANK_DEPTH4_3
                     ZeroWireload          tcbn28hpcplusbwp30p140tt0p8v25c
  sram_bank_sp_SRAM_BANK_DATA_WIDTH32_SRAM_BANK_ADDR_WIDTH2_SRAM_BANK_DEPTH4_2
                     ZeroWireload          tcbn28hpcplusbwp30p140tt0p8v25c
  sram_bank_sp_SRAM_BANK_DATA_WIDTH32_SRAM_BANK_ADDR_WIDTH2_SRAM_BANK_DEPTH4_1
                     ZeroWireload          tcbn28hpcplusbwp30p140tt0p8v25c
  sram_bank_sp_SRAM_BANK_DATA_WIDTH32_SRAM_BANK_ADDR_WIDTH2_SRAM_BANK_DEPTH4_0
                     ZeroWireload          tcbn28hpcplusbwp30p140tt0p8v25c
  sram_bank_sp_SRAM_BANK_DATA_WIDTH128_SRAM_BANK_ADDR_WIDTH2_SRAM_BANK_DEPTH4_0
                     ZeroWireload          tcbn28hpcplusbwp30p140tt0p8v25c
  sram_sp_2d_array_SRAM_BANK_DATA_WIDTH128_SRAM_BANK_ADDR_WIDTH2_SRAM_BANK_DEPTH4_NUM_BANK1_0
                     ZeroWireload          tcbn28hpcplusbwp30p140tt0p8v25c
  o_bus_autopick_seq_NUM_INPUT_DATA16_DATA_WIDTH32_14
                     ZeroWireload          tcbn28hpcplusbwp30p140tt0p8v25c
  o_bus_autopick_seq_NUM_INPUT_DATA16_DATA_WIDTH32_13
                     ZeroWireload          tcbn28hpcplusbwp30p140tt0p8v25c
  o_bus_autopick_seq_NUM_INPUT_DATA16_DATA_WIDTH32_12
                     ZeroWireload          tcbn28hpcplusbwp30p140tt0p8v25c
  o_bus_autopick_seq_NUM_INPUT_DATA16_DATA_WIDTH32_11
                     ZeroWireload          tcbn28hpcplusbwp30p140tt0p8v25c
  o_bus_autopick_seq_NUM_INPUT_DATA16_DATA_WIDTH32_10
                     ZeroWireload          tcbn28hpcplusbwp30p140tt0p8v25c
  o_bus_autopick_seq_NUM_INPUT_DATA16_DATA_WIDTH32_9
                     ZeroWireload          tcbn28hpcplusbwp30p140tt0p8v25c
  o_bus_autopick_seq_NUM_INPUT_DATA16_DATA_WIDTH32_8
                     ZeroWireload          tcbn28hpcplusbwp30p140tt0p8v25c
  o_bus_autopick_seq_NUM_INPUT_DATA16_DATA_WIDTH32_7
                     ZeroWireload          tcbn28hpcplusbwp30p140tt0p8v25c
  o_bus_autopick_seq_NUM_INPUT_DATA16_DATA_WIDTH32_6
                     ZeroWireload          tcbn28hpcplusbwp30p140tt0p8v25c
  o_bus_autopick_seq_NUM_INPUT_DATA16_DATA_WIDTH32_5
                     ZeroWireload          tcbn28hpcplusbwp30p140tt0p8v25c
  o_bus_autopick_seq_NUM_INPUT_DATA16_DATA_WIDTH32_4
                     ZeroWireload          tcbn28hpcplusbwp30p140tt0p8v25c
  o_bus_autopick_seq_NUM_INPUT_DATA16_DATA_WIDTH32_3
                     ZeroWireload          tcbn28hpcplusbwp30p140tt0p8v25c
  o_bus_autopick_seq_NUM_INPUT_DATA16_DATA_WIDTH32_2
                     ZeroWireload          tcbn28hpcplusbwp30p140tt0p8v25c
  o_bus_autopick_seq_NUM_INPUT_DATA16_DATA_WIDTH32_1
                     ZeroWireload          tcbn28hpcplusbwp30p140tt0p8v25c
  o_bus_autopick_seq_NUM_INPUT_DATA16_DATA_WIDTH32_0
                     ZeroWireload          tcbn28hpcplusbwp30p140tt0p8v25c
  afft_2x2_simple_last_cmd_flow_seq_32_2_00000002_7
                     ZeroWireload          tcbn28hpcplusbwp30p140tt0p8v25c
  afft_2x2_simple_cmd_flow_seq_DATA_WIDTH32_COMMAND_WIDTH2_IN_COMMAND_WIDTH4_7
                     ZeroWireload          tcbn28hpcplusbwp30p140tt0p8v25c
  afft_2x2_simple_cmd_flow_seq_DATA_WIDTH32_COMMAND_WIDTH2_IN_COMMAND_WIDTH6_7
                     ZeroWireload          tcbn28hpcplusbwp30p140tt0p8v25c
  afft_2x2_simple_cmd_flow_seq_DATA_WIDTH32_COMMAND_WIDTH2_IN_COMMAND_WIDTH8_7
                     ZeroWireload          tcbn28hpcplusbwp30p140tt0p8v25c
  afft_2x2_simple_cmd_flow_seq_DATA_WIDTH32_COMMAND_WIDTH2_IN_COMMAND_WIDTH10_7
                     ZeroWireload          tcbn28hpcplusbwp30p140tt0p8v25c
  afft_2x2_simple_cmd_flow_seq_DATA_WIDTH32_COMMAND_WIDTH2_IN_COMMAND_WIDTH12_7
                     ZeroWireload          tcbn28hpcplusbwp30p140tt0p8v25c
  afft_2x2_simple_cmd_flow_seq_DATA_WIDTH32_COMMAND_WIDTH2_IN_COMMAND_WIDTH14_7
                     ZeroWireload          tcbn28hpcplusbwp30p140tt0p8v25c
  sram_bank_sp_SRAM_BANK_DATA_WIDTH32_SRAM_BANK_ADDR_WIDTH2_SRAM_BANK_DEPTH4_15
                     ZeroWireload          tcbn28hpcplusbwp30p140tt0p8v25c
  sram_bank_sp_SRAM_BANK_DATA_WIDTH112_SRAM_BANK_ADDR_WIDTH2_SRAM_BANK_DEPTH4
                     ZeroWireload          tcbn28hpcplusbwp30p140tt0p8v25c
  sram_bank_sp_SRAM_BANK_DATA_WIDTH8_SRAM_BANK_ADDR_WIDTH2_SRAM_BANK_DEPTH4_31
                     ZeroWireload          tcbn28hpcplusbwp30p140tt0p8v25c
  sram_bank_sp_SRAM_BANK_DATA_WIDTH128_SRAM_BANK_ADDR_WIDTH2_SRAM_BANK_DEPTH4_1
                     ZeroWireload          tcbn28hpcplusbwp30p140tt0p8v25c
  afft_simple_cmd_flow_seq_DATA_WIDTH32_COMMAND_WIDTH2_NUM_INPUT_DATA16_IN_COMMAND_WIDTH14
                     ZeroWireload          tcbn28hpcplusbwp30p140tt0p8v25c
  lambda_pe_THIS_PE_ID255_IACTS_DATA_WIDTH8_WEIGHTS_DATA_WIDTH8_WEIGHTS_DEPTH16_LOG2_WEIGHTS_DEPTH4_PE_SEL_WIDTH8_PE_OUTPUT_WIDTH32
                     ZeroWireload          tcbn28hpcplusbwp30p140tt0p8v25c
  lambda_pe_THIS_PE_ID254_IACTS_DATA_WIDTH8_WEIGHTS_DATA_WIDTH8_WEIGHTS_DEPTH16_LOG2_WEIGHTS_DEPTH4_PE_SEL_WIDTH8_PE_OUTPUT_WIDTH32
                     ZeroWireload          tcbn28hpcplusbwp30p140tt0p8v25c
  lambda_pe_THIS_PE_ID253_IACTS_DATA_WIDTH8_WEIGHTS_DATA_WIDTH8_WEIGHTS_DEPTH16_LOG2_WEIGHTS_DEPTH4_PE_SEL_WIDTH8_PE_OUTPUT_WIDTH32
                     ZeroWireload          tcbn28hpcplusbwp30p140tt0p8v25c
  lambda_pe_THIS_PE_ID252_IACTS_DATA_WIDTH8_WEIGHTS_DATA_WIDTH8_WEIGHTS_DEPTH16_LOG2_WEIGHTS_DEPTH4_PE_SEL_WIDTH8_PE_OUTPUT_WIDTH32
                     ZeroWireload          tcbn28hpcplusbwp30p140tt0p8v25c
  lambda_pe_THIS_PE_ID251_IACTS_DATA_WIDTH8_WEIGHTS_DATA_WIDTH8_WEIGHTS_DEPTH16_LOG2_WEIGHTS_DEPTH4_PE_SEL_WIDTH8_PE_OUTPUT_WIDTH32
                     ZeroWireload          tcbn28hpcplusbwp30p140tt0p8v25c
  lambda_pe_THIS_PE_ID250_IACTS_DATA_WIDTH8_WEIGHTS_DATA_WIDTH8_WEIGHTS_DEPTH16_LOG2_WEIGHTS_DEPTH4_PE_SEL_WIDTH8_PE_OUTPUT_WIDTH32
                     ZeroWireload          tcbn28hpcplusbwp30p140tt0p8v25c
  lambda_pe_THIS_PE_ID249_IACTS_DATA_WIDTH8_WEIGHTS_DATA_WIDTH8_WEIGHTS_DEPTH16_LOG2_WEIGHTS_DEPTH4_PE_SEL_WIDTH8_PE_OUTPUT_WIDTH32
                     ZeroWireload          tcbn28hpcplusbwp30p140tt0p8v25c
  lambda_pe_THIS_PE_ID248_IACTS_DATA_WIDTH8_WEIGHTS_DATA_WIDTH8_WEIGHTS_DEPTH16_LOG2_WEIGHTS_DEPTH4_PE_SEL_WIDTH8_PE_OUTPUT_WIDTH32
                     ZeroWireload          tcbn28hpcplusbwp30p140tt0p8v25c
  lambda_pe_THIS_PE_ID247_IACTS_DATA_WIDTH8_WEIGHTS_DATA_WIDTH8_WEIGHTS_DEPTH16_LOG2_WEIGHTS_DEPTH4_PE_SEL_WIDTH8_PE_OUTPUT_WIDTH32
                     ZeroWireload          tcbn28hpcplusbwp30p140tt0p8v25c
  lambda_pe_THIS_PE_ID246_IACTS_DATA_WIDTH8_WEIGHTS_DATA_WIDTH8_WEIGHTS_DEPTH16_LOG2_WEIGHTS_DEPTH4_PE_SEL_WIDTH8_PE_OUTPUT_WIDTH32
                     ZeroWireload          tcbn28hpcplusbwp30p140tt0p8v25c
  lambda_pe_THIS_PE_ID245_IACTS_DATA_WIDTH8_WEIGHTS_DATA_WIDTH8_WEIGHTS_DEPTH16_LOG2_WEIGHTS_DEPTH4_PE_SEL_WIDTH8_PE_OUTPUT_WIDTH32
                     ZeroWireload          tcbn28hpcplusbwp30p140tt0p8v25c
  lambda_pe_THIS_PE_ID244_IACTS_DATA_WIDTH8_WEIGHTS_DATA_WIDTH8_WEIGHTS_DEPTH16_LOG2_WEIGHTS_DEPTH4_PE_SEL_WIDTH8_PE_OUTPUT_WIDTH32
                     ZeroWireload          tcbn28hpcplusbwp30p140tt0p8v25c
  lambda_pe_THIS_PE_ID243_IACTS_DATA_WIDTH8_WEIGHTS_DATA_WIDTH8_WEIGHTS_DEPTH16_LOG2_WEIGHTS_DEPTH4_PE_SEL_WIDTH8_PE_OUTPUT_WIDTH32
                     ZeroWireload          tcbn28hpcplusbwp30p140tt0p8v25c
  lambda_pe_THIS_PE_ID242_IACTS_DATA_WIDTH8_WEIGHTS_DATA_WIDTH8_WEIGHTS_DEPTH16_LOG2_WEIGHTS_DEPTH4_PE_SEL_WIDTH8_PE_OUTPUT_WIDTH32
                     ZeroWireload          tcbn28hpcplusbwp30p140tt0p8v25c
  lambda_pe_THIS_PE_ID241_IACTS_DATA_WIDTH8_WEIGHTS_DATA_WIDTH8_WEIGHTS_DEPTH16_LOG2_WEIGHTS_DEPTH4_PE_SEL_WIDTH8_PE_OUTPUT_WIDTH32
                     ZeroWireload          tcbn28hpcplusbwp30p140tt0p8v25c
  lambda_pe_THIS_PE_ID240_IACTS_DATA_WIDTH8_WEIGHTS_DATA_WIDTH8_WEIGHTS_DEPTH16_LOG2_WEIGHTS_DEPTH4_PE_SEL_WIDTH8_PE_OUTPUT_WIDTH32
                     ZeroWireload          tcbn28hpcplusbwp30p140tt0p8v25c
  lambda_pe_THIS_PE_ID239_IACTS_DATA_WIDTH8_WEIGHTS_DATA_WIDTH8_WEIGHTS_DEPTH16_LOG2_WEIGHTS_DEPTH4_PE_SEL_WIDTH8_PE_OUTPUT_WIDTH32
                     ZeroWireload          tcbn28hpcplusbwp30p140tt0p8v25c
  lambda_pe_THIS_PE_ID238_IACTS_DATA_WIDTH8_WEIGHTS_DATA_WIDTH8_WEIGHTS_DEPTH16_LOG2_WEIGHTS_DEPTH4_PE_SEL_WIDTH8_PE_OUTPUT_WIDTH32
                     ZeroWireload          tcbn28hpcplusbwp30p140tt0p8v25c
  lambda_pe_THIS_PE_ID237_IACTS_DATA_WIDTH8_WEIGHTS_DATA_WIDTH8_WEIGHTS_DEPTH16_LOG2_WEIGHTS_DEPTH4_PE_SEL_WIDTH8_PE_OUTPUT_WIDTH32
                     ZeroWireload          tcbn28hpcplusbwp30p140tt0p8v25c
  lambda_pe_THIS_PE_ID236_IACTS_DATA_WIDTH8_WEIGHTS_DATA_WIDTH8_WEIGHTS_DEPTH16_LOG2_WEIGHTS_DEPTH4_PE_SEL_WIDTH8_PE_OUTPUT_WIDTH32
                     ZeroWireload          tcbn28hpcplusbwp30p140tt0p8v25c
  lambda_pe_THIS_PE_ID235_IACTS_DATA_WIDTH8_WEIGHTS_DATA_WIDTH8_WEIGHTS_DEPTH16_LOG2_WEIGHTS_DEPTH4_PE_SEL_WIDTH8_PE_OUTPUT_WIDTH32
                     ZeroWireload          tcbn28hpcplusbwp30p140tt0p8v25c
  lambda_pe_THIS_PE_ID234_IACTS_DATA_WIDTH8_WEIGHTS_DATA_WIDTH8_WEIGHTS_DEPTH16_LOG2_WEIGHTS_DEPTH4_PE_SEL_WIDTH8_PE_OUTPUT_WIDTH32
                     ZeroWireload          tcbn28hpcplusbwp30p140tt0p8v25c
  lambda_pe_THIS_PE_ID233_IACTS_DATA_WIDTH8_WEIGHTS_DATA_WIDTH8_WEIGHTS_DEPTH16_LOG2_WEIGHTS_DEPTH4_PE_SEL_WIDTH8_PE_OUTPUT_WIDTH32
                     ZeroWireload          tcbn28hpcplusbwp30p140tt0p8v25c
  lambda_pe_THIS_PE_ID232_IACTS_DATA_WIDTH8_WEIGHTS_DATA_WIDTH8_WEIGHTS_DEPTH16_LOG2_WEIGHTS_DEPTH4_PE_SEL_WIDTH8_PE_OUTPUT_WIDTH32
                     ZeroWireload          tcbn28hpcplusbwp30p140tt0p8v25c
  lambda_pe_THIS_PE_ID231_IACTS_DATA_WIDTH8_WEIGHTS_DATA_WIDTH8_WEIGHTS_DEPTH16_LOG2_WEIGHTS_DEPTH4_PE_SEL_WIDTH8_PE_OUTPUT_WIDTH32
                     ZeroWireload          tcbn28hpcplusbwp30p140tt0p8v25c
  lambda_pe_THIS_PE_ID230_IACTS_DATA_WIDTH8_WEIGHTS_DATA_WIDTH8_WEIGHTS_DEPTH16_LOG2_WEIGHTS_DEPTH4_PE_SEL_WIDTH8_PE_OUTPUT_WIDTH32
                     ZeroWireload          tcbn28hpcplusbwp30p140tt0p8v25c
  lambda_pe_THIS_PE_ID229_IACTS_DATA_WIDTH8_WEIGHTS_DATA_WIDTH8_WEIGHTS_DEPTH16_LOG2_WEIGHTS_DEPTH4_PE_SEL_WIDTH8_PE_OUTPUT_WIDTH32
                     ZeroWireload          tcbn28hpcplusbwp30p140tt0p8v25c
  lambda_pe_THIS_PE_ID228_IACTS_DATA_WIDTH8_WEIGHTS_DATA_WIDTH8_WEIGHTS_DEPTH16_LOG2_WEIGHTS_DEPTH4_PE_SEL_WIDTH8_PE_OUTPUT_WIDTH32
                     ZeroWireload          tcbn28hpcplusbwp30p140tt0p8v25c
  lambda_pe_THIS_PE_ID227_IACTS_DATA_WIDTH8_WEIGHTS_DATA_WIDTH8_WEIGHTS_DEPTH16_LOG2_WEIGHTS_DEPTH4_PE_SEL_WIDTH8_PE_OUTPUT_WIDTH32
                     ZeroWireload          tcbn28hpcplusbwp30p140tt0p8v25c
  lambda_pe_THIS_PE_ID226_IACTS_DATA_WIDTH8_WEIGHTS_DATA_WIDTH8_WEIGHTS_DEPTH16_LOG2_WEIGHTS_DEPTH4_PE_SEL_WIDTH8_PE_OUTPUT_WIDTH32
                     ZeroWireload          tcbn28hpcplusbwp30p140tt0p8v25c
  lambda_pe_THIS_PE_ID225_IACTS_DATA_WIDTH8_WEIGHTS_DATA_WIDTH8_WEIGHTS_DEPTH16_LOG2_WEIGHTS_DEPTH4_PE_SEL_WIDTH8_PE_OUTPUT_WIDTH32
                     ZeroWireload          tcbn28hpcplusbwp30p140tt0p8v25c
  lambda_pe_THIS_PE_ID224_IACTS_DATA_WIDTH8_WEIGHTS_DATA_WIDTH8_WEIGHTS_DEPTH16_LOG2_WEIGHTS_DEPTH4_PE_SEL_WIDTH8_PE_OUTPUT_WIDTH32
                     ZeroWireload          tcbn28hpcplusbwp30p140tt0p8v25c
  lambda_pe_THIS_PE_ID223_IACTS_DATA_WIDTH8_WEIGHTS_DATA_WIDTH8_WEIGHTS_DEPTH16_LOG2_WEIGHTS_DEPTH4_PE_SEL_WIDTH8_PE_OUTPUT_WIDTH32
                     ZeroWireload          tcbn28hpcplusbwp30p140tt0p8v25c
  lambda_pe_THIS_PE_ID222_IACTS_DATA_WIDTH8_WEIGHTS_DATA_WIDTH8_WEIGHTS_DEPTH16_LOG2_WEIGHTS_DEPTH4_PE_SEL_WIDTH8_PE_OUTPUT_WIDTH32
                     ZeroWireload          tcbn28hpcplusbwp30p140tt0p8v25c
  lambda_pe_THIS_PE_ID221_IACTS_DATA_WIDTH8_WEIGHTS_DATA_WIDTH8_WEIGHTS_DEPTH16_LOG2_WEIGHTS_DEPTH4_PE_SEL_WIDTH8_PE_OUTPUT_WIDTH32
                     ZeroWireload          tcbn28hpcplusbwp30p140tt0p8v25c
  lambda_pe_THIS_PE_ID220_IACTS_DATA_WIDTH8_WEIGHTS_DATA_WIDTH8_WEIGHTS_DEPTH16_LOG2_WEIGHTS_DEPTH4_PE_SEL_WIDTH8_PE_OUTPUT_WIDTH32
                     ZeroWireload          tcbn28hpcplusbwp30p140tt0p8v25c
  lambda_pe_THIS_PE_ID219_IACTS_DATA_WIDTH8_WEIGHTS_DATA_WIDTH8_WEIGHTS_DEPTH16_LOG2_WEIGHTS_DEPTH4_PE_SEL_WIDTH8_PE_OUTPUT_WIDTH32
                     ZeroWireload          tcbn28hpcplusbwp30p140tt0p8v25c
  lambda_pe_THIS_PE_ID218_IACTS_DATA_WIDTH8_WEIGHTS_DATA_WIDTH8_WEIGHTS_DEPTH16_LOG2_WEIGHTS_DEPTH4_PE_SEL_WIDTH8_PE_OUTPUT_WIDTH32
                     ZeroWireload          tcbn28hpcplusbwp30p140tt0p8v25c
  lambda_pe_THIS_PE_ID217_IACTS_DATA_WIDTH8_WEIGHTS_DATA_WIDTH8_WEIGHTS_DEPTH16_LOG2_WEIGHTS_DEPTH4_PE_SEL_WIDTH8_PE_OUTPUT_WIDTH32
                     ZeroWireload          tcbn28hpcplusbwp30p140tt0p8v25c
  lambda_pe_THIS_PE_ID216_IACTS_DATA_WIDTH8_WEIGHTS_DATA_WIDTH8_WEIGHTS_DEPTH16_LOG2_WEIGHTS_DEPTH4_PE_SEL_WIDTH8_PE_OUTPUT_WIDTH32
                     ZeroWireload          tcbn28hpcplusbwp30p140tt0p8v25c
  lambda_pe_THIS_PE_ID215_IACTS_DATA_WIDTH8_WEIGHTS_DATA_WIDTH8_WEIGHTS_DEPTH16_LOG2_WEIGHTS_DEPTH4_PE_SEL_WIDTH8_PE_OUTPUT_WIDTH32
                     ZeroWireload          tcbn28hpcplusbwp30p140tt0p8v25c
  lambda_pe_THIS_PE_ID214_IACTS_DATA_WIDTH8_WEIGHTS_DATA_WIDTH8_WEIGHTS_DEPTH16_LOG2_WEIGHTS_DEPTH4_PE_SEL_WIDTH8_PE_OUTPUT_WIDTH32
                     ZeroWireload          tcbn28hpcplusbwp30p140tt0p8v25c
  lambda_pe_THIS_PE_ID213_IACTS_DATA_WIDTH8_WEIGHTS_DATA_WIDTH8_WEIGHTS_DEPTH16_LOG2_WEIGHTS_DEPTH4_PE_SEL_WIDTH8_PE_OUTPUT_WIDTH32
                     ZeroWireload          tcbn28hpcplusbwp30p140tt0p8v25c
  lambda_pe_THIS_PE_ID212_IACTS_DATA_WIDTH8_WEIGHTS_DATA_WIDTH8_WEIGHTS_DEPTH16_LOG2_WEIGHTS_DEPTH4_PE_SEL_WIDTH8_PE_OUTPUT_WIDTH32
                     ZeroWireload          tcbn28hpcplusbwp30p140tt0p8v25c
  lambda_pe_THIS_PE_ID211_IACTS_DATA_WIDTH8_WEIGHTS_DATA_WIDTH8_WEIGHTS_DEPTH16_LOG2_WEIGHTS_DEPTH4_PE_SEL_WIDTH8_PE_OUTPUT_WIDTH32
                     ZeroWireload          tcbn28hpcplusbwp30p140tt0p8v25c
  lambda_pe_THIS_PE_ID210_IACTS_DATA_WIDTH8_WEIGHTS_DATA_WIDTH8_WEIGHTS_DEPTH16_LOG2_WEIGHTS_DEPTH4_PE_SEL_WIDTH8_PE_OUTPUT_WIDTH32
                     ZeroWireload          tcbn28hpcplusbwp30p140tt0p8v25c
  lambda_pe_THIS_PE_ID209_IACTS_DATA_WIDTH8_WEIGHTS_DATA_WIDTH8_WEIGHTS_DEPTH16_LOG2_WEIGHTS_DEPTH4_PE_SEL_WIDTH8_PE_OUTPUT_WIDTH32
                     ZeroWireload          tcbn28hpcplusbwp30p140tt0p8v25c
  lambda_pe_THIS_PE_ID208_IACTS_DATA_WIDTH8_WEIGHTS_DATA_WIDTH8_WEIGHTS_DEPTH16_LOG2_WEIGHTS_DEPTH4_PE_SEL_WIDTH8_PE_OUTPUT_WIDTH32
                     ZeroWireload          tcbn28hpcplusbwp30p140tt0p8v25c
  lambda_pe_THIS_PE_ID207_IACTS_DATA_WIDTH8_WEIGHTS_DATA_WIDTH8_WEIGHTS_DEPTH16_LOG2_WEIGHTS_DEPTH4_PE_SEL_WIDTH8_PE_OUTPUT_WIDTH32
                     ZeroWireload          tcbn28hpcplusbwp30p140tt0p8v25c
  lambda_pe_THIS_PE_ID206_IACTS_DATA_WIDTH8_WEIGHTS_DATA_WIDTH8_WEIGHTS_DEPTH16_LOG2_WEIGHTS_DEPTH4_PE_SEL_WIDTH8_PE_OUTPUT_WIDTH32
                     ZeroWireload          tcbn28hpcplusbwp30p140tt0p8v25c
  lambda_pe_THIS_PE_ID205_IACTS_DATA_WIDTH8_WEIGHTS_DATA_WIDTH8_WEIGHTS_DEPTH16_LOG2_WEIGHTS_DEPTH4_PE_SEL_WIDTH8_PE_OUTPUT_WIDTH32
                     ZeroWireload          tcbn28hpcplusbwp30p140tt0p8v25c
  lambda_pe_THIS_PE_ID204_IACTS_DATA_WIDTH8_WEIGHTS_DATA_WIDTH8_WEIGHTS_DEPTH16_LOG2_WEIGHTS_DEPTH4_PE_SEL_WIDTH8_PE_OUTPUT_WIDTH32
                     ZeroWireload          tcbn28hpcplusbwp30p140tt0p8v25c
  lambda_pe_THIS_PE_ID203_IACTS_DATA_WIDTH8_WEIGHTS_DATA_WIDTH8_WEIGHTS_DEPTH16_LOG2_WEIGHTS_DEPTH4_PE_SEL_WIDTH8_PE_OUTPUT_WIDTH32
                     ZeroWireload          tcbn28hpcplusbwp30p140tt0p8v25c
  lambda_pe_THIS_PE_ID202_IACTS_DATA_WIDTH8_WEIGHTS_DATA_WIDTH8_WEIGHTS_DEPTH16_LOG2_WEIGHTS_DEPTH4_PE_SEL_WIDTH8_PE_OUTPUT_WIDTH32
                     ZeroWireload          tcbn28hpcplusbwp30p140tt0p8v25c
  lambda_pe_THIS_PE_ID201_IACTS_DATA_WIDTH8_WEIGHTS_DATA_WIDTH8_WEIGHTS_DEPTH16_LOG2_WEIGHTS_DEPTH4_PE_SEL_WIDTH8_PE_OUTPUT_WIDTH32
                     ZeroWireload          tcbn28hpcplusbwp30p140tt0p8v25c
  lambda_pe_THIS_PE_ID200_IACTS_DATA_WIDTH8_WEIGHTS_DATA_WIDTH8_WEIGHTS_DEPTH16_LOG2_WEIGHTS_DEPTH4_PE_SEL_WIDTH8_PE_OUTPUT_WIDTH32
                     ZeroWireload          tcbn28hpcplusbwp30p140tt0p8v25c
  lambda_pe_THIS_PE_ID199_IACTS_DATA_WIDTH8_WEIGHTS_DATA_WIDTH8_WEIGHTS_DEPTH16_LOG2_WEIGHTS_DEPTH4_PE_SEL_WIDTH8_PE_OUTPUT_WIDTH32
                     ZeroWireload          tcbn28hpcplusbwp30p140tt0p8v25c
  lambda_pe_THIS_PE_ID198_IACTS_DATA_WIDTH8_WEIGHTS_DATA_WIDTH8_WEIGHTS_DEPTH16_LOG2_WEIGHTS_DEPTH4_PE_SEL_WIDTH8_PE_OUTPUT_WIDTH32
                     ZeroWireload          tcbn28hpcplusbwp30p140tt0p8v25c
  lambda_pe_THIS_PE_ID197_IACTS_DATA_WIDTH8_WEIGHTS_DATA_WIDTH8_WEIGHTS_DEPTH16_LOG2_WEIGHTS_DEPTH4_PE_SEL_WIDTH8_PE_OUTPUT_WIDTH32
                     ZeroWireload          tcbn28hpcplusbwp30p140tt0p8v25c
  lambda_pe_THIS_PE_ID196_IACTS_DATA_WIDTH8_WEIGHTS_DATA_WIDTH8_WEIGHTS_DEPTH16_LOG2_WEIGHTS_DEPTH4_PE_SEL_WIDTH8_PE_OUTPUT_WIDTH32
                     ZeroWireload          tcbn28hpcplusbwp30p140tt0p8v25c
  lambda_pe_THIS_PE_ID195_IACTS_DATA_WIDTH8_WEIGHTS_DATA_WIDTH8_WEIGHTS_DEPTH16_LOG2_WEIGHTS_DEPTH4_PE_SEL_WIDTH8_PE_OUTPUT_WIDTH32
                     ZeroWireload          tcbn28hpcplusbwp30p140tt0p8v25c
  lambda_pe_THIS_PE_ID194_IACTS_DATA_WIDTH8_WEIGHTS_DATA_WIDTH8_WEIGHTS_DEPTH16_LOG2_WEIGHTS_DEPTH4_PE_SEL_WIDTH8_PE_OUTPUT_WIDTH32
                     ZeroWireload          tcbn28hpcplusbwp30p140tt0p8v25c
  lambda_pe_THIS_PE_ID193_IACTS_DATA_WIDTH8_WEIGHTS_DATA_WIDTH8_WEIGHTS_DEPTH16_LOG2_WEIGHTS_DEPTH4_PE_SEL_WIDTH8_PE_OUTPUT_WIDTH32
                     ZeroWireload          tcbn28hpcplusbwp30p140tt0p8v25c
  lambda_pe_THIS_PE_ID192_IACTS_DATA_WIDTH8_WEIGHTS_DATA_WIDTH8_WEIGHTS_DEPTH16_LOG2_WEIGHTS_DEPTH4_PE_SEL_WIDTH8_PE_OUTPUT_WIDTH32
                     ZeroWireload          tcbn28hpcplusbwp30p140tt0p8v25c
  lambda_pe_THIS_PE_ID191_IACTS_DATA_WIDTH8_WEIGHTS_DATA_WIDTH8_WEIGHTS_DEPTH16_LOG2_WEIGHTS_DEPTH4_PE_SEL_WIDTH8_PE_OUTPUT_WIDTH32
                     ZeroWireload          tcbn28hpcplusbwp30p140tt0p8v25c
  lambda_pe_THIS_PE_ID190_IACTS_DATA_WIDTH8_WEIGHTS_DATA_WIDTH8_WEIGHTS_DEPTH16_LOG2_WEIGHTS_DEPTH4_PE_SEL_WIDTH8_PE_OUTPUT_WIDTH32
                     ZeroWireload          tcbn28hpcplusbwp30p140tt0p8v25c
  lambda_pe_THIS_PE_ID189_IACTS_DATA_WIDTH8_WEIGHTS_DATA_WIDTH8_WEIGHTS_DEPTH16_LOG2_WEIGHTS_DEPTH4_PE_SEL_WIDTH8_PE_OUTPUT_WIDTH32
                     ZeroWireload          tcbn28hpcplusbwp30p140tt0p8v25c
  lambda_pe_THIS_PE_ID188_IACTS_DATA_WIDTH8_WEIGHTS_DATA_WIDTH8_WEIGHTS_DEPTH16_LOG2_WEIGHTS_DEPTH4_PE_SEL_WIDTH8_PE_OUTPUT_WIDTH32
                     ZeroWireload          tcbn28hpcplusbwp30p140tt0p8v25c
  lambda_pe_THIS_PE_ID187_IACTS_DATA_WIDTH8_WEIGHTS_DATA_WIDTH8_WEIGHTS_DEPTH16_LOG2_WEIGHTS_DEPTH4_PE_SEL_WIDTH8_PE_OUTPUT_WIDTH32
                     ZeroWireload          tcbn28hpcplusbwp30p140tt0p8v25c
  lambda_pe_THIS_PE_ID186_IACTS_DATA_WIDTH8_WEIGHTS_DATA_WIDTH8_WEIGHTS_DEPTH16_LOG2_WEIGHTS_DEPTH4_PE_SEL_WIDTH8_PE_OUTPUT_WIDTH32
                     ZeroWireload          tcbn28hpcplusbwp30p140tt0p8v25c
  lambda_pe_THIS_PE_ID185_IACTS_DATA_WIDTH8_WEIGHTS_DATA_WIDTH8_WEIGHTS_DEPTH16_LOG2_WEIGHTS_DEPTH4_PE_SEL_WIDTH8_PE_OUTPUT_WIDTH32
                     ZeroWireload          tcbn28hpcplusbwp30p140tt0p8v25c
  lambda_pe_THIS_PE_ID184_IACTS_DATA_WIDTH8_WEIGHTS_DATA_WIDTH8_WEIGHTS_DEPTH16_LOG2_WEIGHTS_DEPTH4_PE_SEL_WIDTH8_PE_OUTPUT_WIDTH32
                     ZeroWireload          tcbn28hpcplusbwp30p140tt0p8v25c
  lambda_pe_THIS_PE_ID183_IACTS_DATA_WIDTH8_WEIGHTS_DATA_WIDTH8_WEIGHTS_DEPTH16_LOG2_WEIGHTS_DEPTH4_PE_SEL_WIDTH8_PE_OUTPUT_WIDTH32
                     ZeroWireload          tcbn28hpcplusbwp30p140tt0p8v25c
  lambda_pe_THIS_PE_ID182_IACTS_DATA_WIDTH8_WEIGHTS_DATA_WIDTH8_WEIGHTS_DEPTH16_LOG2_WEIGHTS_DEPTH4_PE_SEL_WIDTH8_PE_OUTPUT_WIDTH32
                     ZeroWireload          tcbn28hpcplusbwp30p140tt0p8v25c
  lambda_pe_THIS_PE_ID181_IACTS_DATA_WIDTH8_WEIGHTS_DATA_WIDTH8_WEIGHTS_DEPTH16_LOG2_WEIGHTS_DEPTH4_PE_SEL_WIDTH8_PE_OUTPUT_WIDTH32
                     ZeroWireload          tcbn28hpcplusbwp30p140tt0p8v25c
  lambda_pe_THIS_PE_ID180_IACTS_DATA_WIDTH8_WEIGHTS_DATA_WIDTH8_WEIGHTS_DEPTH16_LOG2_WEIGHTS_DEPTH4_PE_SEL_WIDTH8_PE_OUTPUT_WIDTH32
                     ZeroWireload          tcbn28hpcplusbwp30p140tt0p8v25c
  lambda_pe_THIS_PE_ID179_IACTS_DATA_WIDTH8_WEIGHTS_DATA_WIDTH8_WEIGHTS_DEPTH16_LOG2_WEIGHTS_DEPTH4_PE_SEL_WIDTH8_PE_OUTPUT_WIDTH32
                     ZeroWireload          tcbn28hpcplusbwp30p140tt0p8v25c
  lambda_pe_THIS_PE_ID178_IACTS_DATA_WIDTH8_WEIGHTS_DATA_WIDTH8_WEIGHTS_DEPTH16_LOG2_WEIGHTS_DEPTH4_PE_SEL_WIDTH8_PE_OUTPUT_WIDTH32
                     ZeroWireload          tcbn28hpcplusbwp30p140tt0p8v25c
  lambda_pe_THIS_PE_ID177_IACTS_DATA_WIDTH8_WEIGHTS_DATA_WIDTH8_WEIGHTS_DEPTH16_LOG2_WEIGHTS_DEPTH4_PE_SEL_WIDTH8_PE_OUTPUT_WIDTH32
                     ZeroWireload          tcbn28hpcplusbwp30p140tt0p8v25c
  lambda_pe_THIS_PE_ID176_IACTS_DATA_WIDTH8_WEIGHTS_DATA_WIDTH8_WEIGHTS_DEPTH16_LOG2_WEIGHTS_DEPTH4_PE_SEL_WIDTH8_PE_OUTPUT_WIDTH32
                     ZeroWireload          tcbn28hpcplusbwp30p140tt0p8v25c
  lambda_pe_THIS_PE_ID175_IACTS_DATA_WIDTH8_WEIGHTS_DATA_WIDTH8_WEIGHTS_DEPTH16_LOG2_WEIGHTS_DEPTH4_PE_SEL_WIDTH8_PE_OUTPUT_WIDTH32
                     ZeroWireload          tcbn28hpcplusbwp30p140tt0p8v25c
  lambda_pe_THIS_PE_ID174_IACTS_DATA_WIDTH8_WEIGHTS_DATA_WIDTH8_WEIGHTS_DEPTH16_LOG2_WEIGHTS_DEPTH4_PE_SEL_WIDTH8_PE_OUTPUT_WIDTH32
                     ZeroWireload          tcbn28hpcplusbwp30p140tt0p8v25c
  lambda_pe_THIS_PE_ID173_IACTS_DATA_WIDTH8_WEIGHTS_DATA_WIDTH8_WEIGHTS_DEPTH16_LOG2_WEIGHTS_DEPTH4_PE_SEL_WIDTH8_PE_OUTPUT_WIDTH32
                     ZeroWireload          tcbn28hpcplusbwp30p140tt0p8v25c
  lambda_pe_THIS_PE_ID172_IACTS_DATA_WIDTH8_WEIGHTS_DATA_WIDTH8_WEIGHTS_DEPTH16_LOG2_WEIGHTS_DEPTH4_PE_SEL_WIDTH8_PE_OUTPUT_WIDTH32
                     ZeroWireload          tcbn28hpcplusbwp30p140tt0p8v25c
  lambda_pe_THIS_PE_ID171_IACTS_DATA_WIDTH8_WEIGHTS_DATA_WIDTH8_WEIGHTS_DEPTH16_LOG2_WEIGHTS_DEPTH4_PE_SEL_WIDTH8_PE_OUTPUT_WIDTH32
                     ZeroWireload          tcbn28hpcplusbwp30p140tt0p8v25c
  lambda_pe_THIS_PE_ID170_IACTS_DATA_WIDTH8_WEIGHTS_DATA_WIDTH8_WEIGHTS_DEPTH16_LOG2_WEIGHTS_DEPTH4_PE_SEL_WIDTH8_PE_OUTPUT_WIDTH32
                     ZeroWireload          tcbn28hpcplusbwp30p140tt0p8v25c
  lambda_pe_THIS_PE_ID169_IACTS_DATA_WIDTH8_WEIGHTS_DATA_WIDTH8_WEIGHTS_DEPTH16_LOG2_WEIGHTS_DEPTH4_PE_SEL_WIDTH8_PE_OUTPUT_WIDTH32
                     ZeroWireload          tcbn28hpcplusbwp30p140tt0p8v25c
  lambda_pe_THIS_PE_ID168_IACTS_DATA_WIDTH8_WEIGHTS_DATA_WIDTH8_WEIGHTS_DEPTH16_LOG2_WEIGHTS_DEPTH4_PE_SEL_WIDTH8_PE_OUTPUT_WIDTH32
                     ZeroWireload          tcbn28hpcplusbwp30p140tt0p8v25c
  lambda_pe_THIS_PE_ID167_IACTS_DATA_WIDTH8_WEIGHTS_DATA_WIDTH8_WEIGHTS_DEPTH16_LOG2_WEIGHTS_DEPTH4_PE_SEL_WIDTH8_PE_OUTPUT_WIDTH32
                     ZeroWireload          tcbn28hpcplusbwp30p140tt0p8v25c
  lambda_pe_THIS_PE_ID166_IACTS_DATA_WIDTH8_WEIGHTS_DATA_WIDTH8_WEIGHTS_DEPTH16_LOG2_WEIGHTS_DEPTH4_PE_SEL_WIDTH8_PE_OUTPUT_WIDTH32
                     ZeroWireload          tcbn28hpcplusbwp30p140tt0p8v25c
  lambda_pe_THIS_PE_ID165_IACTS_DATA_WIDTH8_WEIGHTS_DATA_WIDTH8_WEIGHTS_DEPTH16_LOG2_WEIGHTS_DEPTH4_PE_SEL_WIDTH8_PE_OUTPUT_WIDTH32
                     ZeroWireload          tcbn28hpcplusbwp30p140tt0p8v25c
  lambda_pe_THIS_PE_ID164_IACTS_DATA_WIDTH8_WEIGHTS_DATA_WIDTH8_WEIGHTS_DEPTH16_LOG2_WEIGHTS_DEPTH4_PE_SEL_WIDTH8_PE_OUTPUT_WIDTH32
                     ZeroWireload          tcbn28hpcplusbwp30p140tt0p8v25c
  lambda_pe_THIS_PE_ID163_IACTS_DATA_WIDTH8_WEIGHTS_DATA_WIDTH8_WEIGHTS_DEPTH16_LOG2_WEIGHTS_DEPTH4_PE_SEL_WIDTH8_PE_OUTPUT_WIDTH32
                     ZeroWireload          tcbn28hpcplusbwp30p140tt0p8v25c
  lambda_pe_THIS_PE_ID162_IACTS_DATA_WIDTH8_WEIGHTS_DATA_WIDTH8_WEIGHTS_DEPTH16_LOG2_WEIGHTS_DEPTH4_PE_SEL_WIDTH8_PE_OUTPUT_WIDTH32
                     ZeroWireload          tcbn28hpcplusbwp30p140tt0p8v25c
  lambda_pe_THIS_PE_ID161_IACTS_DATA_WIDTH8_WEIGHTS_DATA_WIDTH8_WEIGHTS_DEPTH16_LOG2_WEIGHTS_DEPTH4_PE_SEL_WIDTH8_PE_OUTPUT_WIDTH32
                     ZeroWireload          tcbn28hpcplusbwp30p140tt0p8v25c
  lambda_pe_THIS_PE_ID160_IACTS_DATA_WIDTH8_WEIGHTS_DATA_WIDTH8_WEIGHTS_DEPTH16_LOG2_WEIGHTS_DEPTH4_PE_SEL_WIDTH8_PE_OUTPUT_WIDTH32
                     ZeroWireload          tcbn28hpcplusbwp30p140tt0p8v25c
  lambda_pe_THIS_PE_ID159_IACTS_DATA_WIDTH8_WEIGHTS_DATA_WIDTH8_WEIGHTS_DEPTH16_LOG2_WEIGHTS_DEPTH4_PE_SEL_WIDTH8_PE_OUTPUT_WIDTH32
                     ZeroWireload          tcbn28hpcplusbwp30p140tt0p8v25c
  lambda_pe_THIS_PE_ID158_IACTS_DATA_WIDTH8_WEIGHTS_DATA_WIDTH8_WEIGHTS_DEPTH16_LOG2_WEIGHTS_DEPTH4_PE_SEL_WIDTH8_PE_OUTPUT_WIDTH32
                     ZeroWireload          tcbn28hpcplusbwp30p140tt0p8v25c
  lambda_pe_THIS_PE_ID157_IACTS_DATA_WIDTH8_WEIGHTS_DATA_WIDTH8_WEIGHTS_DEPTH16_LOG2_WEIGHTS_DEPTH4_PE_SEL_WIDTH8_PE_OUTPUT_WIDTH32
                     ZeroWireload          tcbn28hpcplusbwp30p140tt0p8v25c
  lambda_pe_THIS_PE_ID156_IACTS_DATA_WIDTH8_WEIGHTS_DATA_WIDTH8_WEIGHTS_DEPTH16_LOG2_WEIGHTS_DEPTH4_PE_SEL_WIDTH8_PE_OUTPUT_WIDTH32
                     ZeroWireload          tcbn28hpcplusbwp30p140tt0p8v25c
  lambda_pe_THIS_PE_ID155_IACTS_DATA_WIDTH8_WEIGHTS_DATA_WIDTH8_WEIGHTS_DEPTH16_LOG2_WEIGHTS_DEPTH4_PE_SEL_WIDTH8_PE_OUTPUT_WIDTH32
                     ZeroWireload          tcbn28hpcplusbwp30p140tt0p8v25c
  lambda_pe_THIS_PE_ID154_IACTS_DATA_WIDTH8_WEIGHTS_DATA_WIDTH8_WEIGHTS_DEPTH16_LOG2_WEIGHTS_DEPTH4_PE_SEL_WIDTH8_PE_OUTPUT_WIDTH32
                     ZeroWireload          tcbn28hpcplusbwp30p140tt0p8v25c
  lambda_pe_THIS_PE_ID153_IACTS_DATA_WIDTH8_WEIGHTS_DATA_WIDTH8_WEIGHTS_DEPTH16_LOG2_WEIGHTS_DEPTH4_PE_SEL_WIDTH8_PE_OUTPUT_WIDTH32
                     ZeroWireload          tcbn28hpcplusbwp30p140tt0p8v25c
  lambda_pe_THIS_PE_ID152_IACTS_DATA_WIDTH8_WEIGHTS_DATA_WIDTH8_WEIGHTS_DEPTH16_LOG2_WEIGHTS_DEPTH4_PE_SEL_WIDTH8_PE_OUTPUT_WIDTH32
                     ZeroWireload          tcbn28hpcplusbwp30p140tt0p8v25c
  lambda_pe_THIS_PE_ID151_IACTS_DATA_WIDTH8_WEIGHTS_DATA_WIDTH8_WEIGHTS_DEPTH16_LOG2_WEIGHTS_DEPTH4_PE_SEL_WIDTH8_PE_OUTPUT_WIDTH32
                     ZeroWireload          tcbn28hpcplusbwp30p140tt0p8v25c
  lambda_pe_THIS_PE_ID150_IACTS_DATA_WIDTH8_WEIGHTS_DATA_WIDTH8_WEIGHTS_DEPTH16_LOG2_WEIGHTS_DEPTH4_PE_SEL_WIDTH8_PE_OUTPUT_WIDTH32
                     ZeroWireload          tcbn28hpcplusbwp30p140tt0p8v25c
  lambda_pe_THIS_PE_ID149_IACTS_DATA_WIDTH8_WEIGHTS_DATA_WIDTH8_WEIGHTS_DEPTH16_LOG2_WEIGHTS_DEPTH4_PE_SEL_WIDTH8_PE_OUTPUT_WIDTH32
                     ZeroWireload          tcbn28hpcplusbwp30p140tt0p8v25c
  lambda_pe_THIS_PE_ID148_IACTS_DATA_WIDTH8_WEIGHTS_DATA_WIDTH8_WEIGHTS_DEPTH16_LOG2_WEIGHTS_DEPTH4_PE_SEL_WIDTH8_PE_OUTPUT_WIDTH32
                     ZeroWireload          tcbn28hpcplusbwp30p140tt0p8v25c
  lambda_pe_THIS_PE_ID147_IACTS_DATA_WIDTH8_WEIGHTS_DATA_WIDTH8_WEIGHTS_DEPTH16_LOG2_WEIGHTS_DEPTH4_PE_SEL_WIDTH8_PE_OUTPUT_WIDTH32
                     ZeroWireload          tcbn28hpcplusbwp30p140tt0p8v25c
  lambda_pe_THIS_PE_ID146_IACTS_DATA_WIDTH8_WEIGHTS_DATA_WIDTH8_WEIGHTS_DEPTH16_LOG2_WEIGHTS_DEPTH4_PE_SEL_WIDTH8_PE_OUTPUT_WIDTH32
                     ZeroWireload          tcbn28hpcplusbwp30p140tt0p8v25c
  lambda_pe_THIS_PE_ID145_IACTS_DATA_WIDTH8_WEIGHTS_DATA_WIDTH8_WEIGHTS_DEPTH16_LOG2_WEIGHTS_DEPTH4_PE_SEL_WIDTH8_PE_OUTPUT_WIDTH32
                     ZeroWireload          tcbn28hpcplusbwp30p140tt0p8v25c
  lambda_pe_THIS_PE_ID144_IACTS_DATA_WIDTH8_WEIGHTS_DATA_WIDTH8_WEIGHTS_DEPTH16_LOG2_WEIGHTS_DEPTH4_PE_SEL_WIDTH8_PE_OUTPUT_WIDTH32
                     ZeroWireload          tcbn28hpcplusbwp30p140tt0p8v25c
  lambda_pe_THIS_PE_ID143_IACTS_DATA_WIDTH8_WEIGHTS_DATA_WIDTH8_WEIGHTS_DEPTH16_LOG2_WEIGHTS_DEPTH4_PE_SEL_WIDTH8_PE_OUTPUT_WIDTH32
                     ZeroWireload          tcbn28hpcplusbwp30p140tt0p8v25c
  lambda_pe_THIS_PE_ID142_IACTS_DATA_WIDTH8_WEIGHTS_DATA_WIDTH8_WEIGHTS_DEPTH16_LOG2_WEIGHTS_DEPTH4_PE_SEL_WIDTH8_PE_OUTPUT_WIDTH32
                     ZeroWireload          tcbn28hpcplusbwp30p140tt0p8v25c
  lambda_pe_THIS_PE_ID141_IACTS_DATA_WIDTH8_WEIGHTS_DATA_WIDTH8_WEIGHTS_DEPTH16_LOG2_WEIGHTS_DEPTH4_PE_SEL_WIDTH8_PE_OUTPUT_WIDTH32
                     ZeroWireload          tcbn28hpcplusbwp30p140tt0p8v25c
  lambda_pe_THIS_PE_ID140_IACTS_DATA_WIDTH8_WEIGHTS_DATA_WIDTH8_WEIGHTS_DEPTH16_LOG2_WEIGHTS_DEPTH4_PE_SEL_WIDTH8_PE_OUTPUT_WIDTH32
                     ZeroWireload          tcbn28hpcplusbwp30p140tt0p8v25c
  lambda_pe_THIS_PE_ID139_IACTS_DATA_WIDTH8_WEIGHTS_DATA_WIDTH8_WEIGHTS_DEPTH16_LOG2_WEIGHTS_DEPTH4_PE_SEL_WIDTH8_PE_OUTPUT_WIDTH32
                     ZeroWireload          tcbn28hpcplusbwp30p140tt0p8v25c
  lambda_pe_THIS_PE_ID138_IACTS_DATA_WIDTH8_WEIGHTS_DATA_WIDTH8_WEIGHTS_DEPTH16_LOG2_WEIGHTS_DEPTH4_PE_SEL_WIDTH8_PE_OUTPUT_WIDTH32
                     ZeroWireload          tcbn28hpcplusbwp30p140tt0p8v25c
  lambda_pe_THIS_PE_ID137_IACTS_DATA_WIDTH8_WEIGHTS_DATA_WIDTH8_WEIGHTS_DEPTH16_LOG2_WEIGHTS_DEPTH4_PE_SEL_WIDTH8_PE_OUTPUT_WIDTH32
                     ZeroWireload          tcbn28hpcplusbwp30p140tt0p8v25c
  lambda_pe_THIS_PE_ID136_IACTS_DATA_WIDTH8_WEIGHTS_DATA_WIDTH8_WEIGHTS_DEPTH16_LOG2_WEIGHTS_DEPTH4_PE_SEL_WIDTH8_PE_OUTPUT_WIDTH32
                     ZeroWireload          tcbn28hpcplusbwp30p140tt0p8v25c
  lambda_pe_THIS_PE_ID135_IACTS_DATA_WIDTH8_WEIGHTS_DATA_WIDTH8_WEIGHTS_DEPTH16_LOG2_WEIGHTS_DEPTH4_PE_SEL_WIDTH8_PE_OUTPUT_WIDTH32
                     ZeroWireload          tcbn28hpcplusbwp30p140tt0p8v25c
  lambda_pe_THIS_PE_ID134_IACTS_DATA_WIDTH8_WEIGHTS_DATA_WIDTH8_WEIGHTS_DEPTH16_LOG2_WEIGHTS_DEPTH4_PE_SEL_WIDTH8_PE_OUTPUT_WIDTH32
                     ZeroWireload          tcbn28hpcplusbwp30p140tt0p8v25c
  lambda_pe_THIS_PE_ID133_IACTS_DATA_WIDTH8_WEIGHTS_DATA_WIDTH8_WEIGHTS_DEPTH16_LOG2_WEIGHTS_DEPTH4_PE_SEL_WIDTH8_PE_OUTPUT_WIDTH32
                     ZeroWireload          tcbn28hpcplusbwp30p140tt0p8v25c
  lambda_pe_THIS_PE_ID132_IACTS_DATA_WIDTH8_WEIGHTS_DATA_WIDTH8_WEIGHTS_DEPTH16_LOG2_WEIGHTS_DEPTH4_PE_SEL_WIDTH8_PE_OUTPUT_WIDTH32
                     ZeroWireload          tcbn28hpcplusbwp30p140tt0p8v25c
  lambda_pe_THIS_PE_ID131_IACTS_DATA_WIDTH8_WEIGHTS_DATA_WIDTH8_WEIGHTS_DEPTH16_LOG2_WEIGHTS_DEPTH4_PE_SEL_WIDTH8_PE_OUTPUT_WIDTH32
                     ZeroWireload          tcbn28hpcplusbwp30p140tt0p8v25c
  lambda_pe_THIS_PE_ID130_IACTS_DATA_WIDTH8_WEIGHTS_DATA_WIDTH8_WEIGHTS_DEPTH16_LOG2_WEIGHTS_DEPTH4_PE_SEL_WIDTH8_PE_OUTPUT_WIDTH32
                     ZeroWireload          tcbn28hpcplusbwp30p140tt0p8v25c
  lambda_pe_THIS_PE_ID129_IACTS_DATA_WIDTH8_WEIGHTS_DATA_WIDTH8_WEIGHTS_DEPTH16_LOG2_WEIGHTS_DEPTH4_PE_SEL_WIDTH8_PE_OUTPUT_WIDTH32
                     ZeroWireload          tcbn28hpcplusbwp30p140tt0p8v25c
  lambda_pe_THIS_PE_ID128_IACTS_DATA_WIDTH8_WEIGHTS_DATA_WIDTH8_WEIGHTS_DEPTH16_LOG2_WEIGHTS_DEPTH4_PE_SEL_WIDTH8_PE_OUTPUT_WIDTH32
                     ZeroWireload          tcbn28hpcplusbwp30p140tt0p8v25c
  lambda_pe_THIS_PE_ID127_IACTS_DATA_WIDTH8_WEIGHTS_DATA_WIDTH8_WEIGHTS_DEPTH16_LOG2_WEIGHTS_DEPTH4_PE_SEL_WIDTH8_PE_OUTPUT_WIDTH32
                     ZeroWireload          tcbn28hpcplusbwp30p140tt0p8v25c
  lambda_pe_THIS_PE_ID126_IACTS_DATA_WIDTH8_WEIGHTS_DATA_WIDTH8_WEIGHTS_DEPTH16_LOG2_WEIGHTS_DEPTH4_PE_SEL_WIDTH8_PE_OUTPUT_WIDTH32
                     ZeroWireload          tcbn28hpcplusbwp30p140tt0p8v25c
  lambda_pe_THIS_PE_ID125_IACTS_DATA_WIDTH8_WEIGHTS_DATA_WIDTH8_WEIGHTS_DEPTH16_LOG2_WEIGHTS_DEPTH4_PE_SEL_WIDTH8_PE_OUTPUT_WIDTH32
                     ZeroWireload          tcbn28hpcplusbwp30p140tt0p8v25c
  lambda_pe_THIS_PE_ID124_IACTS_DATA_WIDTH8_WEIGHTS_DATA_WIDTH8_WEIGHTS_DEPTH16_LOG2_WEIGHTS_DEPTH4_PE_SEL_WIDTH8_PE_OUTPUT_WIDTH32
                     ZeroWireload          tcbn28hpcplusbwp30p140tt0p8v25c
  lambda_pe_THIS_PE_ID123_IACTS_DATA_WIDTH8_WEIGHTS_DATA_WIDTH8_WEIGHTS_DEPTH16_LOG2_WEIGHTS_DEPTH4_PE_SEL_WIDTH8_PE_OUTPUT_WIDTH32
                     ZeroWireload          tcbn28hpcplusbwp30p140tt0p8v25c
  lambda_pe_THIS_PE_ID122_IACTS_DATA_WIDTH8_WEIGHTS_DATA_WIDTH8_WEIGHTS_DEPTH16_LOG2_WEIGHTS_DEPTH4_PE_SEL_WIDTH8_PE_OUTPUT_WIDTH32
                     ZeroWireload          tcbn28hpcplusbwp30p140tt0p8v25c
  lambda_pe_THIS_PE_ID121_IACTS_DATA_WIDTH8_WEIGHTS_DATA_WIDTH8_WEIGHTS_DEPTH16_LOG2_WEIGHTS_DEPTH4_PE_SEL_WIDTH8_PE_OUTPUT_WIDTH32
                     ZeroWireload          tcbn28hpcplusbwp30p140tt0p8v25c
  lambda_pe_THIS_PE_ID120_IACTS_DATA_WIDTH8_WEIGHTS_DATA_WIDTH8_WEIGHTS_DEPTH16_LOG2_WEIGHTS_DEPTH4_PE_SEL_WIDTH8_PE_OUTPUT_WIDTH32
                     ZeroWireload          tcbn28hpcplusbwp30p140tt0p8v25c
  lambda_pe_THIS_PE_ID119_IACTS_DATA_WIDTH8_WEIGHTS_DATA_WIDTH8_WEIGHTS_DEPTH16_LOG2_WEIGHTS_DEPTH4_PE_SEL_WIDTH8_PE_OUTPUT_WIDTH32
                     ZeroWireload          tcbn28hpcplusbwp30p140tt0p8v25c
  lambda_pe_THIS_PE_ID118_IACTS_DATA_WIDTH8_WEIGHTS_DATA_WIDTH8_WEIGHTS_DEPTH16_LOG2_WEIGHTS_DEPTH4_PE_SEL_WIDTH8_PE_OUTPUT_WIDTH32
                     ZeroWireload          tcbn28hpcplusbwp30p140tt0p8v25c
  lambda_pe_THIS_PE_ID117_IACTS_DATA_WIDTH8_WEIGHTS_DATA_WIDTH8_WEIGHTS_DEPTH16_LOG2_WEIGHTS_DEPTH4_PE_SEL_WIDTH8_PE_OUTPUT_WIDTH32
                     ZeroWireload          tcbn28hpcplusbwp30p140tt0p8v25c
  lambda_pe_THIS_PE_ID116_IACTS_DATA_WIDTH8_WEIGHTS_DATA_WIDTH8_WEIGHTS_DEPTH16_LOG2_WEIGHTS_DEPTH4_PE_SEL_WIDTH8_PE_OUTPUT_WIDTH32
                     ZeroWireload          tcbn28hpcplusbwp30p140tt0p8v25c
  lambda_pe_THIS_PE_ID115_IACTS_DATA_WIDTH8_WEIGHTS_DATA_WIDTH8_WEIGHTS_DEPTH16_LOG2_WEIGHTS_DEPTH4_PE_SEL_WIDTH8_PE_OUTPUT_WIDTH32
                     ZeroWireload          tcbn28hpcplusbwp30p140tt0p8v25c
  lambda_pe_THIS_PE_ID114_IACTS_DATA_WIDTH8_WEIGHTS_DATA_WIDTH8_WEIGHTS_DEPTH16_LOG2_WEIGHTS_DEPTH4_PE_SEL_WIDTH8_PE_OUTPUT_WIDTH32
                     ZeroWireload          tcbn28hpcplusbwp30p140tt0p8v25c
  lambda_pe_THIS_PE_ID113_IACTS_DATA_WIDTH8_WEIGHTS_DATA_WIDTH8_WEIGHTS_DEPTH16_LOG2_WEIGHTS_DEPTH4_PE_SEL_WIDTH8_PE_OUTPUT_WIDTH32
                     ZeroWireload          tcbn28hpcplusbwp30p140tt0p8v25c
  lambda_pe_THIS_PE_ID112_IACTS_DATA_WIDTH8_WEIGHTS_DATA_WIDTH8_WEIGHTS_DEPTH16_LOG2_WEIGHTS_DEPTH4_PE_SEL_WIDTH8_PE_OUTPUT_WIDTH32
                     ZeroWireload          tcbn28hpcplusbwp30p140tt0p8v25c
  lambda_pe_THIS_PE_ID111_IACTS_DATA_WIDTH8_WEIGHTS_DATA_WIDTH8_WEIGHTS_DEPTH16_LOG2_WEIGHTS_DEPTH4_PE_SEL_WIDTH8_PE_OUTPUT_WIDTH32
                     ZeroWireload          tcbn28hpcplusbwp30p140tt0p8v25c
  lambda_pe_THIS_PE_ID110_IACTS_DATA_WIDTH8_WEIGHTS_DATA_WIDTH8_WEIGHTS_DEPTH16_LOG2_WEIGHTS_DEPTH4_PE_SEL_WIDTH8_PE_OUTPUT_WIDTH32
                     ZeroWireload          tcbn28hpcplusbwp30p140tt0p8v25c
  lambda_pe_THIS_PE_ID109_IACTS_DATA_WIDTH8_WEIGHTS_DATA_WIDTH8_WEIGHTS_DEPTH16_LOG2_WEIGHTS_DEPTH4_PE_SEL_WIDTH8_PE_OUTPUT_WIDTH32
                     ZeroWireload          tcbn28hpcplusbwp30p140tt0p8v25c
  lambda_pe_THIS_PE_ID108_IACTS_DATA_WIDTH8_WEIGHTS_DATA_WIDTH8_WEIGHTS_DEPTH16_LOG2_WEIGHTS_DEPTH4_PE_SEL_WIDTH8_PE_OUTPUT_WIDTH32
                     ZeroWireload          tcbn28hpcplusbwp30p140tt0p8v25c
  lambda_pe_THIS_PE_ID107_IACTS_DATA_WIDTH8_WEIGHTS_DATA_WIDTH8_WEIGHTS_DEPTH16_LOG2_WEIGHTS_DEPTH4_PE_SEL_WIDTH8_PE_OUTPUT_WIDTH32
                     ZeroWireload          tcbn28hpcplusbwp30p140tt0p8v25c
  lambda_pe_THIS_PE_ID106_IACTS_DATA_WIDTH8_WEIGHTS_DATA_WIDTH8_WEIGHTS_DEPTH16_LOG2_WEIGHTS_DEPTH4_PE_SEL_WIDTH8_PE_OUTPUT_WIDTH32
                     ZeroWireload          tcbn28hpcplusbwp30p140tt0p8v25c
  lambda_pe_THIS_PE_ID105_IACTS_DATA_WIDTH8_WEIGHTS_DATA_WIDTH8_WEIGHTS_DEPTH16_LOG2_WEIGHTS_DEPTH4_PE_SEL_WIDTH8_PE_OUTPUT_WIDTH32
                     ZeroWireload          tcbn28hpcplusbwp30p140tt0p8v25c
  lambda_pe_THIS_PE_ID104_IACTS_DATA_WIDTH8_WEIGHTS_DATA_WIDTH8_WEIGHTS_DEPTH16_LOG2_WEIGHTS_DEPTH4_PE_SEL_WIDTH8_PE_OUTPUT_WIDTH32
                     ZeroWireload          tcbn28hpcplusbwp30p140tt0p8v25c
  lambda_pe_THIS_PE_ID103_IACTS_DATA_WIDTH8_WEIGHTS_DATA_WIDTH8_WEIGHTS_DEPTH16_LOG2_WEIGHTS_DEPTH4_PE_SEL_WIDTH8_PE_OUTPUT_WIDTH32
                     ZeroWireload          tcbn28hpcplusbwp30p140tt0p8v25c
  lambda_pe_THIS_PE_ID102_IACTS_DATA_WIDTH8_WEIGHTS_DATA_WIDTH8_WEIGHTS_DEPTH16_LOG2_WEIGHTS_DEPTH4_PE_SEL_WIDTH8_PE_OUTPUT_WIDTH32
                     ZeroWireload          tcbn28hpcplusbwp30p140tt0p8v25c
  lambda_pe_THIS_PE_ID101_IACTS_DATA_WIDTH8_WEIGHTS_DATA_WIDTH8_WEIGHTS_DEPTH16_LOG2_WEIGHTS_DEPTH4_PE_SEL_WIDTH8_PE_OUTPUT_WIDTH32
                     ZeroWireload          tcbn28hpcplusbwp30p140tt0p8v25c
  lambda_pe_THIS_PE_ID100_IACTS_DATA_WIDTH8_WEIGHTS_DATA_WIDTH8_WEIGHTS_DEPTH16_LOG2_WEIGHTS_DEPTH4_PE_SEL_WIDTH8_PE_OUTPUT_WIDTH32
                     ZeroWireload          tcbn28hpcplusbwp30p140tt0p8v25c
  lambda_pe_THIS_PE_ID99_IACTS_DATA_WIDTH8_WEIGHTS_DATA_WIDTH8_WEIGHTS_DEPTH16_LOG2_WEIGHTS_DEPTH4_PE_SEL_WIDTH8_PE_OUTPUT_WIDTH32
                     ZeroWireload          tcbn28hpcplusbwp30p140tt0p8v25c
  lambda_pe_THIS_PE_ID98_IACTS_DATA_WIDTH8_WEIGHTS_DATA_WIDTH8_WEIGHTS_DEPTH16_LOG2_WEIGHTS_DEPTH4_PE_SEL_WIDTH8_PE_OUTPUT_WIDTH32
                     ZeroWireload          tcbn28hpcplusbwp30p140tt0p8v25c
  lambda_pe_THIS_PE_ID97_IACTS_DATA_WIDTH8_WEIGHTS_DATA_WIDTH8_WEIGHTS_DEPTH16_LOG2_WEIGHTS_DEPTH4_PE_SEL_WIDTH8_PE_OUTPUT_WIDTH32
                     ZeroWireload          tcbn28hpcplusbwp30p140tt0p8v25c
  lambda_pe_THIS_PE_ID96_IACTS_DATA_WIDTH8_WEIGHTS_DATA_WIDTH8_WEIGHTS_DEPTH16_LOG2_WEIGHTS_DEPTH4_PE_SEL_WIDTH8_PE_OUTPUT_WIDTH32
                     ZeroWireload          tcbn28hpcplusbwp30p140tt0p8v25c
  lambda_pe_THIS_PE_ID95_IACTS_DATA_WIDTH8_WEIGHTS_DATA_WIDTH8_WEIGHTS_DEPTH16_LOG2_WEIGHTS_DEPTH4_PE_SEL_WIDTH8_PE_OUTPUT_WIDTH32
                     ZeroWireload          tcbn28hpcplusbwp30p140tt0p8v25c
  lambda_pe_THIS_PE_ID94_IACTS_DATA_WIDTH8_WEIGHTS_DATA_WIDTH8_WEIGHTS_DEPTH16_LOG2_WEIGHTS_DEPTH4_PE_SEL_WIDTH8_PE_OUTPUT_WIDTH32
                     ZeroWireload          tcbn28hpcplusbwp30p140tt0p8v25c
  lambda_pe_THIS_PE_ID93_IACTS_DATA_WIDTH8_WEIGHTS_DATA_WIDTH8_WEIGHTS_DEPTH16_LOG2_WEIGHTS_DEPTH4_PE_SEL_WIDTH8_PE_OUTPUT_WIDTH32
                     ZeroWireload          tcbn28hpcplusbwp30p140tt0p8v25c
  lambda_pe_THIS_PE_ID92_IACTS_DATA_WIDTH8_WEIGHTS_DATA_WIDTH8_WEIGHTS_DEPTH16_LOG2_WEIGHTS_DEPTH4_PE_SEL_WIDTH8_PE_OUTPUT_WIDTH32
                     ZeroWireload          tcbn28hpcplusbwp30p140tt0p8v25c
  lambda_pe_THIS_PE_ID91_IACTS_DATA_WIDTH8_WEIGHTS_DATA_WIDTH8_WEIGHTS_DEPTH16_LOG2_WEIGHTS_DEPTH4_PE_SEL_WIDTH8_PE_OUTPUT_WIDTH32
                     ZeroWireload          tcbn28hpcplusbwp30p140tt0p8v25c
  lambda_pe_THIS_PE_ID90_IACTS_DATA_WIDTH8_WEIGHTS_DATA_WIDTH8_WEIGHTS_DEPTH16_LOG2_WEIGHTS_DEPTH4_PE_SEL_WIDTH8_PE_OUTPUT_WIDTH32
                     ZeroWireload          tcbn28hpcplusbwp30p140tt0p8v25c
  lambda_pe_THIS_PE_ID89_IACTS_DATA_WIDTH8_WEIGHTS_DATA_WIDTH8_WEIGHTS_DEPTH16_LOG2_WEIGHTS_DEPTH4_PE_SEL_WIDTH8_PE_OUTPUT_WIDTH32
                     ZeroWireload          tcbn28hpcplusbwp30p140tt0p8v25c
  lambda_pe_THIS_PE_ID88_IACTS_DATA_WIDTH8_WEIGHTS_DATA_WIDTH8_WEIGHTS_DEPTH16_LOG2_WEIGHTS_DEPTH4_PE_SEL_WIDTH8_PE_OUTPUT_WIDTH32
                     ZeroWireload          tcbn28hpcplusbwp30p140tt0p8v25c
  lambda_pe_THIS_PE_ID87_IACTS_DATA_WIDTH8_WEIGHTS_DATA_WIDTH8_WEIGHTS_DEPTH16_LOG2_WEIGHTS_DEPTH4_PE_SEL_WIDTH8_PE_OUTPUT_WIDTH32
                     ZeroWireload          tcbn28hpcplusbwp30p140tt0p8v25c
  lambda_pe_THIS_PE_ID86_IACTS_DATA_WIDTH8_WEIGHTS_DATA_WIDTH8_WEIGHTS_DEPTH16_LOG2_WEIGHTS_DEPTH4_PE_SEL_WIDTH8_PE_OUTPUT_WIDTH32
                     ZeroWireload          tcbn28hpcplusbwp30p140tt0p8v25c
  lambda_pe_THIS_PE_ID85_IACTS_DATA_WIDTH8_WEIGHTS_DATA_WIDTH8_WEIGHTS_DEPTH16_LOG2_WEIGHTS_DEPTH4_PE_SEL_WIDTH8_PE_OUTPUT_WIDTH32
                     ZeroWireload          tcbn28hpcplusbwp30p140tt0p8v25c
  lambda_pe_THIS_PE_ID84_IACTS_DATA_WIDTH8_WEIGHTS_DATA_WIDTH8_WEIGHTS_DEPTH16_LOG2_WEIGHTS_DEPTH4_PE_SEL_WIDTH8_PE_OUTPUT_WIDTH32
                     ZeroWireload          tcbn28hpcplusbwp30p140tt0p8v25c
  lambda_pe_THIS_PE_ID83_IACTS_DATA_WIDTH8_WEIGHTS_DATA_WIDTH8_WEIGHTS_DEPTH16_LOG2_WEIGHTS_DEPTH4_PE_SEL_WIDTH8_PE_OUTPUT_WIDTH32
                     ZeroWireload          tcbn28hpcplusbwp30p140tt0p8v25c
  lambda_pe_THIS_PE_ID82_IACTS_DATA_WIDTH8_WEIGHTS_DATA_WIDTH8_WEIGHTS_DEPTH16_LOG2_WEIGHTS_DEPTH4_PE_SEL_WIDTH8_PE_OUTPUT_WIDTH32
                     ZeroWireload          tcbn28hpcplusbwp30p140tt0p8v25c
  lambda_pe_THIS_PE_ID81_IACTS_DATA_WIDTH8_WEIGHTS_DATA_WIDTH8_WEIGHTS_DEPTH16_LOG2_WEIGHTS_DEPTH4_PE_SEL_WIDTH8_PE_OUTPUT_WIDTH32
                     ZeroWireload          tcbn28hpcplusbwp30p140tt0p8v25c
  lambda_pe_THIS_PE_ID80_IACTS_DATA_WIDTH8_WEIGHTS_DATA_WIDTH8_WEIGHTS_DEPTH16_LOG2_WEIGHTS_DEPTH4_PE_SEL_WIDTH8_PE_OUTPUT_WIDTH32
                     ZeroWireload          tcbn28hpcplusbwp30p140tt0p8v25c
  lambda_pe_THIS_PE_ID79_IACTS_DATA_WIDTH8_WEIGHTS_DATA_WIDTH8_WEIGHTS_DEPTH16_LOG2_WEIGHTS_DEPTH4_PE_SEL_WIDTH8_PE_OUTPUT_WIDTH32
                     ZeroWireload          tcbn28hpcplusbwp30p140tt0p8v25c
  lambda_pe_THIS_PE_ID78_IACTS_DATA_WIDTH8_WEIGHTS_DATA_WIDTH8_WEIGHTS_DEPTH16_LOG2_WEIGHTS_DEPTH4_PE_SEL_WIDTH8_PE_OUTPUT_WIDTH32
                     ZeroWireload          tcbn28hpcplusbwp30p140tt0p8v25c
  lambda_pe_THIS_PE_ID77_IACTS_DATA_WIDTH8_WEIGHTS_DATA_WIDTH8_WEIGHTS_DEPTH16_LOG2_WEIGHTS_DEPTH4_PE_SEL_WIDTH8_PE_OUTPUT_WIDTH32
                     ZeroWireload          tcbn28hpcplusbwp30p140tt0p8v25c
  lambda_pe_THIS_PE_ID76_IACTS_DATA_WIDTH8_WEIGHTS_DATA_WIDTH8_WEIGHTS_DEPTH16_LOG2_WEIGHTS_DEPTH4_PE_SEL_WIDTH8_PE_OUTPUT_WIDTH32
                     ZeroWireload          tcbn28hpcplusbwp30p140tt0p8v25c
  lambda_pe_THIS_PE_ID75_IACTS_DATA_WIDTH8_WEIGHTS_DATA_WIDTH8_WEIGHTS_DEPTH16_LOG2_WEIGHTS_DEPTH4_PE_SEL_WIDTH8_PE_OUTPUT_WIDTH32
                     ZeroWireload          tcbn28hpcplusbwp30p140tt0p8v25c
  lambda_pe_THIS_PE_ID74_IACTS_DATA_WIDTH8_WEIGHTS_DATA_WIDTH8_WEIGHTS_DEPTH16_LOG2_WEIGHTS_DEPTH4_PE_SEL_WIDTH8_PE_OUTPUT_WIDTH32
                     ZeroWireload          tcbn28hpcplusbwp30p140tt0p8v25c
  lambda_pe_THIS_PE_ID73_IACTS_DATA_WIDTH8_WEIGHTS_DATA_WIDTH8_WEIGHTS_DEPTH16_LOG2_WEIGHTS_DEPTH4_PE_SEL_WIDTH8_PE_OUTPUT_WIDTH32
                     ZeroWireload          tcbn28hpcplusbwp30p140tt0p8v25c
  lambda_pe_THIS_PE_ID72_IACTS_DATA_WIDTH8_WEIGHTS_DATA_WIDTH8_WEIGHTS_DEPTH16_LOG2_WEIGHTS_DEPTH4_PE_SEL_WIDTH8_PE_OUTPUT_WIDTH32
                     ZeroWireload          tcbn28hpcplusbwp30p140tt0p8v25c
  lambda_pe_THIS_PE_ID71_IACTS_DATA_WIDTH8_WEIGHTS_DATA_WIDTH8_WEIGHTS_DEPTH16_LOG2_WEIGHTS_DEPTH4_PE_SEL_WIDTH8_PE_OUTPUT_WIDTH32
                     ZeroWireload          tcbn28hpcplusbwp30p140tt0p8v25c
  lambda_pe_THIS_PE_ID70_IACTS_DATA_WIDTH8_WEIGHTS_DATA_WIDTH8_WEIGHTS_DEPTH16_LOG2_WEIGHTS_DEPTH4_PE_SEL_WIDTH8_PE_OUTPUT_WIDTH32
                     ZeroWireload          tcbn28hpcplusbwp30p140tt0p8v25c
  lambda_pe_THIS_PE_ID69_IACTS_DATA_WIDTH8_WEIGHTS_DATA_WIDTH8_WEIGHTS_DEPTH16_LOG2_WEIGHTS_DEPTH4_PE_SEL_WIDTH8_PE_OUTPUT_WIDTH32
                     ZeroWireload          tcbn28hpcplusbwp30p140tt0p8v25c
  lambda_pe_THIS_PE_ID68_IACTS_DATA_WIDTH8_WEIGHTS_DATA_WIDTH8_WEIGHTS_DEPTH16_LOG2_WEIGHTS_DEPTH4_PE_SEL_WIDTH8_PE_OUTPUT_WIDTH32
                     ZeroWireload          tcbn28hpcplusbwp30p140tt0p8v25c
  lambda_pe_THIS_PE_ID67_IACTS_DATA_WIDTH8_WEIGHTS_DATA_WIDTH8_WEIGHTS_DEPTH16_LOG2_WEIGHTS_DEPTH4_PE_SEL_WIDTH8_PE_OUTPUT_WIDTH32
                     ZeroWireload          tcbn28hpcplusbwp30p140tt0p8v25c
  lambda_pe_THIS_PE_ID66_IACTS_DATA_WIDTH8_WEIGHTS_DATA_WIDTH8_WEIGHTS_DEPTH16_LOG2_WEIGHTS_DEPTH4_PE_SEL_WIDTH8_PE_OUTPUT_WIDTH32
                     ZeroWireload          tcbn28hpcplusbwp30p140tt0p8v25c
  lambda_pe_THIS_PE_ID65_IACTS_DATA_WIDTH8_WEIGHTS_DATA_WIDTH8_WEIGHTS_DEPTH16_LOG2_WEIGHTS_DEPTH4_PE_SEL_WIDTH8_PE_OUTPUT_WIDTH32
                     ZeroWireload          tcbn28hpcplusbwp30p140tt0p8v25c
  lambda_pe_THIS_PE_ID64_IACTS_DATA_WIDTH8_WEIGHTS_DATA_WIDTH8_WEIGHTS_DEPTH16_LOG2_WEIGHTS_DEPTH4_PE_SEL_WIDTH8_PE_OUTPUT_WIDTH32
                     ZeroWireload          tcbn28hpcplusbwp30p140tt0p8v25c
  lambda_pe_THIS_PE_ID63_IACTS_DATA_WIDTH8_WEIGHTS_DATA_WIDTH8_WEIGHTS_DEPTH16_LOG2_WEIGHTS_DEPTH4_PE_SEL_WIDTH8_PE_OUTPUT_WIDTH32
                     ZeroWireload          tcbn28hpcplusbwp30p140tt0p8v25c
  lambda_pe_THIS_PE_ID62_IACTS_DATA_WIDTH8_WEIGHTS_DATA_WIDTH8_WEIGHTS_DEPTH16_LOG2_WEIGHTS_DEPTH4_PE_SEL_WIDTH8_PE_OUTPUT_WIDTH32
                     ZeroWireload          tcbn28hpcplusbwp30p140tt0p8v25c
  lambda_pe_THIS_PE_ID61_IACTS_DATA_WIDTH8_WEIGHTS_DATA_WIDTH8_WEIGHTS_DEPTH16_LOG2_WEIGHTS_DEPTH4_PE_SEL_WIDTH8_PE_OUTPUT_WIDTH32
                     ZeroWireload          tcbn28hpcplusbwp30p140tt0p8v25c
  lambda_pe_THIS_PE_ID60_IACTS_DATA_WIDTH8_WEIGHTS_DATA_WIDTH8_WEIGHTS_DEPTH16_LOG2_WEIGHTS_DEPTH4_PE_SEL_WIDTH8_PE_OUTPUT_WIDTH32
                     ZeroWireload          tcbn28hpcplusbwp30p140tt0p8v25c
  lambda_pe_THIS_PE_ID59_IACTS_DATA_WIDTH8_WEIGHTS_DATA_WIDTH8_WEIGHTS_DEPTH16_LOG2_WEIGHTS_DEPTH4_PE_SEL_WIDTH8_PE_OUTPUT_WIDTH32
                     ZeroWireload          tcbn28hpcplusbwp30p140tt0p8v25c
  lambda_pe_THIS_PE_ID58_IACTS_DATA_WIDTH8_WEIGHTS_DATA_WIDTH8_WEIGHTS_DEPTH16_LOG2_WEIGHTS_DEPTH4_PE_SEL_WIDTH8_PE_OUTPUT_WIDTH32
                     ZeroWireload          tcbn28hpcplusbwp30p140tt0p8v25c
  lambda_pe_THIS_PE_ID57_IACTS_DATA_WIDTH8_WEIGHTS_DATA_WIDTH8_WEIGHTS_DEPTH16_LOG2_WEIGHTS_DEPTH4_PE_SEL_WIDTH8_PE_OUTPUT_WIDTH32
                     ZeroWireload          tcbn28hpcplusbwp30p140tt0p8v25c
  lambda_pe_THIS_PE_ID56_IACTS_DATA_WIDTH8_WEIGHTS_DATA_WIDTH8_WEIGHTS_DEPTH16_LOG2_WEIGHTS_DEPTH4_PE_SEL_WIDTH8_PE_OUTPUT_WIDTH32
                     ZeroWireload          tcbn28hpcplusbwp30p140tt0p8v25c
  lambda_pe_THIS_PE_ID55_IACTS_DATA_WIDTH8_WEIGHTS_DATA_WIDTH8_WEIGHTS_DEPTH16_LOG2_WEIGHTS_DEPTH4_PE_SEL_WIDTH8_PE_OUTPUT_WIDTH32
                     ZeroWireload          tcbn28hpcplusbwp30p140tt0p8v25c
  lambda_pe_THIS_PE_ID54_IACTS_DATA_WIDTH8_WEIGHTS_DATA_WIDTH8_WEIGHTS_DEPTH16_LOG2_WEIGHTS_DEPTH4_PE_SEL_WIDTH8_PE_OUTPUT_WIDTH32
                     ZeroWireload          tcbn28hpcplusbwp30p140tt0p8v25c
  lambda_pe_THIS_PE_ID53_IACTS_DATA_WIDTH8_WEIGHTS_DATA_WIDTH8_WEIGHTS_DEPTH16_LOG2_WEIGHTS_DEPTH4_PE_SEL_WIDTH8_PE_OUTPUT_WIDTH32
                     ZeroWireload          tcbn28hpcplusbwp30p140tt0p8v25c
  lambda_pe_THIS_PE_ID52_IACTS_DATA_WIDTH8_WEIGHTS_DATA_WIDTH8_WEIGHTS_DEPTH16_LOG2_WEIGHTS_DEPTH4_PE_SEL_WIDTH8_PE_OUTPUT_WIDTH32
                     ZeroWireload          tcbn28hpcplusbwp30p140tt0p8v25c
  lambda_pe_THIS_PE_ID51_IACTS_DATA_WIDTH8_WEIGHTS_DATA_WIDTH8_WEIGHTS_DEPTH16_LOG2_WEIGHTS_DEPTH4_PE_SEL_WIDTH8_PE_OUTPUT_WIDTH32
                     ZeroWireload          tcbn28hpcplusbwp30p140tt0p8v25c
  lambda_pe_THIS_PE_ID50_IACTS_DATA_WIDTH8_WEIGHTS_DATA_WIDTH8_WEIGHTS_DEPTH16_LOG2_WEIGHTS_DEPTH4_PE_SEL_WIDTH8_PE_OUTPUT_WIDTH32
                     ZeroWireload          tcbn28hpcplusbwp30p140tt0p8v25c
  lambda_pe_THIS_PE_ID49_IACTS_DATA_WIDTH8_WEIGHTS_DATA_WIDTH8_WEIGHTS_DEPTH16_LOG2_WEIGHTS_DEPTH4_PE_SEL_WIDTH8_PE_OUTPUT_WIDTH32
                     ZeroWireload          tcbn28hpcplusbwp30p140tt0p8v25c
  lambda_pe_THIS_PE_ID48_IACTS_DATA_WIDTH8_WEIGHTS_DATA_WIDTH8_WEIGHTS_DEPTH16_LOG2_WEIGHTS_DEPTH4_PE_SEL_WIDTH8_PE_OUTPUT_WIDTH32
                     ZeroWireload          tcbn28hpcplusbwp30p140tt0p8v25c
  lambda_pe_THIS_PE_ID47_IACTS_DATA_WIDTH8_WEIGHTS_DATA_WIDTH8_WEIGHTS_DEPTH16_LOG2_WEIGHTS_DEPTH4_PE_SEL_WIDTH8_PE_OUTPUT_WIDTH32
                     ZeroWireload          tcbn28hpcplusbwp30p140tt0p8v25c
  lambda_pe_THIS_PE_ID46_IACTS_DATA_WIDTH8_WEIGHTS_DATA_WIDTH8_WEIGHTS_DEPTH16_LOG2_WEIGHTS_DEPTH4_PE_SEL_WIDTH8_PE_OUTPUT_WIDTH32
                     ZeroWireload          tcbn28hpcplusbwp30p140tt0p8v25c
  lambda_pe_THIS_PE_ID45_IACTS_DATA_WIDTH8_WEIGHTS_DATA_WIDTH8_WEIGHTS_DEPTH16_LOG2_WEIGHTS_DEPTH4_PE_SEL_WIDTH8_PE_OUTPUT_WIDTH32
                     ZeroWireload          tcbn28hpcplusbwp30p140tt0p8v25c
  lambda_pe_THIS_PE_ID44_IACTS_DATA_WIDTH8_WEIGHTS_DATA_WIDTH8_WEIGHTS_DEPTH16_LOG2_WEIGHTS_DEPTH4_PE_SEL_WIDTH8_PE_OUTPUT_WIDTH32
                     ZeroWireload          tcbn28hpcplusbwp30p140tt0p8v25c
  lambda_pe_THIS_PE_ID43_IACTS_DATA_WIDTH8_WEIGHTS_DATA_WIDTH8_WEIGHTS_DEPTH16_LOG2_WEIGHTS_DEPTH4_PE_SEL_WIDTH8_PE_OUTPUT_WIDTH32
                     ZeroWireload          tcbn28hpcplusbwp30p140tt0p8v25c
  lambda_pe_THIS_PE_ID42_IACTS_DATA_WIDTH8_WEIGHTS_DATA_WIDTH8_WEIGHTS_DEPTH16_LOG2_WEIGHTS_DEPTH4_PE_SEL_WIDTH8_PE_OUTPUT_WIDTH32
                     ZeroWireload          tcbn28hpcplusbwp30p140tt0p8v25c
  lambda_pe_THIS_PE_ID41_IACTS_DATA_WIDTH8_WEIGHTS_DATA_WIDTH8_WEIGHTS_DEPTH16_LOG2_WEIGHTS_DEPTH4_PE_SEL_WIDTH8_PE_OUTPUT_WIDTH32
                     ZeroWireload          tcbn28hpcplusbwp30p140tt0p8v25c
  lambda_pe_THIS_PE_ID40_IACTS_DATA_WIDTH8_WEIGHTS_DATA_WIDTH8_WEIGHTS_DEPTH16_LOG2_WEIGHTS_DEPTH4_PE_SEL_WIDTH8_PE_OUTPUT_WIDTH32
                     ZeroWireload          tcbn28hpcplusbwp30p140tt0p8v25c
  lambda_pe_THIS_PE_ID39_IACTS_DATA_WIDTH8_WEIGHTS_DATA_WIDTH8_WEIGHTS_DEPTH16_LOG2_WEIGHTS_DEPTH4_PE_SEL_WIDTH8_PE_OUTPUT_WIDTH32
                     ZeroWireload          tcbn28hpcplusbwp30p140tt0p8v25c
  lambda_pe_THIS_PE_ID38_IACTS_DATA_WIDTH8_WEIGHTS_DATA_WIDTH8_WEIGHTS_DEPTH16_LOG2_WEIGHTS_DEPTH4_PE_SEL_WIDTH8_PE_OUTPUT_WIDTH32
                     ZeroWireload          tcbn28hpcplusbwp30p140tt0p8v25c
  lambda_pe_THIS_PE_ID37_IACTS_DATA_WIDTH8_WEIGHTS_DATA_WIDTH8_WEIGHTS_DEPTH16_LOG2_WEIGHTS_DEPTH4_PE_SEL_WIDTH8_PE_OUTPUT_WIDTH32
                     ZeroWireload          tcbn28hpcplusbwp30p140tt0p8v25c
  lambda_pe_THIS_PE_ID36_IACTS_DATA_WIDTH8_WEIGHTS_DATA_WIDTH8_WEIGHTS_DEPTH16_LOG2_WEIGHTS_DEPTH4_PE_SEL_WIDTH8_PE_OUTPUT_WIDTH32
                     ZeroWireload          tcbn28hpcplusbwp30p140tt0p8v25c
  lambda_pe_THIS_PE_ID35_IACTS_DATA_WIDTH8_WEIGHTS_DATA_WIDTH8_WEIGHTS_DEPTH16_LOG2_WEIGHTS_DEPTH4_PE_SEL_WIDTH8_PE_OUTPUT_WIDTH32
                     ZeroWireload          tcbn28hpcplusbwp30p140tt0p8v25c
  lambda_pe_THIS_PE_ID34_IACTS_DATA_WIDTH8_WEIGHTS_DATA_WIDTH8_WEIGHTS_DEPTH16_LOG2_WEIGHTS_DEPTH4_PE_SEL_WIDTH8_PE_OUTPUT_WIDTH32
                     ZeroWireload          tcbn28hpcplusbwp30p140tt0p8v25c
  lambda_pe_THIS_PE_ID33_IACTS_DATA_WIDTH8_WEIGHTS_DATA_WIDTH8_WEIGHTS_DEPTH16_LOG2_WEIGHTS_DEPTH4_PE_SEL_WIDTH8_PE_OUTPUT_WIDTH32
                     ZeroWireload          tcbn28hpcplusbwp30p140tt0p8v25c
  lambda_pe_THIS_PE_ID32_IACTS_DATA_WIDTH8_WEIGHTS_DATA_WIDTH8_WEIGHTS_DEPTH16_LOG2_WEIGHTS_DEPTH4_PE_SEL_WIDTH8_PE_OUTPUT_WIDTH32
                     ZeroWireload          tcbn28hpcplusbwp30p140tt0p8v25c
  lambda_pe_THIS_PE_ID31_IACTS_DATA_WIDTH8_WEIGHTS_DATA_WIDTH8_WEIGHTS_DEPTH16_LOG2_WEIGHTS_DEPTH4_PE_SEL_WIDTH8_PE_OUTPUT_WIDTH32
                     ZeroWireload          tcbn28hpcplusbwp30p140tt0p8v25c
  lambda_pe_THIS_PE_ID30_IACTS_DATA_WIDTH8_WEIGHTS_DATA_WIDTH8_WEIGHTS_DEPTH16_LOG2_WEIGHTS_DEPTH4_PE_SEL_WIDTH8_PE_OUTPUT_WIDTH32
                     ZeroWireload          tcbn28hpcplusbwp30p140tt0p8v25c
  lambda_pe_THIS_PE_ID29_IACTS_DATA_WIDTH8_WEIGHTS_DATA_WIDTH8_WEIGHTS_DEPTH16_LOG2_WEIGHTS_DEPTH4_PE_SEL_WIDTH8_PE_OUTPUT_WIDTH32
                     ZeroWireload          tcbn28hpcplusbwp30p140tt0p8v25c
  lambda_pe_THIS_PE_ID28_IACTS_DATA_WIDTH8_WEIGHTS_DATA_WIDTH8_WEIGHTS_DEPTH16_LOG2_WEIGHTS_DEPTH4_PE_SEL_WIDTH8_PE_OUTPUT_WIDTH32
                     ZeroWireload          tcbn28hpcplusbwp30p140tt0p8v25c
  lambda_pe_THIS_PE_ID27_IACTS_DATA_WIDTH8_WEIGHTS_DATA_WIDTH8_WEIGHTS_DEPTH16_LOG2_WEIGHTS_DEPTH4_PE_SEL_WIDTH8_PE_OUTPUT_WIDTH32
                     ZeroWireload          tcbn28hpcplusbwp30p140tt0p8v25c
  lambda_pe_THIS_PE_ID26_IACTS_DATA_WIDTH8_WEIGHTS_DATA_WIDTH8_WEIGHTS_DEPTH16_LOG2_WEIGHTS_DEPTH4_PE_SEL_WIDTH8_PE_OUTPUT_WIDTH32
                     ZeroWireload          tcbn28hpcplusbwp30p140tt0p8v25c
  lambda_pe_THIS_PE_ID25_IACTS_DATA_WIDTH8_WEIGHTS_DATA_WIDTH8_WEIGHTS_DEPTH16_LOG2_WEIGHTS_DEPTH4_PE_SEL_WIDTH8_PE_OUTPUT_WIDTH32
                     ZeroWireload          tcbn28hpcplusbwp30p140tt0p8v25c
  lambda_pe_THIS_PE_ID24_IACTS_DATA_WIDTH8_WEIGHTS_DATA_WIDTH8_WEIGHTS_DEPTH16_LOG2_WEIGHTS_DEPTH4_PE_SEL_WIDTH8_PE_OUTPUT_WIDTH32
                     ZeroWireload          tcbn28hpcplusbwp30p140tt0p8v25c
  lambda_pe_THIS_PE_ID23_IACTS_DATA_WIDTH8_WEIGHTS_DATA_WIDTH8_WEIGHTS_DEPTH16_LOG2_WEIGHTS_DEPTH4_PE_SEL_WIDTH8_PE_OUTPUT_WIDTH32
                     ZeroWireload          tcbn28hpcplusbwp30p140tt0p8v25c
  lambda_pe_THIS_PE_ID22_IACTS_DATA_WIDTH8_WEIGHTS_DATA_WIDTH8_WEIGHTS_DEPTH16_LOG2_WEIGHTS_DEPTH4_PE_SEL_WIDTH8_PE_OUTPUT_WIDTH32
                     ZeroWireload          tcbn28hpcplusbwp30p140tt0p8v25c
  lambda_pe_THIS_PE_ID21_IACTS_DATA_WIDTH8_WEIGHTS_DATA_WIDTH8_WEIGHTS_DEPTH16_LOG2_WEIGHTS_DEPTH4_PE_SEL_WIDTH8_PE_OUTPUT_WIDTH32
                     ZeroWireload          tcbn28hpcplusbwp30p140tt0p8v25c
  lambda_pe_THIS_PE_ID20_IACTS_DATA_WIDTH8_WEIGHTS_DATA_WIDTH8_WEIGHTS_DEPTH16_LOG2_WEIGHTS_DEPTH4_PE_SEL_WIDTH8_PE_OUTPUT_WIDTH32
                     ZeroWireload          tcbn28hpcplusbwp30p140tt0p8v25c
  lambda_pe_THIS_PE_ID19_IACTS_DATA_WIDTH8_WEIGHTS_DATA_WIDTH8_WEIGHTS_DEPTH16_LOG2_WEIGHTS_DEPTH4_PE_SEL_WIDTH8_PE_OUTPUT_WIDTH32
                     ZeroWireload          tcbn28hpcplusbwp30p140tt0p8v25c
  lambda_pe_THIS_PE_ID18_IACTS_DATA_WIDTH8_WEIGHTS_DATA_WIDTH8_WEIGHTS_DEPTH16_LOG2_WEIGHTS_DEPTH4_PE_SEL_WIDTH8_PE_OUTPUT_WIDTH32
                     ZeroWireload          tcbn28hpcplusbwp30p140tt0p8v25c
  lambda_pe_THIS_PE_ID17_IACTS_DATA_WIDTH8_WEIGHTS_DATA_WIDTH8_WEIGHTS_DEPTH16_LOG2_WEIGHTS_DEPTH4_PE_SEL_WIDTH8_PE_OUTPUT_WIDTH32
                     ZeroWireload          tcbn28hpcplusbwp30p140tt0p8v25c
  lambda_pe_THIS_PE_ID16_IACTS_DATA_WIDTH8_WEIGHTS_DATA_WIDTH8_WEIGHTS_DEPTH16_LOG2_WEIGHTS_DEPTH4_PE_SEL_WIDTH8_PE_OUTPUT_WIDTH32
                     ZeroWireload          tcbn28hpcplusbwp30p140tt0p8v25c
  o_bus_autopick_seq_NUM_INPUT_DATA16_DATA_WIDTH32_15
                     ZeroWireload          tcbn28hpcplusbwp30p140tt0p8v25c
  lambda_pe_THIS_PE_ID15_IACTS_DATA_WIDTH8_WEIGHTS_DATA_WIDTH8_WEIGHTS_DEPTH16_LOG2_WEIGHTS_DEPTH4_PE_SEL_WIDTH8_PE_OUTPUT_WIDTH32
                     ZeroWireload          tcbn28hpcplusbwp30p140tt0p8v25c
  lambda_pe_THIS_PE_ID14_IACTS_DATA_WIDTH8_WEIGHTS_DATA_WIDTH8_WEIGHTS_DEPTH16_LOG2_WEIGHTS_DEPTH4_PE_SEL_WIDTH8_PE_OUTPUT_WIDTH32
                     ZeroWireload          tcbn28hpcplusbwp30p140tt0p8v25c
  lambda_pe_THIS_PE_ID13_IACTS_DATA_WIDTH8_WEIGHTS_DATA_WIDTH8_WEIGHTS_DEPTH16_LOG2_WEIGHTS_DEPTH4_PE_SEL_WIDTH8_PE_OUTPUT_WIDTH32
                     ZeroWireload          tcbn28hpcplusbwp30p140tt0p8v25c
  lambda_pe_THIS_PE_ID12_IACTS_DATA_WIDTH8_WEIGHTS_DATA_WIDTH8_WEIGHTS_DEPTH16_LOG2_WEIGHTS_DEPTH4_PE_SEL_WIDTH8_PE_OUTPUT_WIDTH32
                     ZeroWireload          tcbn28hpcplusbwp30p140tt0p8v25c
  lambda_pe_THIS_PE_ID11_IACTS_DATA_WIDTH8_WEIGHTS_DATA_WIDTH8_WEIGHTS_DEPTH16_LOG2_WEIGHTS_DEPTH4_PE_SEL_WIDTH8_PE_OUTPUT_WIDTH32
                     ZeroWireload          tcbn28hpcplusbwp30p140tt0p8v25c
  lambda_pe_THIS_PE_ID10_IACTS_DATA_WIDTH8_WEIGHTS_DATA_WIDTH8_WEIGHTS_DEPTH16_LOG2_WEIGHTS_DEPTH4_PE_SEL_WIDTH8_PE_OUTPUT_WIDTH32
                     ZeroWireload          tcbn28hpcplusbwp30p140tt0p8v25c
  lambda_pe_THIS_PE_ID9_IACTS_DATA_WIDTH8_WEIGHTS_DATA_WIDTH8_WEIGHTS_DEPTH16_LOG2_WEIGHTS_DEPTH4_PE_SEL_WIDTH8_PE_OUTPUT_WIDTH32
                     ZeroWireload          tcbn28hpcplusbwp30p140tt0p8v25c
  lambda_pe_THIS_PE_ID8_IACTS_DATA_WIDTH8_WEIGHTS_DATA_WIDTH8_WEIGHTS_DEPTH16_LOG2_WEIGHTS_DEPTH4_PE_SEL_WIDTH8_PE_OUTPUT_WIDTH32
                     ZeroWireload          tcbn28hpcplusbwp30p140tt0p8v25c
  lambda_pe_THIS_PE_ID7_IACTS_DATA_WIDTH8_WEIGHTS_DATA_WIDTH8_WEIGHTS_DEPTH16_LOG2_WEIGHTS_DEPTH4_PE_SEL_WIDTH8_PE_OUTPUT_WIDTH32
                     ZeroWireload          tcbn28hpcplusbwp30p140tt0p8v25c
  lambda_pe_THIS_PE_ID6_IACTS_DATA_WIDTH8_WEIGHTS_DATA_WIDTH8_WEIGHTS_DEPTH16_LOG2_WEIGHTS_DEPTH4_PE_SEL_WIDTH8_PE_OUTPUT_WIDTH32
                     ZeroWireload          tcbn28hpcplusbwp30p140tt0p8v25c
  lambda_pe_THIS_PE_ID5_IACTS_DATA_WIDTH8_WEIGHTS_DATA_WIDTH8_WEIGHTS_DEPTH16_LOG2_WEIGHTS_DEPTH4_PE_SEL_WIDTH8_PE_OUTPUT_WIDTH32
                     ZeroWireload          tcbn28hpcplusbwp30p140tt0p8v25c
  lambda_pe_THIS_PE_ID4_IACTS_DATA_WIDTH8_WEIGHTS_DATA_WIDTH8_WEIGHTS_DEPTH16_LOG2_WEIGHTS_DEPTH4_PE_SEL_WIDTH8_PE_OUTPUT_WIDTH32
                     ZeroWireload          tcbn28hpcplusbwp30p140tt0p8v25c
  lambda_pe_THIS_PE_ID3_IACTS_DATA_WIDTH8_WEIGHTS_DATA_WIDTH8_WEIGHTS_DEPTH16_LOG2_WEIGHTS_DEPTH4_PE_SEL_WIDTH8_PE_OUTPUT_WIDTH32
                     ZeroWireload          tcbn28hpcplusbwp30p140tt0p8v25c
  lambda_pe_THIS_PE_ID2_IACTS_DATA_WIDTH8_WEIGHTS_DATA_WIDTH8_WEIGHTS_DEPTH16_LOG2_WEIGHTS_DEPTH4_PE_SEL_WIDTH8_PE_OUTPUT_WIDTH32
                     ZeroWireload          tcbn28hpcplusbwp30p140tt0p8v25c
  lambda_pe_THIS_PE_ID1_IACTS_DATA_WIDTH8_WEIGHTS_DATA_WIDTH8_WEIGHTS_DEPTH16_LOG2_WEIGHTS_DEPTH4_PE_SEL_WIDTH8_PE_OUTPUT_WIDTH32
                     ZeroWireload          tcbn28hpcplusbwp30p140tt0p8v25c
  lambda_pe_THIS_PE_ID0_IACTS_DATA_WIDTH8_WEIGHTS_DATA_WIDTH8_WEIGHTS_DEPTH16_LOG2_WEIGHTS_DEPTH4_PE_SEL_WIDTH8_PE_OUTPUT_WIDTH32
                     ZeroWireload          tcbn28hpcplusbwp30p140tt0p8v25c
  lambda_controller_WEIGHTS_DATA_WIDTH128_WEIGHTS_NUM_BANKS1_WEIGHTS_SRAM_DATA_WIDTH128_WEIGHTS_SRAM_BANK_ADDR_WIDTH2_WEIGHTS_SRAM_ADDR_WIDTH2_IACTS_DATA_WIDTH8_IACTS_NUM_BANKS16_IACTS_SRAM_DATA_WIDTH128_IACTS_SRAM_BANK_ADDR_WIDTH2_IACTS_SRAM_ADDR_WIDTH32_SCALE_VALUE_WIDTH32_PE_OUTPUT_WIDTH32_DPE_COL_NUM16_DPE_ROW_NUM16_LOG2_DPE_COL_NUM4_LOG2_DPE_ROW_NUM4_OACTS_DATA_WIDTH8_OUTBUF_DATA_WIDTH32_OUTBUF_NUM_BANKS16_OUTBUF_SRAM_DATA_WIDTH512_OUTBUF_SRAM_BANK_ADDR_WIDTH2_OUTBUF_SRAM_ADDR_WIDTH32_INSTR_SRAM_BANK_ADDR_WIDTH2
                     ZeroWireload          tcbn28hpcplusbwp30p140tt0p8v25c
  sram_sp_2d_array_SRAM_BANK_DATA_WIDTH32_SRAM_BANK_ADDR_WIDTH2_SRAM_BANK_DEPTH4_NUM_BANK16
                     ZeroWireload          tcbn28hpcplusbwp30p140tt0p8v25c
  sram_sp_2d_array_SRAM_BANK_DATA_WIDTH112_SRAM_BANK_ADDR_WIDTH2_SRAM_BANK_DEPTH4_NUM_BANK1
                     ZeroWireload          tcbn28hpcplusbwp30p140tt0p8v25c
  sram_sp_2d_array_SRAM_BANK_DATA_WIDTH8_SRAM_BANK_ADDR_WIDTH2_SRAM_BANK_DEPTH4_NUM_BANK16_0
                     ZeroWireload          tcbn28hpcplusbwp30p140tt0p8v25c
  sram_sp_2d_array_SRAM_BANK_DATA_WIDTH8_SRAM_BANK_ADDR_WIDTH2_SRAM_BANK_DEPTH4_NUM_BANK16_1
                     ZeroWireload          tcbn28hpcplusbwp30p140tt0p8v25c
  lambda_top         ZeroWireload          tcbn28hpcplusbwp30p140tt0p8v25c
  sram_sp_2d_array_SRAM_BANK_DATA_WIDTH128_SRAM_BANK_ADDR_WIDTH2_SRAM_BANK_DEPTH4_NUM_BANK1_1
                     ZeroWireload          tcbn28hpcplusbwp30p140tt0p8v25c

  Point                                                                                                                                                                                                                                                                                   Incr       Path
  --------------------------------------------------------------------------------------------------------------------------------------------------------------------
  clock clk (rise edge)                                                                                                                             0.00       0.00
  clock network delay (ideal)                                                                                                                       0.00       0.00
  LAMBDA_GENVAR_DPE_INST_COL_ITER_15__LAMBDA_GENVAR_DPE_INST_ROW_ITER_0__LAMBDA_PE_OTHER_ROWS/r_mul_iacts_weights_reg_0_/CP (DFCNQD1BWP30P140)      0.00 #     0.00 r
  LAMBDA_GENVAR_DPE_INST_COL_ITER_15__LAMBDA_GENVAR_DPE_INST_ROW_ITER_0__LAMBDA_PE_OTHER_ROWS/r_mul_iacts_weights_reg_0_/Q (DFCNQD1BWP30P140)       0.05       0.05 r
  LAMBDA_GENVAR_DPE_INST_COL_ITER_15__LAMBDA_GENVAR_DPE_INST_ROW_ITER_0__LAMBDA_PE_OTHER_ROWS/U332/ZN (CKND2D2BWP30P140)                            0.01       0.07 f
  LAMBDA_GENVAR_DPE_INST_COL_ITER_15__LAMBDA_GENVAR_DPE_INST_ROW_ITER_0__LAMBDA_PE_OTHER_ROWS/U56/ZN (OAI21D1BWP30P140)                             0.02       0.09 r
  LAMBDA_GENVAR_DPE_INST_COL_ITER_15__LAMBDA_GENVAR_DPE_INST_ROW_ITER_0__LAMBDA_PE_OTHER_ROWS/U346/ZN (AOI21D2BWP30P140)                            0.01       0.10 f
  LAMBDA_GENVAR_DPE_INST_COL_ITER_15__LAMBDA_GENVAR_DPE_INST_ROW_ITER_0__LAMBDA_PE_OTHER_ROWS/U349/ZN (OAI21D1BWP30P140)                            0.02       0.12 r
  LAMBDA_GENVAR_DPE_INST_COL_ITER_15__LAMBDA_GENVAR_DPE_INST_ROW_ITER_0__LAMBDA_PE_OTHER_ROWS/U353/ZN (AOI21D1BWP30P140)                            0.02       0.14 f
  LAMBDA_GENVAR_DPE_INST_COL_ITER_15__LAMBDA_GENVAR_DPE_INST_ROW_ITER_0__LAMBDA_PE_OTHER_ROWS/U69/ZN (OAI21D1BWP30P140)                             0.02       0.17 r
  LAMBDA_GENVAR_DPE_INST_COL_ITER_15__LAMBDA_GENVAR_DPE_INST_ROW_ITER_0__LAMBDA_PE_OTHER_ROWS/U375/ZN (AOI21D1BWP30P140)                            0.02       0.19 f
  LAMBDA_GENVAR_DPE_INST_COL_ITER_15__LAMBDA_GENVAR_DPE_INST_ROW_ITER_0__LAMBDA_PE_OTHER_ROWS/U388/ZN (OAI21D1BWP30P140)                            0.02       0.21 r
  LAMBDA_GENVAR_DPE_INST_COL_ITER_15__LAMBDA_GENVAR_DPE_INST_ROW_ITER_0__LAMBDA_PE_OTHER_ROWS/U392/ZN (AOI21D1BWP30P140)                            0.02       0.23 f
  LAMBDA_GENVAR_DPE_INST_COL_ITER_15__LAMBDA_GENVAR_DPE_INST_ROW_ITER_0__LAMBDA_PE_OTHER_ROWS/U395/ZN (OAI21D1BWP30P140)                            0.02       0.25 r
  LAMBDA_GENVAR_DPE_INST_COL_ITER_15__LAMBDA_GENVAR_DPE_INST_ROW_ITER_0__LAMBDA_PE_OTHER_ROWS/U398/ZN (AOI21D1BWP30P140)                            0.02       0.27 f
  LAMBDA_GENVAR_DPE_INST_COL_ITER_15__LAMBDA_GENVAR_DPE_INST_ROW_ITER_0__LAMBDA_PE_OTHER_ROWS/U401/ZN (OAI21D1BWP30P140)                            0.02       0.30 r
  LAMBDA_GENVAR_DPE_INST_COL_ITER_15__LAMBDA_GENVAR_DPE_INST_ROW_ITER_0__LAMBDA_PE_OTHER_ROWS/U405/ZN (AOI21D2BWP30P140)                            0.02       0.31 f
  LAMBDA_GENVAR_DPE_INST_COL_ITER_15__LAMBDA_GENVAR_DPE_INST_ROW_ITER_0__LAMBDA_PE_OTHER_ROWS/U408/ZN (OAI21D2BWP30P140)                            0.01       0.33 r
  LAMBDA_GENVAR_DPE_INST_COL_ITER_15__LAMBDA_GENVAR_DPE_INST_ROW_ITER_0__LAMBDA_PE_OTHER_ROWS/U576/CO (FA1D1BWP30P140)                              0.03       0.36 r
  LAMBDA_GENVAR_DPE_INST_COL_ITER_15__LAMBDA_GENVAR_DPE_INST_ROW_ITER_0__LAMBDA_PE_OTHER_ROWS/U580/CO (FA1D1BWP30P140)                              0.03       0.39 r
  LAMBDA_GENVAR_DPE_INST_COL_ITER_15__LAMBDA_GENVAR_DPE_INST_ROW_ITER_0__LAMBDA_PE_OTHER_ROWS/U584/CO (FA1D1BWP30P140)                              0.03       0.42 r
  LAMBDA_GENVAR_DPE_INST_COL_ITER_15__LAMBDA_GENVAR_DPE_INST_ROW_ITER_0__LAMBDA_PE_OTHER_ROWS/U588/CO (FA1OPTCD2BWP30P140)                          0.02       0.45 r
  LAMBDA_GENVAR_DPE_INST_COL_ITER_15__LAMBDA_GENVAR_DPE_INST_ROW_ITER_0__LAMBDA_PE_OTHER_ROWS/U16/CO (HA1D1BWP30P140)                               0.03       0.47 r
  LAMBDA_GENVAR_DPE_INST_COL_ITER_15__LAMBDA_GENVAR_DPE_INST_ROW_ITER_0__LAMBDA_PE_OTHER_ROWS/U15/CO (HA1D1BWP30P140)                               0.03       0.50 r
  LAMBDA_GENVAR_DPE_INST_COL_ITER_15__LAMBDA_GENVAR_DPE_INST_ROW_ITER_0__LAMBDA_PE_OTHER_ROWS/U14/CO (HA1D1BWP30P140)                               0.03       0.52 r
  LAMBDA_GENVAR_DPE_INST_COL_ITER_15__LAMBDA_GENVAR_DPE_INST_ROW_ITER_0__LAMBDA_PE_OTHER_ROWS/U12/CO (HA1D1BWP30P140)                               0.03       0.55 r
  LAMBDA_GENVAR_DPE_INST_COL_ITER_15__LAMBDA_GENVAR_DPE_INST_ROW_ITER_0__LAMBDA_PE_OTHER_ROWS/U11/CO (HA1D1BWP30P140)                               0.03       0.58 r
  LAMBDA_GENVAR_DPE_INST_COL_ITER_15__LAMBDA_GENVAR_DPE_INST_ROW_ITER_0__LAMBDA_PE_OTHER_ROWS/U10/CO (HA1D1BWP30P140)                               0.03       0.60 r
  LAMBDA_GENVAR_DPE_INST_COL_ITER_15__LAMBDA_GENVAR_DPE_INST_ROW_ITER_0__LAMBDA_PE_OTHER_ROWS/U3/CO (HA1D1BWP30P140)                                0.03       0.63 r
  LAMBDA_GENVAR_DPE_INST_COL_ITER_15__LAMBDA_GENVAR_DPE_INST_ROW_ITER_0__LAMBDA_PE_OTHER_ROWS/U424/CO (HA1D1BWP30P140)                              0.02       0.65 r
  LAMBDA_GENVAR_DPE_INST_COL_ITER_15__LAMBDA_GENVAR_DPE_INST_ROW_ITER_0__LAMBDA_PE_OTHER_ROWS/U8/Z (CKAN2D1BWP30P140)                               0.02       0.67 r
  LAMBDA_GENVAR_DPE_INST_COL_ITER_15__LAMBDA_GENVAR_DPE_INST_ROW_ITER_0__LAMBDA_PE_OTHER_ROWS/U7/CO (HA1D1BWP30P140)                                0.03       0.70 r
  LAMBDA_GENVAR_DPE_INST_COL_ITER_15__LAMBDA_GENVAR_DPE_INST_ROW_ITER_0__LAMBDA_PE_OTHER_ROWS/U6/CO (HA1D1BWP30P140)                                0.02       0.72 r
  LAMBDA_GENVAR_DPE_INST_COL_ITER_15__LAMBDA_GENVAR_DPE_INST_ROW_ITER_0__LAMBDA_PE_OTHER_ROWS/U538/CO (HA1D0BWP30P140)                              0.03       0.75 r
  LAMBDA_GENVAR_DPE_INST_COL_ITER_15__LAMBDA_GENVAR_DPE_INST_ROW_ITER_0__LAMBDA_PE_OTHER_ROWS/U540/CO (HA1D1BWP30P140)                              0.02       0.78 r
  LAMBDA_GENVAR_DPE_INST_COL_ITER_15__LAMBDA_GENVAR_DPE_INST_ROW_ITER_0__LAMBDA_PE_OTHER_ROWS/U5/ZN (XNR2UD0BWP30P140)                              0.02       0.79 r
  LAMBDA_GENVAR_DPE_INST_COL_ITER_15__LAMBDA_GENVAR_DPE_INST_ROW_ITER_0__LAMBDA_PE_OTHER_ROWS/U542/Z (AO22D0BWP30P140)                              0.03       0.83 r
  LAMBDA_GENVAR_DPE_INST_COL_ITER_15__LAMBDA_GENVAR_DPE_INST_ROW_ITER_0__LAMBDA_PE_OTHER_ROWS/r_sum_reg_31_/D (DFCNQD1BWP30P140)                    0.00       0.83 r
  data arrival time                                                                                                                                            0.83

  clock clk (rise edge)                                                                                                                             1.00       1.00
  clock network delay (ideal)                                                                                                                       0.00       1.00
  clock uncertainty                                                                                                                                -0.15       0.85
  LAMBDA_GENVAR_DPE_INST_COL_ITER_15__LAMBDA_GENVAR_DPE_INST_ROW_ITER_0__LAMBDA_PE_OTHER_ROWS/r_sum_reg_31_/CP (DFCNQD1BWP30P140)                   0.00       0.85 r
  library setup time                                                                                                                               -0.02       0.83
  data required time                                                                                                                                           0.83
  --------------------------------------------------------------------------------------------------------------------------------------------------------------------
  data required time                                                                                                                                           0.83
  data arrival time                                                                                                                                           -0.83
  --------------------------------------------------------------------------------------------------------------------------------------------------------------------
  slack (MET)                                                                                                                                                  0.00


1
