 
****************************************
Report : area
Design : lambda_top
Version: U-2022.12-SP5
Date   : Thu Nov 16 01:14:03 2023
****************************************

Library(s) Used:

    tcbn28hpcplusbwp30p140tt0p8v25c (File: /usr/scratch/TSMC_LIB/tcbn28hpcplusbwp30p140_190a/tcbn28hpcplusbwp30p140_190a/TSMCHOME/digital/Front_End/timing_power_noise/NLDM/tcbn28hpcplusbwp30p140_180a/tcbn28hpcplusbwp30p140tt0p8v25c.db)

Number of ports:                         5965
Number of nets:                         30267
Number of cells:                        23490
Number of combinational cells:          17610
Number of sequential cells:              5831
Number of macros/black boxes:               0
Number of buf/inv:                       3645
Number of references:                      30

Combinational area:              11469.275966
Buf/Inv area:                      930.510014
Noncombinational area:           13224.707344
Macro/Black Box area:                0.000000
Net Interconnect area:      undefined  (Wire load has zero net area)

Total cell area:                 24693.983310
Total area:                 undefined

Area of detected synthetic parts
--------------------------------
  No DW parts to report!

Estimated area of ungrouped synthetic parts
-------------------------------------------
                                       Estimated  Perc. of
  Module               Implem.  Count       Area cell area
  -------------------- -------  ----- ---------- ---------
  DP_OP_176J1_122_8889     str      1   107.8389      0.4%
  DP_OP_177J1_123_8889     str      1   107.8389      0.4%
  DP_OP_178J1_124_8889     str      1   107.8389      0.4%
  DP_OP_179J1_125_8889     str      1   107.8389      0.4%
  DW01_add             apparch      4    65.0160      0.3%
  DW01_add              pparch     22  1610.2242      6.5%
  DW01_inc             apparch     35     8.5932      0.0%
  DW01_sub             apparch     32   588.6720      2.4%
  DW_cmp               apparch     37    21.4452      0.1%
  DW_mult_uns          apparch     20  2937.3109     11.9%
  -------------------- -------  ----- ---------- ---------
  DP_OP Subtotal:                   4   431.3556      1.7%
  Total:                          154  5662.6171     22.9%

Subtotal of datapath(DP_OP) cell area:  431.3556  1.7%  (estimated)
Total synthetic cell area:              5662.6171  22.9%  (estimated)

1
