 
****************************************
Report : area
Design : lambda_top
Version: U-2022.12-SP5
Date   : Thu Nov 16 01:14:03 2023
****************************************

Library(s) Used:

    tcbn28hpcplusbwp30p140tt0p8v25c (File: /usr/scratch/TSMC_LIB/tcbn28hpcplusbwp30p140_190a/tcbn28hpcplusbwp30p140_190a/TSMCHOME/digital/Front_End/timing_power_noise/NLDM/tcbn28hpcplusbwp30p140_180a/tcbn28hpcplusbwp30p140tt0p8v25c.db)

Number of ports:                         5965
Number of nets:                         30267
Number of cells:                        23490
Number of combinational cells:          17610
Number of sequential cells:              5831
Number of macros/black boxes:               0
Number of buf/inv:                       3645
Number of references:                      30

Combinational area:              11469.275966
Buf/Inv area:                      930.510014
Noncombinational area:           13224.707344
Macro/Black Box area:                0.000000
Net Interconnect area:      undefined  (Wire load has zero net area)

Total cell area:                 24693.983310
Total area:                 undefined

Hierarchical area distribution
------------------------------

                                  Global cell area            Local cell area
                                  -------------------  ------------------------------ 
Hierarchical cell                 Absolute    Percent  Combi-      Noncombi-   Black-
                                  Total       Total    national    national    boxes   Design
--------------------------------  ----------  -------  ----------  ----------  ------  -------------------------------------------------------------------------------------------------------------------------------------------------------------------------------------------------------------------------------------------------------------------------------------------------------------------------------------------------------------------------------------------------------------------------------------------------------------------------------------------------------------------------------
lambda_top                        24693.9833    100.0     12.3480      0.0000  0.0000  lambda_top
AFFT_INST                          1972.4040      8.0      0.7560      0.0000  0.0000  afft_simple_cmd_flow_seq_DATA_WIDTH32_COMMAND_WIDTH2_NUM_INPUT_DATA4_IN_COMMAND_WIDTH6
AFFT_INST/first_half_0__group_sec_half_0__switch_sec_half_0__second_stage
                                    327.2220      1.3    172.9980    154.2240  0.0000  afft_2x2_simple_cmd_flow_seq_DATA_WIDTH32_COMMAND_WIDTH2_IN_COMMAND_WIDTH4_1
AFFT_INST/first_half_0__group_sec_half_0__switch_sec_half_1__second_stage
                                    327.4740      1.3    173.2500    154.2240  0.0000  afft_2x2_simple_cmd_flow_seq_DATA_WIDTH32_COMMAND_WIDTH2_IN_COMMAND_WIDTH4_0
AFFT_INST/first_stage_switch_0__first_stage
                                    331.8840      1.3    173.1240    158.7600  0.0000  afft_2x2_simple_cmd_flow_seq_DATA_WIDTH32_COMMAND_WIDTH2_IN_COMMAND_WIDTH6_1
AFFT_INST/first_stage_switch_1__first_stage
                                    332.1360      1.3    173.3760    158.7600  0.0000  afft_2x2_simple_cmd_flow_seq_DATA_WIDTH32_COMMAND_WIDTH2_IN_COMMAND_WIDTH6_0
AFFT_INST/last_stage_1__group_first_half_0__switch_first_half_0__last_stage
                                    327.0960      1.3    177.4080    149.6880  0.0000  afft_2x2_simple_last_cmd_flow_seq_32_2_00000002_1
AFFT_INST/last_stage_1__group_first_half_0__switch_first_half_1__last_stage
                                    325.8360      1.3    176.1480    149.6880  0.0000  afft_2x2_simple_last_cmd_flow_seq_32_2_00000002_0
IACTS_PING_SRAM                     565.7400      2.3      7.5600      0.0000  0.0000  sram_sp_2d_array_SRAM_BANK_DATA_WIDTH8_SRAM_BANK_ADDR_WIDTH2_SRAM_BANK_DEPTH4_NUM_BANK4_1
IACTS_PING_SRAM/SP_SRAM_BANKS_0__sram_bank_sp_inst
                                    139.7340      0.6     49.0140     90.7200  0.0000  sram_bank_sp_SRAM_BANK_DATA_WIDTH8_SRAM_BANK_ADDR_WIDTH2_SRAM_BANK_DEPTH4_7
IACTS_PING_SRAM/SP_SRAM_BANKS_1__sram_bank_sp_inst
                                    139.3560      0.6     48.6360     90.7200  0.0000  sram_bank_sp_SRAM_BANK_DATA_WIDTH8_SRAM_BANK_ADDR_WIDTH2_SRAM_BANK_DEPTH4_6
IACTS_PING_SRAM/SP_SRAM_BANKS_2__sram_bank_sp_inst
                                    139.3560      0.6     48.6360     90.7200  0.0000  sram_bank_sp_SRAM_BANK_DATA_WIDTH8_SRAM_BANK_ADDR_WIDTH2_SRAM_BANK_DEPTH4_5
IACTS_PING_SRAM/SP_SRAM_BANKS_3__sram_bank_sp_inst
                                    139.7340      0.6     49.0140     90.7200  0.0000  sram_bank_sp_SRAM_BANK_DATA_WIDTH8_SRAM_BANK_ADDR_WIDTH2_SRAM_BANK_DEPTH4_4
IACTS_PONG_SRAM                     565.8660      2.3      7.5600      0.0000  0.0000  sram_sp_2d_array_SRAM_BANK_DATA_WIDTH8_SRAM_BANK_ADDR_WIDTH2_SRAM_BANK_DEPTH4_NUM_BANK4_0
IACTS_PONG_SRAM/SP_SRAM_BANKS_0__sram_bank_sp_inst
                                    139.3560      0.6     48.6360     90.7200  0.0000  sram_bank_sp_SRAM_BANK_DATA_WIDTH8_SRAM_BANK_ADDR_WIDTH2_SRAM_BANK_DEPTH4_3
IACTS_PONG_SRAM/SP_SRAM_BANKS_1__sram_bank_sp_inst
                                    139.3560      0.6     48.6360     90.7200  0.0000  sram_bank_sp_SRAM_BANK_DATA_WIDTH8_SRAM_BANK_ADDR_WIDTH2_SRAM_BANK_DEPTH4_2
IACTS_PONG_SRAM/SP_SRAM_BANKS_2__sram_bank_sp_inst
                                    139.8600      0.6     49.1400     90.7200  0.0000  sram_bank_sp_SRAM_BANK_DATA_WIDTH8_SRAM_BANK_ADDR_WIDTH2_SRAM_BANK_DEPTH4_1
IACTS_PONG_SRAM/SP_SRAM_BANKS_3__sram_bank_sp_inst
                                    139.7340      0.6     49.0140     90.7200  0.0000  sram_bank_sp_SRAM_BANK_DATA_WIDTH8_SRAM_BANK_ADDR_WIDTH2_SRAM_BANK_DEPTH4_0
INSTR_SRAM                          206.6400      0.8      1.7640      0.0000  0.0000  sram_sp_2d_array_SRAM_BANK_DATA_WIDTH12_SRAM_BANK_ADDR_WIDTH2_SRAM_BANK_DEPTH4_NUM_BANK1
INSTR_SRAM/SP_SRAM_BANKS_0__sram_bank_sp_inst
                                    204.8760      0.8     68.7960    136.0800  0.0000  sram_bank_sp_SRAM_BANK_DATA_WIDTH12_SRAM_BANK_ADDR_WIDTH2_SRAM_BANK_DEPTH4
LAMBDA_CONTROLLER_INST             2734.3259     11.1   1511.8740   1222.4519  0.0000  lambda_controller_WEIGHTS_DATA_WIDTH32_WEIGHTS_NUM_BANKS1_WEIGHTS_SRAM_DATA_WIDTH32_WEIGHTS_SRAM_BANK_ADDR_WIDTH2_WEIGHTS_SRAM_ADDR_WIDTH2_IACTS_DATA_WIDTH8_IACTS_NUM_BANKS4_IACTS_SRAM_DATA_WIDTH32_IACTS_SRAM_BANK_ADDR_WIDTH2_IACTS_SRAM_ADDR_WIDTH8_SCALE_VALUE_WIDTH32_PE_OUTPUT_WIDTH32_DPE_COL_NUM4_DPE_ROW_NUM4_LOG2_DPE_COL_NUM2_LOG2_DPE_ROW_NUM2_OACTS_DATA_WIDTH8_OUTBUF_DATA_WIDTH32_OUTBUF_NUM_BANKS4_OUTBUF_SRAM_DATA_WIDTH128_OUTBUF_SRAM_BANK_ADDR_WIDTH2_OUTBUF_SRAM_ADDR_WIDTH8_INSTR_SRAM_BANK_ADDR_WIDTH2
LAMBDA_GENVAR_DPE_INST_COL_ITER_0__COL_WISE_O_DATA_BUS
                                    131.9220      0.5     57.0780     74.8440  0.0000  o_bus_autopick_seq_NUM_INPUT_DATA4_DATA_WIDTH32_3
LAMBDA_GENVAR_DPE_INST_COL_ITER_0__LAMBDA_GENVAR_DPE_INST_ROW_ITER_0__LAMBDA_PE_OTHER_ROWS
                                    930.1320      3.8    447.0480    483.0840  0.0000  lambda_pe_THIS_PE_ID0_IACTS_DATA_WIDTH8_WEIGHTS_DATA_WIDTH8_WEIGHTS_DEPTH4_LOG2_WEIGHTS_DEPTH2_PE_SEL_WIDTH4_PE_OUTPUT_WIDTH32
LAMBDA_GENVAR_DPE_INST_COL_ITER_0__LAMBDA_GENVAR_DPE_INST_ROW_ITER_1__LAMBDA_PE_OTHER_ROWS
                                    928.3680      3.8    445.2840    483.0840  0.0000  lambda_pe_THIS_PE_ID1_IACTS_DATA_WIDTH8_WEIGHTS_DATA_WIDTH8_WEIGHTS_DEPTH4_LOG2_WEIGHTS_DEPTH2_PE_SEL_WIDTH4_PE_OUTPUT_WIDTH32
LAMBDA_GENVAR_DPE_INST_COL_ITER_0__LAMBDA_GENVAR_DPE_INST_ROW_ITER_2__LAMBDA_PE_OTHER_ROWS
                                    928.3680      3.8    445.2840    483.0840  0.0000  lambda_pe_THIS_PE_ID2_IACTS_DATA_WIDTH8_WEIGHTS_DATA_WIDTH8_WEIGHTS_DEPTH4_LOG2_WEIGHTS_DEPTH2_PE_SEL_WIDTH4_PE_OUTPUT_WIDTH32
LAMBDA_GENVAR_DPE_INST_COL_ITER_0__LAMBDA_GENVAR_DPE_INST_ROW_ITER_3__LAMBDA_PE_OTHER_ROWS
                                    930.3840      3.8    445.0320    485.3520  0.0000  lambda_pe_THIS_PE_ID3_IACTS_DATA_WIDTH8_WEIGHTS_DATA_WIDTH8_WEIGHTS_DEPTH4_LOG2_WEIGHTS_DEPTH2_PE_SEL_WIDTH4_PE_OUTPUT_WIDTH32
LAMBDA_GENVAR_DPE_INST_COL_ITER_1__COL_WISE_O_DATA_BUS
                                    132.3000      0.5     57.4560     74.8440  0.0000  o_bus_autopick_seq_NUM_INPUT_DATA4_DATA_WIDTH32_2
LAMBDA_GENVAR_DPE_INST_COL_ITER_1__LAMBDA_GENVAR_DPE_INST_ROW_ITER_0__LAMBDA_PE_OTHER_ROWS
                                    929.7540      3.8    446.6700    483.0840  0.0000  lambda_pe_THIS_PE_ID4_IACTS_DATA_WIDTH8_WEIGHTS_DATA_WIDTH8_WEIGHTS_DEPTH4_LOG2_WEIGHTS_DEPTH2_PE_SEL_WIDTH4_PE_OUTPUT_WIDTH32
LAMBDA_GENVAR_DPE_INST_COL_ITER_1__LAMBDA_GENVAR_DPE_INST_ROW_ITER_1__LAMBDA_PE_OTHER_ROWS
                                    928.9980      3.8    445.9140    483.0840  0.0000  lambda_pe_THIS_PE_ID5_IACTS_DATA_WIDTH8_WEIGHTS_DATA_WIDTH8_WEIGHTS_DEPTH4_LOG2_WEIGHTS_DEPTH2_PE_SEL_WIDTH4_PE_OUTPUT_WIDTH32
LAMBDA_GENVAR_DPE_INST_COL_ITER_1__LAMBDA_GENVAR_DPE_INST_ROW_ITER_2__LAMBDA_PE_OTHER_ROWS
                                    928.4940      3.8    445.4100    483.0840  0.0000  lambda_pe_THIS_PE_ID6_IACTS_DATA_WIDTH8_WEIGHTS_DATA_WIDTH8_WEIGHTS_DEPTH4_LOG2_WEIGHTS_DEPTH2_PE_SEL_WIDTH4_PE_OUTPUT_WIDTH32
LAMBDA_GENVAR_DPE_INST_COL_ITER_1__LAMBDA_GENVAR_DPE_INST_ROW_ITER_3__LAMBDA_PE_OTHER_ROWS
                                    930.2580      3.8    444.9060    485.3520  0.0000  lambda_pe_THIS_PE_ID7_IACTS_DATA_WIDTH8_WEIGHTS_DATA_WIDTH8_WEIGHTS_DEPTH4_LOG2_WEIGHTS_DEPTH2_PE_SEL_WIDTH4_PE_OUTPUT_WIDTH32
LAMBDA_GENVAR_DPE_INST_COL_ITER_2__COL_WISE_O_DATA_BUS
                                    131.9220      0.5     57.0780     74.8440  0.0000  o_bus_autopick_seq_NUM_INPUT_DATA4_DATA_WIDTH32_1
LAMBDA_GENVAR_DPE_INST_COL_ITER_2__LAMBDA_GENVAR_DPE_INST_ROW_ITER_0__LAMBDA_PE_OTHER_ROWS
                                    930.2580      3.8    447.1740    483.0840  0.0000  lambda_pe_THIS_PE_ID8_IACTS_DATA_WIDTH8_WEIGHTS_DATA_WIDTH8_WEIGHTS_DEPTH4_LOG2_WEIGHTS_DEPTH2_PE_SEL_WIDTH4_PE_OUTPUT_WIDTH32
LAMBDA_GENVAR_DPE_INST_COL_ITER_2__LAMBDA_GENVAR_DPE_INST_ROW_ITER_1__LAMBDA_PE_OTHER_ROWS
                                    928.3680      3.8    445.2840    483.0840  0.0000  lambda_pe_THIS_PE_ID9_IACTS_DATA_WIDTH8_WEIGHTS_DATA_WIDTH8_WEIGHTS_DEPTH4_LOG2_WEIGHTS_DEPTH2_PE_SEL_WIDTH4_PE_OUTPUT_WIDTH32
LAMBDA_GENVAR_DPE_INST_COL_ITER_2__LAMBDA_GENVAR_DPE_INST_ROW_ITER_2__LAMBDA_PE_OTHER_ROWS
                                    928.3680      3.8    445.2840    483.0840  0.0000  lambda_pe_THIS_PE_ID10_IACTS_DATA_WIDTH8_WEIGHTS_DATA_WIDTH8_WEIGHTS_DEPTH4_LOG2_WEIGHTS_DEPTH2_PE_SEL_WIDTH4_PE_OUTPUT_WIDTH32
LAMBDA_GENVAR_DPE_INST_COL_ITER_2__LAMBDA_GENVAR_DPE_INST_ROW_ITER_3__LAMBDA_PE_OTHER_ROWS
                                    930.3840      3.8    445.0320    485.3520  0.0000  lambda_pe_THIS_PE_ID11_IACTS_DATA_WIDTH8_WEIGHTS_DATA_WIDTH8_WEIGHTS_DEPTH4_LOG2_WEIGHTS_DEPTH2_PE_SEL_WIDTH4_PE_OUTPUT_WIDTH32
LAMBDA_GENVAR_DPE_INST_COL_ITER_3__COL_WISE_O_DATA_BUS
                                    131.9220      0.5     57.0780     74.8440  0.0000  o_bus_autopick_seq_NUM_INPUT_DATA4_DATA_WIDTH32_0
LAMBDA_GENVAR_DPE_INST_COL_ITER_3__LAMBDA_GENVAR_DPE_INST_ROW_ITER_0__LAMBDA_PE_OTHER_ROWS
                                    929.7540      3.8    446.6700    483.0840  0.0000  lambda_pe_THIS_PE_ID12_IACTS_DATA_WIDTH8_WEIGHTS_DATA_WIDTH8_WEIGHTS_DEPTH4_LOG2_WEIGHTS_DEPTH2_PE_SEL_WIDTH4_PE_OUTPUT_WIDTH32
LAMBDA_GENVAR_DPE_INST_COL_ITER_3__LAMBDA_GENVAR_DPE_INST_ROW_ITER_1__LAMBDA_PE_OTHER_ROWS
                                    928.4940      3.8    445.4100    483.0840  0.0000  lambda_pe_THIS_PE_ID13_IACTS_DATA_WIDTH8_WEIGHTS_DATA_WIDTH8_WEIGHTS_DEPTH4_LOG2_WEIGHTS_DEPTH2_PE_SEL_WIDTH4_PE_OUTPUT_WIDTH32
LAMBDA_GENVAR_DPE_INST_COL_ITER_3__LAMBDA_GENVAR_DPE_INST_ROW_ITER_2__LAMBDA_PE_OTHER_ROWS
                                    928.3680      3.8    445.2840    483.0840  0.0000  lambda_pe_THIS_PE_ID14_IACTS_DATA_WIDTH8_WEIGHTS_DATA_WIDTH8_WEIGHTS_DEPTH4_LOG2_WEIGHTS_DEPTH2_PE_SEL_WIDTH4_PE_OUTPUT_WIDTH32
LAMBDA_GENVAR_DPE_INST_COL_ITER_3__LAMBDA_GENVAR_DPE_INST_ROW_ITER_3__LAMBDA_PE_OTHER_ROWS
                                    930.2580      3.8    444.9060    485.3520  0.0000  lambda_pe_THIS_PE_ID15_IACTS_DATA_WIDTH8_WEIGHTS_DATA_WIDTH8_WEIGHTS_DEPTH4_LOG2_WEIGHTS_DEPTH2_PE_SEL_WIDTH4_PE_OUTPUT_WIDTH32
OUTPUT_BUFFER_SRAM                 2160.7739      8.8      7.5600      0.0000  0.0000  sram_sp_2d_array_SRAM_BANK_DATA_WIDTH32_SRAM_BANK_ADDR_WIDTH2_SRAM_BANK_DEPTH4_NUM_BANK4
OUTPUT_BUFFER_SRAM/SP_SRAM_BANKS_0__sram_bank_sp_inst
                                    538.0200      2.2    175.1400    362.8800  0.0000  sram_bank_sp_SRAM_BANK_DATA_WIDTH32_SRAM_BANK_ADDR_WIDTH2_SRAM_BANK_DEPTH4_3
OUTPUT_BUFFER_SRAM/SP_SRAM_BANKS_1__sram_bank_sp_inst
                                    538.3980      2.2    175.5180    362.8800  0.0000  sram_bank_sp_SRAM_BANK_DATA_WIDTH32_SRAM_BANK_ADDR_WIDTH2_SRAM_BANK_DEPTH4_2
OUTPUT_BUFFER_SRAM/SP_SRAM_BANKS_2__sram_bank_sp_inst
                                    538.3980      2.2    175.5180    362.8800  0.0000  sram_bank_sp_SRAM_BANK_DATA_WIDTH32_SRAM_BANK_ADDR_WIDTH2_SRAM_BANK_DEPTH4_1
OUTPUT_BUFFER_SRAM/SP_SRAM_BANKS_3__sram_bank_sp_inst
                                    538.3980      2.2    175.5180    362.8800  0.0000  sram_bank_sp_SRAM_BANK_DATA_WIDTH32_SRAM_BANK_ADDR_WIDTH2_SRAM_BANK_DEPTH4_0
WEIGHTS_PING_BUFFER                 539.4060      2.2      1.7640      0.0000  0.0000  sram_sp_2d_array_SRAM_BANK_DATA_WIDTH32_SRAM_BANK_ADDR_WIDTH2_SRAM_BANK_DEPTH4_NUM_BANK1_1
WEIGHTS_PING_BUFFER/SP_SRAM_BANKS_0__sram_bank_sp_inst
                                    537.6420      2.2    174.7620    362.8800  0.0000  sram_bank_sp_SRAM_BANK_DATA_WIDTH32_SRAM_BANK_ADDR_WIDTH2_SRAM_BANK_DEPTH4_5
WEIGHTS_PONG_BUFFER                 539.4060      2.2      1.7640      0.0000  0.0000  sram_sp_2d_array_SRAM_BANK_DATA_WIDTH32_SRAM_BANK_ADDR_WIDTH2_SRAM_BANK_DEPTH4_NUM_BANK1_0
WEIGHTS_PONG_BUFFER/SP_SRAM_BANKS_0__sram_bank_sp_inst
                                    537.6420      2.2    174.7620    362.8800  0.0000  sram_bank_sp_SRAM_BANK_DATA_WIDTH32_SRAM_BANK_ADDR_WIDTH2_SRAM_BANK_DEPTH4_4
--------------------------------  ----------  -------  ----------  ----------  ------  -------------------------------------------------------------------------------------------------------------------------------------------------------------------------------------------------------------------------------------------------------------------------------------------------------------------------------------------------------------------------------------------------------------------------------------------------------------------------------------------------------------------------------
Total                                                  11469.2760  13224.7073  0.0000

1
