 
****************************************
Report : timing
        -path full
        -delay max
        -max_paths 1
Design : lambda_top
Version: U-2022.12-SP5
Date   : Thu Nov  9 17:12:41 2023
****************************************

 # A fanout number of 1000 was used for high fanout net computations.

Operating Conditions: tt0p8v25c   Library: tcbn28hpcplusbwp30p140tt0p8v25c
Wire Load Model Mode: segmented

  Startpoint: LAMBDA_CONTROLLER_INST/r_acts_buf_ping_pong_state_reg_3_/CP
              (internal path startpoint clocked by clk)
  Endpoint: WEIGHTS_PING_BUFFER/SP_SRAM_BANKS_0__sram_bank_sp_inst/r_sram_bank_reg_3__0_
            (rising edge-triggered flip-flop clocked by clk)
  Path Group: clk
  Path Type: max

  Des/Clust/Port     Wire Load Model       Library
  ------------------------------------------------
  sram_bank_sp_SRAM_BANK_DATA_WIDTH8_SRAM_BANK_ADDR_WIDTH2_SRAM_BANK_DEPTH4_14
                     ZeroWireload          tcbn28hpcplusbwp30p140tt0p8v25c
  sram_bank_sp_SRAM_BANK_DATA_WIDTH8_SRAM_BANK_ADDR_WIDTH2_SRAM_BANK_DEPTH4_13
                     ZeroWireload          tcbn28hpcplusbwp30p140tt0p8v25c
  sram_bank_sp_SRAM_BANK_DATA_WIDTH8_SRAM_BANK_ADDR_WIDTH2_SRAM_BANK_DEPTH4_12
                     ZeroWireload          tcbn28hpcplusbwp30p140tt0p8v25c
  sram_bank_sp_SRAM_BANK_DATA_WIDTH8_SRAM_BANK_ADDR_WIDTH2_SRAM_BANK_DEPTH4_11
                     ZeroWireload          tcbn28hpcplusbwp30p140tt0p8v25c
  sram_bank_sp_SRAM_BANK_DATA_WIDTH8_SRAM_BANK_ADDR_WIDTH2_SRAM_BANK_DEPTH4_10
                     ZeroWireload          tcbn28hpcplusbwp30p140tt0p8v25c
  sram_bank_sp_SRAM_BANK_DATA_WIDTH8_SRAM_BANK_ADDR_WIDTH2_SRAM_BANK_DEPTH4_9
                     ZeroWireload          tcbn28hpcplusbwp30p140tt0p8v25c
  sram_bank_sp_SRAM_BANK_DATA_WIDTH8_SRAM_BANK_ADDR_WIDTH2_SRAM_BANK_DEPTH4_8
                     ZeroWireload          tcbn28hpcplusbwp30p140tt0p8v25c
  sram_bank_sp_SRAM_BANK_DATA_WIDTH8_SRAM_BANK_ADDR_WIDTH2_SRAM_BANK_DEPTH4_7
                     ZeroWireload          tcbn28hpcplusbwp30p140tt0p8v25c
  sram_bank_sp_SRAM_BANK_DATA_WIDTH8_SRAM_BANK_ADDR_WIDTH2_SRAM_BANK_DEPTH4_6
                     ZeroWireload          tcbn28hpcplusbwp30p140tt0p8v25c
  sram_bank_sp_SRAM_BANK_DATA_WIDTH8_SRAM_BANK_ADDR_WIDTH2_SRAM_BANK_DEPTH4_5
                     ZeroWireload          tcbn28hpcplusbwp30p140tt0p8v25c
  sram_bank_sp_SRAM_BANK_DATA_WIDTH8_SRAM_BANK_ADDR_WIDTH2_SRAM_BANK_DEPTH4_4
                     ZeroWireload          tcbn28hpcplusbwp30p140tt0p8v25c
  sram_bank_sp_SRAM_BANK_DATA_WIDTH8_SRAM_BANK_ADDR_WIDTH2_SRAM_BANK_DEPTH4_3
                     ZeroWireload          tcbn28hpcplusbwp30p140tt0p8v25c
  sram_bank_sp_SRAM_BANK_DATA_WIDTH8_SRAM_BANK_ADDR_WIDTH2_SRAM_BANK_DEPTH4_2
                     ZeroWireload          tcbn28hpcplusbwp30p140tt0p8v25c
  sram_bank_sp_SRAM_BANK_DATA_WIDTH8_SRAM_BANK_ADDR_WIDTH2_SRAM_BANK_DEPTH4_1
                     ZeroWireload          tcbn28hpcplusbwp30p140tt0p8v25c
  sram_bank_sp_SRAM_BANK_DATA_WIDTH8_SRAM_BANK_ADDR_WIDTH2_SRAM_BANK_DEPTH4_0
                     ZeroWireload          tcbn28hpcplusbwp30p140tt0p8v25c
  o_bus_autopick_seq_NUM_INPUT_DATA8_DATA_WIDTH32_6
                     ZeroWireload          tcbn28hpcplusbwp30p140tt0p8v25c
  o_bus_autopick_seq_NUM_INPUT_DATA8_DATA_WIDTH32_5
                     ZeroWireload          tcbn28hpcplusbwp30p140tt0p8v25c
  o_bus_autopick_seq_NUM_INPUT_DATA8_DATA_WIDTH32_4
                     ZeroWireload          tcbn28hpcplusbwp30p140tt0p8v25c
  o_bus_autopick_seq_NUM_INPUT_DATA8_DATA_WIDTH32_3
                     ZeroWireload          tcbn28hpcplusbwp30p140tt0p8v25c
  o_bus_autopick_seq_NUM_INPUT_DATA8_DATA_WIDTH32_2
                     ZeroWireload          tcbn28hpcplusbwp30p140tt0p8v25c
  o_bus_autopick_seq_NUM_INPUT_DATA8_DATA_WIDTH32_1
                     ZeroWireload          tcbn28hpcplusbwp30p140tt0p8v25c
  o_bus_autopick_seq_NUM_INPUT_DATA8_DATA_WIDTH32_0
                     ZeroWireload          tcbn28hpcplusbwp30p140tt0p8v25c
  afft_2x2_simple_last_cmd_flow_seq_32_2_00000002_2
                     ZeroWireload          tcbn28hpcplusbwp30p140tt0p8v25c
  afft_2x2_simple_last_cmd_flow_seq_32_2_00000002_1
                     ZeroWireload          tcbn28hpcplusbwp30p140tt0p8v25c
  afft_2x2_simple_last_cmd_flow_seq_32_2_00000002_0
                     ZeroWireload          tcbn28hpcplusbwp30p140tt0p8v25c
  afft_2x2_simple_cmd_flow_seq_DATA_WIDTH32_COMMAND_WIDTH2_IN_COMMAND_WIDTH4_2
                     ZeroWireload          tcbn28hpcplusbwp30p140tt0p8v25c
  afft_2x2_simple_cmd_flow_seq_DATA_WIDTH32_COMMAND_WIDTH2_IN_COMMAND_WIDTH4_1
                     ZeroWireload          tcbn28hpcplusbwp30p140tt0p8v25c
  afft_2x2_simple_cmd_flow_seq_DATA_WIDTH32_COMMAND_WIDTH2_IN_COMMAND_WIDTH4_0
                     ZeroWireload          tcbn28hpcplusbwp30p140tt0p8v25c
  afft_2x2_simple_cmd_flow_seq_DATA_WIDTH32_COMMAND_WIDTH2_IN_COMMAND_WIDTH6_2
                     ZeroWireload          tcbn28hpcplusbwp30p140tt0p8v25c
  afft_2x2_simple_cmd_flow_seq_DATA_WIDTH32_COMMAND_WIDTH2_IN_COMMAND_WIDTH6_1
                     ZeroWireload          tcbn28hpcplusbwp30p140tt0p8v25c
  afft_2x2_simple_cmd_flow_seq_DATA_WIDTH32_COMMAND_WIDTH2_IN_COMMAND_WIDTH6_0
                     ZeroWireload          tcbn28hpcplusbwp30p140tt0p8v25c
  afft_2x2_simple_cmd_flow_seq_DATA_WIDTH32_COMMAND_WIDTH2_IN_COMMAND_WIDTH8_2
                     ZeroWireload          tcbn28hpcplusbwp30p140tt0p8v25c
  afft_2x2_simple_cmd_flow_seq_DATA_WIDTH32_COMMAND_WIDTH2_IN_COMMAND_WIDTH8_1
                     ZeroWireload          tcbn28hpcplusbwp30p140tt0p8v25c
  afft_2x2_simple_cmd_flow_seq_DATA_WIDTH32_COMMAND_WIDTH2_IN_COMMAND_WIDTH8_0
                     ZeroWireload          tcbn28hpcplusbwp30p140tt0p8v25c
  afft_2x2_simple_cmd_flow_seq_DATA_WIDTH32_COMMAND_WIDTH2_IN_COMMAND_WIDTH10_2
                     ZeroWireload          tcbn28hpcplusbwp30p140tt0p8v25c
  afft_2x2_simple_cmd_flow_seq_DATA_WIDTH32_COMMAND_WIDTH2_IN_COMMAND_WIDTH10_1
                     ZeroWireload          tcbn28hpcplusbwp30p140tt0p8v25c
  afft_2x2_simple_cmd_flow_seq_DATA_WIDTH32_COMMAND_WIDTH2_IN_COMMAND_WIDTH10_0
                     ZeroWireload          tcbn28hpcplusbwp30p140tt0p8v25c
  sram_bank_sp_SRAM_BANK_DATA_WIDTH32_SRAM_BANK_ADDR_WIDTH2_SRAM_BANK_DEPTH4_6
                     ZeroWireload          tcbn28hpcplusbwp30p140tt0p8v25c
  sram_bank_sp_SRAM_BANK_DATA_WIDTH32_SRAM_BANK_ADDR_WIDTH2_SRAM_BANK_DEPTH4_5
                     ZeroWireload          tcbn28hpcplusbwp30p140tt0p8v25c
  sram_bank_sp_SRAM_BANK_DATA_WIDTH32_SRAM_BANK_ADDR_WIDTH2_SRAM_BANK_DEPTH4_4
                     ZeroWireload          tcbn28hpcplusbwp30p140tt0p8v25c
  sram_bank_sp_SRAM_BANK_DATA_WIDTH32_SRAM_BANK_ADDR_WIDTH2_SRAM_BANK_DEPTH4_3
                     ZeroWireload          tcbn28hpcplusbwp30p140tt0p8v25c
  sram_bank_sp_SRAM_BANK_DATA_WIDTH32_SRAM_BANK_ADDR_WIDTH2_SRAM_BANK_DEPTH4_2
                     ZeroWireload          tcbn28hpcplusbwp30p140tt0p8v25c
  sram_bank_sp_SRAM_BANK_DATA_WIDTH32_SRAM_BANK_ADDR_WIDTH2_SRAM_BANK_DEPTH4_1
                     ZeroWireload          tcbn28hpcplusbwp30p140tt0p8v25c
  sram_bank_sp_SRAM_BANK_DATA_WIDTH32_SRAM_BANK_ADDR_WIDTH2_SRAM_BANK_DEPTH4_0
                     ZeroWireload          tcbn28hpcplusbwp30p140tt0p8v25c
  sram_bank_sp_SRAM_BANK_DATA_WIDTH64_SRAM_BANK_ADDR_WIDTH2_SRAM_BANK_DEPTH4_0
                     ZeroWireload          tcbn28hpcplusbwp30p140tt0p8v25c
  sram_sp_2d_array_SRAM_BANK_DATA_WIDTH64_SRAM_BANK_ADDR_WIDTH2_SRAM_BANK_DEPTH4_NUM_BANK1_0
                     ZeroWireload          tcbn28hpcplusbwp30p140tt0p8v25c
  afft_2x2_simple_last_cmd_flow_seq_32_2_00000002_3
                     ZeroWireload          tcbn28hpcplusbwp30p140tt0p8v25c
  afft_2x2_simple_cmd_flow_seq_DATA_WIDTH32_COMMAND_WIDTH2_IN_COMMAND_WIDTH4_3
                     ZeroWireload          tcbn28hpcplusbwp30p140tt0p8v25c
  afft_2x2_simple_cmd_flow_seq_DATA_WIDTH32_COMMAND_WIDTH2_IN_COMMAND_WIDTH6_3
                     ZeroWireload          tcbn28hpcplusbwp30p140tt0p8v25c
  afft_2x2_simple_cmd_flow_seq_DATA_WIDTH32_COMMAND_WIDTH2_IN_COMMAND_WIDTH8_3
                     ZeroWireload          tcbn28hpcplusbwp30p140tt0p8v25c
  afft_2x2_simple_cmd_flow_seq_DATA_WIDTH32_COMMAND_WIDTH2_IN_COMMAND_WIDTH10_3
                     ZeroWireload          tcbn28hpcplusbwp30p140tt0p8v25c
  sram_bank_sp_SRAM_BANK_DATA_WIDTH32_SRAM_BANK_ADDR_WIDTH2_SRAM_BANK_DEPTH4_7
                     ZeroWireload          tcbn28hpcplusbwp30p140tt0p8v25c
  sram_bank_sp_SRAM_BANK_DATA_WIDTH40_SRAM_BANK_ADDR_WIDTH2_SRAM_BANK_DEPTH4
                     ZeroWireload          tcbn28hpcplusbwp30p140tt0p8v25c
  sram_bank_sp_SRAM_BANK_DATA_WIDTH8_SRAM_BANK_ADDR_WIDTH2_SRAM_BANK_DEPTH4_15
                     ZeroWireload          tcbn28hpcplusbwp30p140tt0p8v25c
  sram_bank_sp_SRAM_BANK_DATA_WIDTH64_SRAM_BANK_ADDR_WIDTH2_SRAM_BANK_DEPTH4_1
                     ZeroWireload          tcbn28hpcplusbwp30p140tt0p8v25c
  afft_simple_cmd_flow_seq_DATA_WIDTH32_COMMAND_WIDTH2_NUM_INPUT_DATA8_IN_COMMAND_WIDTH10
                     ZeroWireload          tcbn28hpcplusbwp30p140tt0p8v25c
  lambda_pe_THIS_PE_ID63_IACTS_DATA_WIDTH8_WEIGHTS_DATA_WIDTH8_WEIGHTS_DEPTH8_LOG2_WEIGHTS_DEPTH3_PE_SEL_WIDTH6_PE_OUTPUT_WIDTH32
                     ZeroWireload          tcbn28hpcplusbwp30p140tt0p8v25c
  lambda_pe_THIS_PE_ID62_IACTS_DATA_WIDTH8_WEIGHTS_DATA_WIDTH8_WEIGHTS_DEPTH8_LOG2_WEIGHTS_DEPTH3_PE_SEL_WIDTH6_PE_OUTPUT_WIDTH32
                     ZeroWireload          tcbn28hpcplusbwp30p140tt0p8v25c
  lambda_pe_THIS_PE_ID61_IACTS_DATA_WIDTH8_WEIGHTS_DATA_WIDTH8_WEIGHTS_DEPTH8_LOG2_WEIGHTS_DEPTH3_PE_SEL_WIDTH6_PE_OUTPUT_WIDTH32
                     ZeroWireload          tcbn28hpcplusbwp30p140tt0p8v25c
  lambda_pe_THIS_PE_ID60_IACTS_DATA_WIDTH8_WEIGHTS_DATA_WIDTH8_WEIGHTS_DEPTH8_LOG2_WEIGHTS_DEPTH3_PE_SEL_WIDTH6_PE_OUTPUT_WIDTH32
                     ZeroWireload          tcbn28hpcplusbwp30p140tt0p8v25c
  lambda_pe_THIS_PE_ID59_IACTS_DATA_WIDTH8_WEIGHTS_DATA_WIDTH8_WEIGHTS_DEPTH8_LOG2_WEIGHTS_DEPTH3_PE_SEL_WIDTH6_PE_OUTPUT_WIDTH32
                     ZeroWireload          tcbn28hpcplusbwp30p140tt0p8v25c
  lambda_pe_THIS_PE_ID58_IACTS_DATA_WIDTH8_WEIGHTS_DATA_WIDTH8_WEIGHTS_DEPTH8_LOG2_WEIGHTS_DEPTH3_PE_SEL_WIDTH6_PE_OUTPUT_WIDTH32
                     ZeroWireload          tcbn28hpcplusbwp30p140tt0p8v25c
  lambda_pe_THIS_PE_ID57_IACTS_DATA_WIDTH8_WEIGHTS_DATA_WIDTH8_WEIGHTS_DEPTH8_LOG2_WEIGHTS_DEPTH3_PE_SEL_WIDTH6_PE_OUTPUT_WIDTH32
                     ZeroWireload          tcbn28hpcplusbwp30p140tt0p8v25c
  lambda_pe_THIS_PE_ID56_IACTS_DATA_WIDTH8_WEIGHTS_DATA_WIDTH8_WEIGHTS_DEPTH8_LOG2_WEIGHTS_DEPTH3_PE_SEL_WIDTH6_PE_OUTPUT_WIDTH32
                     ZeroWireload          tcbn28hpcplusbwp30p140tt0p8v25c
  lambda_pe_THIS_PE_ID55_IACTS_DATA_WIDTH8_WEIGHTS_DATA_WIDTH8_WEIGHTS_DEPTH8_LOG2_WEIGHTS_DEPTH3_PE_SEL_WIDTH6_PE_OUTPUT_WIDTH32
                     ZeroWireload          tcbn28hpcplusbwp30p140tt0p8v25c
  lambda_pe_THIS_PE_ID54_IACTS_DATA_WIDTH8_WEIGHTS_DATA_WIDTH8_WEIGHTS_DEPTH8_LOG2_WEIGHTS_DEPTH3_PE_SEL_WIDTH6_PE_OUTPUT_WIDTH32
                     ZeroWireload          tcbn28hpcplusbwp30p140tt0p8v25c
  lambda_pe_THIS_PE_ID53_IACTS_DATA_WIDTH8_WEIGHTS_DATA_WIDTH8_WEIGHTS_DEPTH8_LOG2_WEIGHTS_DEPTH3_PE_SEL_WIDTH6_PE_OUTPUT_WIDTH32
                     ZeroWireload          tcbn28hpcplusbwp30p140tt0p8v25c
  lambda_pe_THIS_PE_ID52_IACTS_DATA_WIDTH8_WEIGHTS_DATA_WIDTH8_WEIGHTS_DEPTH8_LOG2_WEIGHTS_DEPTH3_PE_SEL_WIDTH6_PE_OUTPUT_WIDTH32
                     ZeroWireload          tcbn28hpcplusbwp30p140tt0p8v25c
  lambda_pe_THIS_PE_ID51_IACTS_DATA_WIDTH8_WEIGHTS_DATA_WIDTH8_WEIGHTS_DEPTH8_LOG2_WEIGHTS_DEPTH3_PE_SEL_WIDTH6_PE_OUTPUT_WIDTH32
                     ZeroWireload          tcbn28hpcplusbwp30p140tt0p8v25c
  lambda_pe_THIS_PE_ID50_IACTS_DATA_WIDTH8_WEIGHTS_DATA_WIDTH8_WEIGHTS_DEPTH8_LOG2_WEIGHTS_DEPTH3_PE_SEL_WIDTH6_PE_OUTPUT_WIDTH32
                     ZeroWireload          tcbn28hpcplusbwp30p140tt0p8v25c
  lambda_pe_THIS_PE_ID49_IACTS_DATA_WIDTH8_WEIGHTS_DATA_WIDTH8_WEIGHTS_DEPTH8_LOG2_WEIGHTS_DEPTH3_PE_SEL_WIDTH6_PE_OUTPUT_WIDTH32
                     ZeroWireload          tcbn28hpcplusbwp30p140tt0p8v25c
  lambda_pe_THIS_PE_ID48_IACTS_DATA_WIDTH8_WEIGHTS_DATA_WIDTH8_WEIGHTS_DEPTH8_LOG2_WEIGHTS_DEPTH3_PE_SEL_WIDTH6_PE_OUTPUT_WIDTH32
                     ZeroWireload          tcbn28hpcplusbwp30p140tt0p8v25c
  lambda_pe_THIS_PE_ID47_IACTS_DATA_WIDTH8_WEIGHTS_DATA_WIDTH8_WEIGHTS_DEPTH8_LOG2_WEIGHTS_DEPTH3_PE_SEL_WIDTH6_PE_OUTPUT_WIDTH32
                     ZeroWireload          tcbn28hpcplusbwp30p140tt0p8v25c
  lambda_pe_THIS_PE_ID46_IACTS_DATA_WIDTH8_WEIGHTS_DATA_WIDTH8_WEIGHTS_DEPTH8_LOG2_WEIGHTS_DEPTH3_PE_SEL_WIDTH6_PE_OUTPUT_WIDTH32
                     ZeroWireload          tcbn28hpcplusbwp30p140tt0p8v25c
  lambda_pe_THIS_PE_ID45_IACTS_DATA_WIDTH8_WEIGHTS_DATA_WIDTH8_WEIGHTS_DEPTH8_LOG2_WEIGHTS_DEPTH3_PE_SEL_WIDTH6_PE_OUTPUT_WIDTH32
                     ZeroWireload          tcbn28hpcplusbwp30p140tt0p8v25c
  lambda_pe_THIS_PE_ID44_IACTS_DATA_WIDTH8_WEIGHTS_DATA_WIDTH8_WEIGHTS_DEPTH8_LOG2_WEIGHTS_DEPTH3_PE_SEL_WIDTH6_PE_OUTPUT_WIDTH32
                     ZeroWireload          tcbn28hpcplusbwp30p140tt0p8v25c
  lambda_pe_THIS_PE_ID43_IACTS_DATA_WIDTH8_WEIGHTS_DATA_WIDTH8_WEIGHTS_DEPTH8_LOG2_WEIGHTS_DEPTH3_PE_SEL_WIDTH6_PE_OUTPUT_WIDTH32
                     ZeroWireload          tcbn28hpcplusbwp30p140tt0p8v25c
  lambda_pe_THIS_PE_ID42_IACTS_DATA_WIDTH8_WEIGHTS_DATA_WIDTH8_WEIGHTS_DEPTH8_LOG2_WEIGHTS_DEPTH3_PE_SEL_WIDTH6_PE_OUTPUT_WIDTH32
                     ZeroWireload          tcbn28hpcplusbwp30p140tt0p8v25c
  lambda_pe_THIS_PE_ID41_IACTS_DATA_WIDTH8_WEIGHTS_DATA_WIDTH8_WEIGHTS_DEPTH8_LOG2_WEIGHTS_DEPTH3_PE_SEL_WIDTH6_PE_OUTPUT_WIDTH32
                     ZeroWireload          tcbn28hpcplusbwp30p140tt0p8v25c
  lambda_pe_THIS_PE_ID40_IACTS_DATA_WIDTH8_WEIGHTS_DATA_WIDTH8_WEIGHTS_DEPTH8_LOG2_WEIGHTS_DEPTH3_PE_SEL_WIDTH6_PE_OUTPUT_WIDTH32
                     ZeroWireload          tcbn28hpcplusbwp30p140tt0p8v25c
  lambda_pe_THIS_PE_ID39_IACTS_DATA_WIDTH8_WEIGHTS_DATA_WIDTH8_WEIGHTS_DEPTH8_LOG2_WEIGHTS_DEPTH3_PE_SEL_WIDTH6_PE_OUTPUT_WIDTH32
                     ZeroWireload          tcbn28hpcplusbwp30p140tt0p8v25c
  lambda_pe_THIS_PE_ID38_IACTS_DATA_WIDTH8_WEIGHTS_DATA_WIDTH8_WEIGHTS_DEPTH8_LOG2_WEIGHTS_DEPTH3_PE_SEL_WIDTH6_PE_OUTPUT_WIDTH32
                     ZeroWireload          tcbn28hpcplusbwp30p140tt0p8v25c
  lambda_pe_THIS_PE_ID37_IACTS_DATA_WIDTH8_WEIGHTS_DATA_WIDTH8_WEIGHTS_DEPTH8_LOG2_WEIGHTS_DEPTH3_PE_SEL_WIDTH6_PE_OUTPUT_WIDTH32
                     ZeroWireload          tcbn28hpcplusbwp30p140tt0p8v25c
  lambda_pe_THIS_PE_ID36_IACTS_DATA_WIDTH8_WEIGHTS_DATA_WIDTH8_WEIGHTS_DEPTH8_LOG2_WEIGHTS_DEPTH3_PE_SEL_WIDTH6_PE_OUTPUT_WIDTH32
                     ZeroWireload          tcbn28hpcplusbwp30p140tt0p8v25c
  lambda_pe_THIS_PE_ID35_IACTS_DATA_WIDTH8_WEIGHTS_DATA_WIDTH8_WEIGHTS_DEPTH8_LOG2_WEIGHTS_DEPTH3_PE_SEL_WIDTH6_PE_OUTPUT_WIDTH32
                     ZeroWireload          tcbn28hpcplusbwp30p140tt0p8v25c
  lambda_pe_THIS_PE_ID34_IACTS_DATA_WIDTH8_WEIGHTS_DATA_WIDTH8_WEIGHTS_DEPTH8_LOG2_WEIGHTS_DEPTH3_PE_SEL_WIDTH6_PE_OUTPUT_WIDTH32
                     ZeroWireload          tcbn28hpcplusbwp30p140tt0p8v25c
  lambda_pe_THIS_PE_ID33_IACTS_DATA_WIDTH8_WEIGHTS_DATA_WIDTH8_WEIGHTS_DEPTH8_LOG2_WEIGHTS_DEPTH3_PE_SEL_WIDTH6_PE_OUTPUT_WIDTH32
                     ZeroWireload          tcbn28hpcplusbwp30p140tt0p8v25c
  lambda_pe_THIS_PE_ID32_IACTS_DATA_WIDTH8_WEIGHTS_DATA_WIDTH8_WEIGHTS_DEPTH8_LOG2_WEIGHTS_DEPTH3_PE_SEL_WIDTH6_PE_OUTPUT_WIDTH32
                     ZeroWireload          tcbn28hpcplusbwp30p140tt0p8v25c
  lambda_pe_THIS_PE_ID31_IACTS_DATA_WIDTH8_WEIGHTS_DATA_WIDTH8_WEIGHTS_DEPTH8_LOG2_WEIGHTS_DEPTH3_PE_SEL_WIDTH6_PE_OUTPUT_WIDTH32
                     ZeroWireload          tcbn28hpcplusbwp30p140tt0p8v25c
  lambda_pe_THIS_PE_ID30_IACTS_DATA_WIDTH8_WEIGHTS_DATA_WIDTH8_WEIGHTS_DEPTH8_LOG2_WEIGHTS_DEPTH3_PE_SEL_WIDTH6_PE_OUTPUT_WIDTH32
                     ZeroWireload          tcbn28hpcplusbwp30p140tt0p8v25c
  lambda_pe_THIS_PE_ID29_IACTS_DATA_WIDTH8_WEIGHTS_DATA_WIDTH8_WEIGHTS_DEPTH8_LOG2_WEIGHTS_DEPTH3_PE_SEL_WIDTH6_PE_OUTPUT_WIDTH32
                     ZeroWireload          tcbn28hpcplusbwp30p140tt0p8v25c
  lambda_pe_THIS_PE_ID28_IACTS_DATA_WIDTH8_WEIGHTS_DATA_WIDTH8_WEIGHTS_DEPTH8_LOG2_WEIGHTS_DEPTH3_PE_SEL_WIDTH6_PE_OUTPUT_WIDTH32
                     ZeroWireload          tcbn28hpcplusbwp30p140tt0p8v25c
  lambda_pe_THIS_PE_ID27_IACTS_DATA_WIDTH8_WEIGHTS_DATA_WIDTH8_WEIGHTS_DEPTH8_LOG2_WEIGHTS_DEPTH3_PE_SEL_WIDTH6_PE_OUTPUT_WIDTH32
                     ZeroWireload          tcbn28hpcplusbwp30p140tt0p8v25c
  lambda_pe_THIS_PE_ID26_IACTS_DATA_WIDTH8_WEIGHTS_DATA_WIDTH8_WEIGHTS_DEPTH8_LOG2_WEIGHTS_DEPTH3_PE_SEL_WIDTH6_PE_OUTPUT_WIDTH32
                     ZeroWireload          tcbn28hpcplusbwp30p140tt0p8v25c
  lambda_pe_THIS_PE_ID25_IACTS_DATA_WIDTH8_WEIGHTS_DATA_WIDTH8_WEIGHTS_DEPTH8_LOG2_WEIGHTS_DEPTH3_PE_SEL_WIDTH6_PE_OUTPUT_WIDTH32
                     ZeroWireload          tcbn28hpcplusbwp30p140tt0p8v25c
  lambda_pe_THIS_PE_ID24_IACTS_DATA_WIDTH8_WEIGHTS_DATA_WIDTH8_WEIGHTS_DEPTH8_LOG2_WEIGHTS_DEPTH3_PE_SEL_WIDTH6_PE_OUTPUT_WIDTH32
                     ZeroWireload          tcbn28hpcplusbwp30p140tt0p8v25c
  lambda_pe_THIS_PE_ID23_IACTS_DATA_WIDTH8_WEIGHTS_DATA_WIDTH8_WEIGHTS_DEPTH8_LOG2_WEIGHTS_DEPTH3_PE_SEL_WIDTH6_PE_OUTPUT_WIDTH32
                     ZeroWireload          tcbn28hpcplusbwp30p140tt0p8v25c
  lambda_pe_THIS_PE_ID22_IACTS_DATA_WIDTH8_WEIGHTS_DATA_WIDTH8_WEIGHTS_DEPTH8_LOG2_WEIGHTS_DEPTH3_PE_SEL_WIDTH6_PE_OUTPUT_WIDTH32
                     ZeroWireload          tcbn28hpcplusbwp30p140tt0p8v25c
  lambda_pe_THIS_PE_ID21_IACTS_DATA_WIDTH8_WEIGHTS_DATA_WIDTH8_WEIGHTS_DEPTH8_LOG2_WEIGHTS_DEPTH3_PE_SEL_WIDTH6_PE_OUTPUT_WIDTH32
                     ZeroWireload          tcbn28hpcplusbwp30p140tt0p8v25c
  lambda_pe_THIS_PE_ID20_IACTS_DATA_WIDTH8_WEIGHTS_DATA_WIDTH8_WEIGHTS_DEPTH8_LOG2_WEIGHTS_DEPTH3_PE_SEL_WIDTH6_PE_OUTPUT_WIDTH32
                     ZeroWireload          tcbn28hpcplusbwp30p140tt0p8v25c
  lambda_pe_THIS_PE_ID19_IACTS_DATA_WIDTH8_WEIGHTS_DATA_WIDTH8_WEIGHTS_DEPTH8_LOG2_WEIGHTS_DEPTH3_PE_SEL_WIDTH6_PE_OUTPUT_WIDTH32
                     ZeroWireload          tcbn28hpcplusbwp30p140tt0p8v25c
  lambda_pe_THIS_PE_ID18_IACTS_DATA_WIDTH8_WEIGHTS_DATA_WIDTH8_WEIGHTS_DEPTH8_LOG2_WEIGHTS_DEPTH3_PE_SEL_WIDTH6_PE_OUTPUT_WIDTH32
                     ZeroWireload          tcbn28hpcplusbwp30p140tt0p8v25c
  lambda_pe_THIS_PE_ID17_IACTS_DATA_WIDTH8_WEIGHTS_DATA_WIDTH8_WEIGHTS_DEPTH8_LOG2_WEIGHTS_DEPTH3_PE_SEL_WIDTH6_PE_OUTPUT_WIDTH32
                     ZeroWireload          tcbn28hpcplusbwp30p140tt0p8v25c
  lambda_pe_THIS_PE_ID16_IACTS_DATA_WIDTH8_WEIGHTS_DATA_WIDTH8_WEIGHTS_DEPTH8_LOG2_WEIGHTS_DEPTH3_PE_SEL_WIDTH6_PE_OUTPUT_WIDTH32
                     ZeroWireload          tcbn28hpcplusbwp30p140tt0p8v25c
  lambda_pe_THIS_PE_ID15_IACTS_DATA_WIDTH8_WEIGHTS_DATA_WIDTH8_WEIGHTS_DEPTH8_LOG2_WEIGHTS_DEPTH3_PE_SEL_WIDTH6_PE_OUTPUT_WIDTH32
                     ZeroWireload          tcbn28hpcplusbwp30p140tt0p8v25c
  lambda_pe_THIS_PE_ID14_IACTS_DATA_WIDTH8_WEIGHTS_DATA_WIDTH8_WEIGHTS_DEPTH8_LOG2_WEIGHTS_DEPTH3_PE_SEL_WIDTH6_PE_OUTPUT_WIDTH32
                     ZeroWireload          tcbn28hpcplusbwp30p140tt0p8v25c
  lambda_pe_THIS_PE_ID13_IACTS_DATA_WIDTH8_WEIGHTS_DATA_WIDTH8_WEIGHTS_DEPTH8_LOG2_WEIGHTS_DEPTH3_PE_SEL_WIDTH6_PE_OUTPUT_WIDTH32
                     ZeroWireload          tcbn28hpcplusbwp30p140tt0p8v25c
  lambda_pe_THIS_PE_ID12_IACTS_DATA_WIDTH8_WEIGHTS_DATA_WIDTH8_WEIGHTS_DEPTH8_LOG2_WEIGHTS_DEPTH3_PE_SEL_WIDTH6_PE_OUTPUT_WIDTH32
                     ZeroWireload          tcbn28hpcplusbwp30p140tt0p8v25c
  lambda_pe_THIS_PE_ID11_IACTS_DATA_WIDTH8_WEIGHTS_DATA_WIDTH8_WEIGHTS_DEPTH8_LOG2_WEIGHTS_DEPTH3_PE_SEL_WIDTH6_PE_OUTPUT_WIDTH32
                     ZeroWireload          tcbn28hpcplusbwp30p140tt0p8v25c
  lambda_pe_THIS_PE_ID10_IACTS_DATA_WIDTH8_WEIGHTS_DATA_WIDTH8_WEIGHTS_DEPTH8_LOG2_WEIGHTS_DEPTH3_PE_SEL_WIDTH6_PE_OUTPUT_WIDTH32
                     ZeroWireload          tcbn28hpcplusbwp30p140tt0p8v25c
  lambda_pe_THIS_PE_ID9_IACTS_DATA_WIDTH8_WEIGHTS_DATA_WIDTH8_WEIGHTS_DEPTH8_LOG2_WEIGHTS_DEPTH3_PE_SEL_WIDTH6_PE_OUTPUT_WIDTH32
                     ZeroWireload          tcbn28hpcplusbwp30p140tt0p8v25c
  lambda_pe_THIS_PE_ID8_IACTS_DATA_WIDTH8_WEIGHTS_DATA_WIDTH8_WEIGHTS_DEPTH8_LOG2_WEIGHTS_DEPTH3_PE_SEL_WIDTH6_PE_OUTPUT_WIDTH32
                     ZeroWireload          tcbn28hpcplusbwp30p140tt0p8v25c
  o_bus_autopick_seq_NUM_INPUT_DATA8_DATA_WIDTH32_7
                     ZeroWireload          tcbn28hpcplusbwp30p140tt0p8v25c
  lambda_pe_THIS_PE_ID7_IACTS_DATA_WIDTH8_WEIGHTS_DATA_WIDTH8_WEIGHTS_DEPTH8_LOG2_WEIGHTS_DEPTH3_PE_SEL_WIDTH6_PE_OUTPUT_WIDTH32
                     ZeroWireload          tcbn28hpcplusbwp30p140tt0p8v25c
  lambda_pe_THIS_PE_ID6_IACTS_DATA_WIDTH8_WEIGHTS_DATA_WIDTH8_WEIGHTS_DEPTH8_LOG2_WEIGHTS_DEPTH3_PE_SEL_WIDTH6_PE_OUTPUT_WIDTH32
                     ZeroWireload          tcbn28hpcplusbwp30p140tt0p8v25c
  lambda_pe_THIS_PE_ID5_IACTS_DATA_WIDTH8_WEIGHTS_DATA_WIDTH8_WEIGHTS_DEPTH8_LOG2_WEIGHTS_DEPTH3_PE_SEL_WIDTH6_PE_OUTPUT_WIDTH32
                     ZeroWireload          tcbn28hpcplusbwp30p140tt0p8v25c
  lambda_pe_THIS_PE_ID4_IACTS_DATA_WIDTH8_WEIGHTS_DATA_WIDTH8_WEIGHTS_DEPTH8_LOG2_WEIGHTS_DEPTH3_PE_SEL_WIDTH6_PE_OUTPUT_WIDTH32
                     ZeroWireload          tcbn28hpcplusbwp30p140tt0p8v25c
  lambda_pe_THIS_PE_ID3_IACTS_DATA_WIDTH8_WEIGHTS_DATA_WIDTH8_WEIGHTS_DEPTH8_LOG2_WEIGHTS_DEPTH3_PE_SEL_WIDTH6_PE_OUTPUT_WIDTH32
                     ZeroWireload          tcbn28hpcplusbwp30p140tt0p8v25c
  lambda_pe_THIS_PE_ID2_IACTS_DATA_WIDTH8_WEIGHTS_DATA_WIDTH8_WEIGHTS_DEPTH8_LOG2_WEIGHTS_DEPTH3_PE_SEL_WIDTH6_PE_OUTPUT_WIDTH32
                     ZeroWireload          tcbn28hpcplusbwp30p140tt0p8v25c
  lambda_pe_THIS_PE_ID1_IACTS_DATA_WIDTH8_WEIGHTS_DATA_WIDTH8_WEIGHTS_DEPTH8_LOG2_WEIGHTS_DEPTH3_PE_SEL_WIDTH6_PE_OUTPUT_WIDTH32
                     ZeroWireload          tcbn28hpcplusbwp30p140tt0p8v25c
  lambda_pe_THIS_PE_ID0_IACTS_DATA_WIDTH8_WEIGHTS_DATA_WIDTH8_WEIGHTS_DEPTH8_LOG2_WEIGHTS_DEPTH3_PE_SEL_WIDTH6_PE_OUTPUT_WIDTH32
                     ZeroWireload          tcbn28hpcplusbwp30p140tt0p8v25c
  lambda_controller_WEIGHTS_DATA_WIDTH64_WEIGHTS_NUM_BANKS1_WEIGHTS_SRAM_DATA_WIDTH64_WEIGHTS_SRAM_BANK_ADDR_WIDTH2_WEIGHTS_SRAM_ADDR_WIDTH2_IACTS_DATA_WIDTH8_IACTS_NUM_BANKS8_IACTS_SRAM_DATA_WIDTH64_IACTS_SRAM_BANK_ADDR_WIDTH2_IACTS_SRAM_ADDR_WIDTH16_SCALE_VALUE_WIDTH32_PE_OUTPUT_WIDTH32_DPE_COL_NUM8_DPE_ROW_NUM8_LOG2_DPE_COL_NUM3_LOG2_DPE_ROW_NUM3_OACTS_DATA_WIDTH8_OUTBUF_DATA_WIDTH32_OUTBUF_NUM_BANKS8_OUTBUF_SRAM_DATA_WIDTH256_OUTBUF_SRAM_BANK_ADDR_WIDTH2_OUTBUF_SRAM_ADDR_WIDTH16_INSTR_SRAM_BANK_ADDR_WIDTH2
                     ZeroWireload          tcbn28hpcplusbwp30p140tt0p8v25c
  sram_sp_2d_array_SRAM_BANK_DATA_WIDTH32_SRAM_BANK_ADDR_WIDTH2_SRAM_BANK_DEPTH4_NUM_BANK8
                     ZeroWireload          tcbn28hpcplusbwp30p140tt0p8v25c
  sram_sp_2d_array_SRAM_BANK_DATA_WIDTH40_SRAM_BANK_ADDR_WIDTH2_SRAM_BANK_DEPTH4_NUM_BANK1
                     ZeroWireload          tcbn28hpcplusbwp30p140tt0p8v25c
  sram_sp_2d_array_SRAM_BANK_DATA_WIDTH8_SRAM_BANK_ADDR_WIDTH2_SRAM_BANK_DEPTH4_NUM_BANK8_0
                     ZeroWireload          tcbn28hpcplusbwp30p140tt0p8v25c
  sram_sp_2d_array_SRAM_BANK_DATA_WIDTH8_SRAM_BANK_ADDR_WIDTH2_SRAM_BANK_DEPTH4_NUM_BANK8_1
                     ZeroWireload          tcbn28hpcplusbwp30p140tt0p8v25c
  lambda_top         ZeroWireload          tcbn28hpcplusbwp30p140tt0p8v25c
  sram_sp_2d_array_SRAM_BANK_DATA_WIDTH64_SRAM_BANK_ADDR_WIDTH2_SRAM_BANK_DEPTH4_NUM_BANK1_1
                     ZeroWireload          tcbn28hpcplusbwp30p140tt0p8v25c

  Point                                                                                                                                                                                                                                                                                                                                                                                                                                                                                                                                                                                                                                                                                                                                                                                                                                                                                                                                                                                                                                                                                                                                                                             Incr       Path
  -----------------------------------------------------------------------------------------------------------------------------------------------------------------------------------------------------------------------------------------------------------------------------------------------------------------------------------------------------------------------------------------------------------------------------------------------------------------------------------------------------------------------------------------------------------------------------------------------------------------
  clock clk (rise edge)                                                                                                                                                                                                                                                                                                                                                                                                                                                                                                                                                                          0.00       0.00
  clock network delay (ideal)                                                                                                                                                                                                                                                                                                                                                                                                                                                                                                                                                                    0.00       0.00
  input external delay                                                                                                                                                                                                                                                                                                                                                                                                                                                                                                                                                                           0.00       0.00 r
  LAMBDA_CONTROLLER_INST/r_acts_buf_ping_pong_state_reg_3_/CP (DFCNQD1BWP30P140)                                                                                                                                                                                                                                                                                                                                                                                                                                                                                                                 0.00 #     0.00 r
  LAMBDA_CONTROLLER_INST/r_acts_buf_ping_pong_state_reg_3_/Q (DFCNQD1BWP30P140)                                                                                                                                                                                                                                                                                                                                                                                                                                                                                                                  0.06       0.06 f
  LAMBDA_CONTROLLER_INST/U30/ZN (NR2D1BWP30P140)                                                                                                                                                                                                                                                                                                                                                                                                                                                                                                                                                 0.02       0.08 r
  LAMBDA_CONTROLLER_INST/U38/ZN (ND3D1BWP30P140)                                                                                                                                                                                                                                                                                                                                                                                                                                                                                                                                                 0.25       0.33 f
  LAMBDA_CONTROLLER_INST/U28/ZN (INR2D1BWP30P140)                                                                                                                                                                                                                                                                                                                                                                                                                                                                                                                                                0.36       0.69 r
  LAMBDA_CONTROLLER_INST/o_weights_sram_a_wr_en_ping[0] (lambda_controller_WEIGHTS_DATA_WIDTH64_WEIGHTS_NUM_BANKS1_WEIGHTS_SRAM_DATA_WIDTH64_WEIGHTS_SRAM_BANK_ADDR_WIDTH2_WEIGHTS_SRAM_ADDR_WIDTH2_IACTS_DATA_WIDTH8_IACTS_NUM_BANKS8_IACTS_SRAM_DATA_WIDTH64_IACTS_SRAM_BANK_ADDR_WIDTH2_IACTS_SRAM_ADDR_WIDTH16_SCALE_VALUE_WIDTH32_PE_OUTPUT_WIDTH32_DPE_COL_NUM8_DPE_ROW_NUM8_LOG2_DPE_COL_NUM3_LOG2_DPE_ROW_NUM3_OACTS_DATA_WIDTH8_OUTBUF_DATA_WIDTH32_OUTBUF_NUM_BANKS8_OUTBUF_SRAM_DATA_WIDTH256_OUTBUF_SRAM_BANK_ADDR_WIDTH2_OUTBUF_SRAM_ADDR_WIDTH16_INSTR_SRAM_BANK_ADDR_WIDTH2)      0.00       0.69 r
  WEIGHTS_PING_BUFFER/i_sram_a_wr_en[0] (sram_sp_2d_array_SRAM_BANK_DATA_WIDTH64_SRAM_BANK_ADDR_WIDTH2_SRAM_BANK_DEPTH4_NUM_BANK1_1)                                                                                                                                                                                                                                                                                                                                                                                                                                                             0.00       0.69 r
  WEIGHTS_PING_BUFFER/SP_SRAM_BANKS_0__sram_bank_sp_inst/i_rd_wr_en (sram_bank_sp_SRAM_BANK_DATA_WIDTH64_SRAM_BANK_ADDR_WIDTH2_SRAM_BANK_DEPTH4_1)                                                                                                                                                                                                                                                                                                                                                                                                                                               0.00       0.69 r
  WEIGHTS_PING_BUFFER/SP_SRAM_BANKS_0__sram_bank_sp_inst/U3/ZN (ND3D1BWP30P140)                                                                                                                                                                                                                                                                                                                                                                                                                                                                                                                  0.35       1.05 f
  WEIGHTS_PING_BUFFER/SP_SRAM_BANKS_0__sram_bank_sp_inst/U2/ZN (INVD1BWP30P140)                                                                                                                                                                                                                                                                                                                                                                                                                                                                                                                  0.27       1.32 r
  WEIGHTS_PING_BUFFER/SP_SRAM_BANKS_0__sram_bank_sp_inst/U393/ZN (AOI22D1BWP30P140)                                                                                                                                                                                                                                                                                                                                                                                                                                                                                                              0.02       1.35 f
  WEIGHTS_PING_BUFFER/SP_SRAM_BANKS_0__sram_bank_sp_inst/r_sram_bank_reg_3__0_/D (DFCNQD1BWP30P140)                                                                                                                                                                                                                                                                                                                                                                                                                                                                                              0.00       1.35 f
  data arrival time                                                                                                                                                                                                                                                                                                                                                                                                                                                                                                                                                                                         1.35

  clock clk (rise edge)                                                                                                                                                                                                                                                                                                                                                                                                                                                                                                                                                                          2.00       2.00
  clock network delay (ideal)                                                                                                                                                                                                                                                                                                                                                                                                                                                                                                                                                                    0.00       2.00
  clock uncertainty                                                                                                                                                                                                                                                                                                                                                                                                                                                                                                                                                                             -0.15       1.85
  WEIGHTS_PING_BUFFER/SP_SRAM_BANKS_0__sram_bank_sp_inst/r_sram_bank_reg_3__0_/CP (DFCNQD1BWP30P140)                                                                                                                                                                                                                                                                                                                                                                                                                                                                                             0.00       1.85 r
  library setup time                                                                                                                                                                                                                                                                                                                                                                                                                                                                                                                                                                            -0.02       1.83
  data required time                                                                                                                                                                                                                                                                                                                                                                                                                                                                                                                                                                                        1.83
  -----------------------------------------------------------------------------------------------------------------------------------------------------------------------------------------------------------------------------------------------------------------------------------------------------------------------------------------------------------------------------------------------------------------------------------------------------------------------------------------------------------------------------------------------------------------------------------------------------------------
  data required time                                                                                                                                                                                                                                                                                                                                                                                                                                                                                                                                                                                        1.83
  data arrival time                                                                                                                                                                                                                                                                                                                                                                                                                                                                                                                                                                                        -1.35
  -----------------------------------------------------------------------------------------------------------------------------------------------------------------------------------------------------------------------------------------------------------------------------------------------------------------------------------------------------------------------------------------------------------------------------------------------------------------------------------------------------------------------------------------------------------------------------------------------------------------
  slack (MET)                                                                                                                                                                                                                                                                                                                                                                                                                                                                                                                                                                                               0.48


1
