 
****************************************
Report : area
Design : lambda_top
Version: U-2022.12-SP5
Date   : Tue Nov 21 06:43:17 2023
****************************************

Library(s) Used:

    tcbn28hpcplusbwp30p140tt0p8v25c (File: /usr/scratch/TSMC_LIB/tcbn28hpcplusbwp30p140_190a/tcbn28hpcplusbwp30p140_190a/TSMCHOME/digital/Front_End/timing_power_noise/NLDM/tcbn28hpcplusbwp30p140_180a/tcbn28hpcplusbwp30p140tt0p8v25c.db)

Number of ports:                      1545276
Number of nets:                      33624201
Number of cells:                     31598770
Number of combinational cells:       21666099
Number of sequential cells:           9923124
Number of macros/black boxes:               0
Number of buf/inv:                    2072491
Number of references:                    8334

Combinational area:           14414865.243779
Buf/Inv area:                   635829.260809
Noncombinational area:        22505654.447317
Macro/Black Box area:                0.000000
Net Interconnect area:      undefined  (Wire load has zero net area)

Total cell area:              36920519.691096
Total area:                 undefined

Area of detected synthetic parts
--------------------------------
  No DW parts to report!

Estimated area of ungrouped synthetic parts
-------------------------------------------
                                            Estimated  Perc. of
  Module                 Implem.  Count          Area cell area
  ---------------------- -------  ----- ------------- ---------
  DP_OP_2780J27_122_7118     str      1      131.1097      0.0%
  DP_OP_2781J27_123_7118     str      1      131.4843      0.0%
  DP_OP_2782J27_124_7118     str      1      131.4843      0.0%
  DP_OP_2783J27_125_7118     str      1      131.4843      0.0%
  DP_OP_2784J27_126_7118     str      1      131.1097      0.0%
  DP_OP_2785J27_127_7118     str      1      131.1097      0.0%
  DP_OP_2786J27_128_7118     str      1      131.1097      0.0%
  DP_OP_2787J27_129_7118     str      1      131.1097      0.0%
  DP_OP_2788J27_130_7118     str      1      131.1097      0.0%
  DP_OP_2789J27_131_7118     str      1      131.1097      0.0%
  DP_OP_2790J27_132_7118     str      1      131.1097      0.0%
  DP_OP_2791J27_133_7118     str      1      131.1097      0.0%
  DP_OP_2792J27_134_7118     str      1      131.8589      0.0%
  DP_OP_2793J27_135_7118     str      1      131.8589      0.0%
  DP_OP_2794J27_136_7118     str      1      131.8589      0.0%
  DP_OP_2795J27_137_7118     str      1      131.8589      0.0%
  DP_OP_2796J27_138_7118     str      1      131.1097      0.0%
  DP_OP_2797J27_139_7118     str      1      131.1097      0.0%
  DP_OP_2798J27_140_7118     str      1      131.1097      0.0%
  DP_OP_2799J27_141_7118     str      1      131.4843      0.0%
  DP_OP_2800J27_142_7118     str      1      131.8589      0.0%
  DP_OP_2801J27_143_7118     str      1      131.8589      0.0%
  DP_OP_2802J27_144_7118     str      1      131.8589      0.0%
  DP_OP_2803J27_145_7118     str      1      131.8589      0.0%
  DP_OP_2804J27_146_7118     str      1      131.8589      0.0%
  DP_OP_2805J27_147_7118     str      1      131.8589      0.0%
  DP_OP_2806J27_148_7118     str      1      131.8589      0.0%
  DP_OP_2807J27_149_7118     str      1      131.8589      0.0%
  DP_OP_2808J27_150_7118     str      1      131.8589      0.0%
  DP_OP_2809J27_151_7118     str      1      131.8589      0.0%
  DP_OP_2810J27_152_7118     str      1      131.8589      0.0%
  DP_OP_2811J27_153_7118     str      1      131.8589      0.0%
  DP_OP_2812J27_154_7118     str      1      131.1097      0.0%
  DP_OP_2813J27_155_7118     str      1      131.1097      0.0%
  DP_OP_2814J27_156_7118     str      1      131.1097      0.0%
  DP_OP_2815J27_157_7118     str      1      131.1097      0.0%
  DP_OP_2816J27_158_7118     str      1      131.1097      0.0%
  DP_OP_2817J27_159_7118     str      1      131.1097      0.0%
  DP_OP_2818J27_160_7118     str      1      131.1097      0.0%
  DP_OP_2819J27_161_7118     str      1      131.1097      0.0%
  DP_OP_2820J27_162_7118     str      1      131.1097      0.0%
  DP_OP_2821J27_163_7118     str      1      131.1097      0.0%
  DP_OP_2822J27_164_7118     str      1      131.4843      0.0%
  DP_OP_2823J27_165_7118     str      1      131.4843      0.0%
  DP_OP_2824J27_166_7118     str      1      131.8589      0.0%
  DP_OP_2825J27_167_7118     str      1      131.8589      0.0%
  DP_OP_2826J27_168_7118     str      1      131.8589      0.0%
  DP_OP_2827J27_169_7118     str      1      131.8589      0.0%
  DP_OP_2828J27_170_7118     str      1      131.1097      0.0%
  DP_OP_2829J27_171_7118     str      1      131.1097      0.0%
  DP_OP_2830J27_172_7118     str      1      131.1097      0.0%
  DP_OP_2831J27_173_7118     str      1      131.1097      0.0%
  DP_OP_2832J27_174_7118     str      1      131.8589      0.0%
  DP_OP_2833J27_175_7118     str      1      131.8589      0.0%
  DP_OP_2834J27_176_7118     str      1      131.8589      0.0%
  DP_OP_2835J27_177_7118     str      1      131.8589      0.0%
  DP_OP_2836J27_178_7118     str      1      131.8589      0.0%
  DP_OP_2837J27_179_7118     str      1      131.8589      0.0%
  DP_OP_2838J27_180_7118     str      1      131.8589      0.0%
  DP_OP_2839J27_181_7118     str      1      131.8589      0.0%
  DP_OP_2840J27_182_7118     str      1      131.8589      0.0%
  DP_OP_2841J27_183_7118     str      1      131.8589      0.0%
  DP_OP_2842J27_184_7118     str      1      131.8589      0.0%
  DP_OP_2843J27_185_7118     str      1      131.8589      0.0%
  DP_OP_2844J27_186_7118     str      1      131.4843      0.0%
  DP_OP_2845J27_187_7118     str      1      131.4843      0.0%
  DP_OP_2846J27_188_7118     str      1      131.4843      0.0%
  DP_OP_2847J27_189_7118     str      1      131.4843      0.0%
  DP_OP_2848J27_190_7118     str      1      131.1097      0.0%
  DP_OP_2849J27_191_7118     str      1      131.1097      0.0%
  DP_OP_2850J27_192_7118     str      1      131.1097      0.0%
  DP_OP_2851J27_193_7118     str      1      131.1097      0.0%
  DP_OP_2852J27_194_7118     str      1      131.1097      0.0%
  DP_OP_2853J27_195_7118     str      1      131.1097      0.0%
  DP_OP_2854J27_196_7118     str      1      131.1097      0.0%
  DP_OP_2855J27_197_7118     str      1      131.1097      0.0%
  DP_OP_2856J27_198_7118     str      1      131.8589      0.0%
  DP_OP_2857J27_199_7118     str      1      131.8589      0.0%
  DP_OP_2858J27_200_7118     str      1      131.8589      0.0%
  DP_OP_2859J27_201_7118     str      1      131.8589      0.0%
  DP_OP_2860J27_202_7118     str      1      131.1097      0.0%
  DP_OP_2861J27_203_7118     str      1      131.1097      0.0%
  DP_OP_2862J27_204_7118     str      1      131.1097      0.0%
  DP_OP_2863J27_205_7118     str      1      131.4843      0.0%
  DP_OP_2864J27_206_7118     str      1      131.8589      0.0%
  DP_OP_2865J27_207_7118     str      1      131.8589      0.0%
  DP_OP_2866J27_208_7118     str      1      131.8589      0.0%
  DP_OP_2867J27_209_7118     str      1      131.8589      0.0%
  DP_OP_2868J27_210_7118     str      1      131.8589      0.0%
  DP_OP_2869J27_211_7118     str      1      131.8589      0.0%
  DP_OP_2870J27_212_7118     str      1      131.8589      0.0%
  DP_OP_2871J27_213_7118     str      1      131.8589      0.0%
  DP_OP_2872J27_214_7118     str      1      131.8589      0.0%
  DP_OP_2873J27_215_7118     str      1      131.8589      0.0%
  DP_OP_2874J27_216_7118     str      1      131.8589      0.0%
  DP_OP_2875J27_217_7118     str      1      131.8589      0.0%
  DP_OP_2876J27_218_7118     str      1      131.1097      0.0%
  DP_OP_2877J27_219_7118     str      1      131.1097      0.0%
  DP_OP_2878J27_220_7118     str      1      131.1097      0.0%
  DP_OP_2879J27_221_7118     str      1      131.1097      0.0%
  DP_OP_2880J27_222_7118     str      1      131.1097      0.0%
  DP_OP_2881J27_223_7118     str      1      131.1097      0.0%
  DP_OP_2882J27_224_7118     str      1      131.1097      0.0%
  DP_OP_2883J27_225_7118     str      1      131.1097      0.0%
  DP_OP_2884J27_226_7118     str      1      131.1097      0.0%
  DP_OP_2885J27_227_7118     str      1      131.1097      0.0%
  DP_OP_2886J27_228_7118     str      1      131.4843      0.0%
  DP_OP_2887J27_229_7118     str      1      131.4843      0.0%
  DP_OP_2888J27_230_7118     str      1      131.8589      0.0%
  DP_OP_2889J27_231_7118     str      1      131.8589      0.0%
  DP_OP_2890J27_232_7118     str      1      131.8589      0.0%
  DP_OP_2891J27_233_7118     str      1      131.8589      0.0%
  DP_OP_2892J27_234_7118     str      1      131.1097      0.0%
  DP_OP_2893J27_235_7118     str      1      131.1097      0.0%
  DP_OP_2894J27_236_7118     str      1      131.1097      0.0%
  DP_OP_2895J27_237_7118     str      1      131.1097      0.0%
  DP_OP_2896J27_238_7118     str      1      131.8589      0.0%
  DP_OP_2897J27_239_7118     str      1      131.8589      0.0%
  DP_OP_2898J27_240_7118     str      1      131.8589      0.0%
  DP_OP_2899J27_241_7118     str      1      131.8589      0.0%
  DP_OP_2900J27_242_7118     str      1      131.8589      0.0%
  DP_OP_2901J27_243_7118     str      1      131.8589      0.0%
  DP_OP_2902J27_244_7118     str      1      131.8589      0.0%
  DP_OP_2903J27_245_7118     str      1      131.8589      0.0%
  DP_OP_2904J27_246_7118     str      1      131.8589      0.0%
  DP_OP_2905J27_247_7118     str      1      131.8589      0.0%
  DP_OP_2906J27_248_7118     str      1      131.8589      0.0%
  DP_OP_2907J27_249_7118     str      1      131.8589      0.0%
  DW01_add               apparch    128     2080.5120      0.0%
  DW01_add                pparch   9024   713538.3473      1.9%
  DW01_inc               apparch  16387   121818.0099      0.3%
  DW01_sub               apparch  16384   301400.0625      0.8%
  DW_cmp                 apparch  16389    68182.8741      0.2%
  DW_mult_uns            apparch   8320  1369395.6680      3.7%
  ---------------------- -------  ----- ------------- ---------
  DP_OP Subtotal:                   128    16834.8633      0.0%
  Total:                          66760  2593250.3371      7.0%

Subtotal of datapath(DP_OP) cell area:  16834.8633  0.0%  (estimated)
Total synthetic cell area:              2593250.3371  7.0%  (estimated)

1
